#
# A fatal error has been detected by the Java Runtime Environment:
#
#  SIGSEGV (0xb) at pc=0x00007fff9c50e4e9, pid=32492, tid=0x0000000000000a0b
#
# JRE version: Java(TM) SE Runtime Environment (8.0_102-b14) (build 1.8.0_102-b14)
# Java VM: Java HotSpot(TM) 64-Bit Server VM (25.102-b14 mixed mode bsd-amd64 compressed oops)
# Problematic frame:
# C  [libobjc.A.dylib+0x14e9]  objc_msgSend+0x29
#
# Failed to write core dump. Core dumps have been disabled. To enable core dumping, try "ulimit -c unlimited" before starting Java again
#
# If you would like to submit a bug report, please visit:
#   http://bugreport.java.com/bugreport/crash.jsp
# The crash happened outside the Java Virtual Machine in native code.
# See problematic frame for where to report the bug.
#

---------------  T H R E A D  ---------------

Current thread (0x00007fa80b05a800):  JavaThread "AWT-AppKit" daemon [_thread_in_native, id=2571, stack(0x00007fff5a812000,0x00007fff5b012000)]

siginfo: si_signo: 11 (SIGSEGV), si_code: 1 (SEGV_MAPERR), si_addr: 0x00000024f9014d0c

Registers:
RAX=0x00007fa8117b7ee0, RBX=0x000000017b606450, RCX=0x0000000124c992a0, RDX=0x0000000124c99680
RSP=0x00007fff5b00d2e8, RBP=0x00007fff5b00d3a0, RSI=0x00007fff8f935cde, RDI=0x00007fa8115022e0
R8 =0x0000000000000000, R9 =0x00000000000008b0, R10=0x00000024f9014d0c, R11=0x0000000123a60000
R12=0x0000000000000000, R13=0x0000000181b9a638, R14=0x000000017b606440, R15=0x00007fa80b05a800
RIP=0x00007fff9c50e4e9, EFLAGS=0x0000000000010206, ERR=0x0000000000000004
  TRAPNO=0x000000000000000e

Top of Stack: (sp=0x00007fff5b00d2e8)
0x00007fff5b00d2e8:   000000017b604157 00007fff5b00d340
0x00007fff5b00d2f8:   0000000000000003 00007fff5b00d320
0x00007fff5b00d308:   00000001061f2e32 0000000181b9a638
0x00007fff5b00d318:   0000000181b9a638 00007fa8117b7ee0
0x00007fff5b00d328:   000000017b6066a0 000000017b606710
0x00007fff5b00d338:   00007fff7ad9b770 00007fff77998500
0x00007fff5b00d348:   000000017b606450 000000017b606690
0x00007fff5b00d358:   00007fa8117b7ee0 00007fa8115022e0
0x00007fff5b00d368:   00007fa80a551810 00007fa8117b7ee0
0x00007fff5b00d378:   00007fa8115022e0 00007fff5b00d428
0x00007fff5b00d388:   00007fa80b05a9f8 0000000181b9a638
0x00007fff5b00d398:   00007fff5b00d450 00007fff5b00d418
0x00007fff5b00d3a8:   0000000106fb89d4 0000000181b9a638
0x00007fff5b00d3b8:   00007fff5b00d450 00007fff5b00d418
0x00007fff5b00d3c8:   0000000106fb8767 0000000106fb8722
0x00007fff5b00d3d8:   00007fff5b00d3d8 0000000181b9a638
0x00007fff5b00d3e8:   00007fff5b00d450 0000000181b9d270
0x00007fff5b00d3f8:   0000000000000000 0000000181b9a638
0x00007fff5b00d408:   0000000000000000 00007fff5b00d438
0x00007fff5b00d418:   00007fff5b00d498 0000000106fa92bd
0x00007fff5b00d428:   00000006c08b2c20 0000000106fb2538
0x00007fff5b00d438:   00007fa8117b7ee0 00007fff5b00d498
0x00007fff5b00d448:   00007fa8115022e0 0000000106fb3e02
0x00007fff5b00d458:   00007fff5b00d458 0000000181b9a802
0x00007fff5b00d468:   00007fff5b00d4c0 0000000181b9d270
0x00007fff5b00d478:   0000000000000000 0000000181b9a810
0x00007fff5b00d488:   00007fff5b00d438 00007fff5b00d4a8
0x00007fff5b00d498:   00007fff5b00d508 0000000106fa92bd
0x00007fff5b00d4a8:   00007fa8117b7ee0 00000006c061bad8
0x00007fff5b00d4b8:   00007fa8115022e0 00000006c061bad8
0x00007fff5b00d4c8:   00007fff5b00d4c8 0000000185a9f4fe
0x00007fff5b00d4d8:   00007fff5b00d518 0000000185a9f5b8 

Instructions: (pc=0x00007fff9c50e4e9)
0x00007fff9c50e4c9:   01 2e 75 66 49 bb f8 ff ff ff ff 7f 00 00 4c 23
0x00007fff9c50e4d9:   1f 49 89 f2 45 23 53 18 49 c1 e2 04 4d 03 53 10
0x00007fff9c50e4e9:   49 3b 32 75 04 41 ff 62 08 49 83 3a 01 76 0d 49
0x00007fff9c50e4f9:   83 c2 10 49 3b 32 75 f1 41 ff 62 08 72 40 4d 8b 

Register to memory mapping:

RAX=0x00007fa8117b7ee0 is an unknown value
RBX=0x000000017b606450: Java_jogamp_nativewindow_macosx_OSXUtil_GetScreenRefreshRate0+0x1cf0 in /private/var/folders/s0/99ys_lw53gq1_m9t_wd8qrhh0000gv/T/jogamp_0000/file_cache/jln247700809226895308/jln6728128321762229529/libnativewindow_macosx.jnilib at 0x000000017b5ff000
RCX=0x0000000124c992a0 is an unknown value
RDX=0x0000000124c99680 is an unknown value
RSP=0x00007fff5b00d2e8 is pointing into the stack for thread: 0x00007fa80b05a800
RBP=0x00007fff5b00d3a0 is pointing into the stack for thread: 0x00007fa80b05a800
RSI=0x00007fff8f935cde is an unknown value
RDI=0x00007fa8115022e0 is an unknown value
R8 =0x0000000000000000 is an unknown value
R9 =0x00000000000008b0 is an unknown value
R10=0x00000024f9014d0c is an unknown value
R11=0x0000000123a60000: range.100111+0x13af0 in /Library/Java/JavaVirtualMachines/jdk1.8.0_102.jdk/Contents/Home/jre/lib/libawt_lwawt.dylib at 0x00000001239f1000
R12=0x0000000000000000 is an unknown value
R13={method} {0x0000000181b9a638} 'UnsetJAWTRootSurfaceLayer0' '(JJ)V' in 'jogamp/nativewindow/jawt/macosx/MacOSXJAWTWindow'
R14=0x000000017b606440: Java_jogamp_nativewindow_macosx_OSXUtil_GetScreenRefreshRate0+0x1ce0 in /private/var/folders/s0/99ys_lw53gq1_m9t_wd8qrhh0000gv/T/jogamp_0000/file_cache/jln247700809226895308/jln6728128321762229529/libnativewindow_macosx.jnilib at 0x000000017b5ff000
R15=0x00007fa80b05a800 is a thread


Stack: [0x00007fff5a812000,0x00007fff5b012000],  sp=0x00007fff5b00d2e8,  free space=8172k
Native frames: (J=compiled Java code, j=interpreted, Vv=VM code, C=native code)
C  [libobjc.A.dylib+0x14e9]  objc_msgSend+0x29
j  jogamp.nativewindow.jawt.macosx.MacOSXJAWTWindow.UnsetJAWTRootSurfaceLayer0(JJ)V+0
j  jogamp.nativewindow.jawt.macosx.MacOSXJAWTWindow.access$200(JJ)V+2
j  jogamp.nativewindow.jawt.macosx.MacOSXJAWTWindow$1.run()V+38
J 2343 C1 com.jogamp.common.util.RunnableTask.run()V (345 bytes) @ 0x00000001077b9db4 [0x00000001077b9c20+0x194]
v  ~StubRoutines::call_stub
V  [libjvm.dylib+0x2ed5e2]  JavaCalls::call_helper(JavaValue*, methodHandle*, JavaCallArguments*, Thread*)+0x6ae
V  [libjvm.dylib+0x324771]  jni_invoke_nonstatic(JNIEnv_*, JavaValue*, _jobject*, JNICallType, _jmethodID*, JNI_ArgumentPusher*, Thread*)+0x2ec
V  [libjvm.dylib+0x316f3f]  jni_CallVoidMethod+0x16b
C  [libnativewindow_macosx.jnilib+0x5326]  Java_jogamp_nativewindow_jawt_macosx_MacOSXJAWTWindow_UnsetJAWTRootSurfaceLayer0+0x2b6
C  [Foundation+0x76fde]  __NSThreadPerformPerform+0x117
C  [CoreFoundation+0xaa881]  __CFRUNLOOP_IS_CALLING_OUT_TO_A_SOURCE0_PERFORM_FUNCTION__+0x11
C  [CoreFoundation+0x89f37]  __CFRunLoopDoSources0+0x1a7
C  [CoreFoundation+0x894df]  __CFRunLoopRun+0x39f
C  [CoreFoundation+0x88ed8]  CFRunLoopRunSpecific+0x128
C  [HIToolbox+0x30935]  RunCurrentEventLoopInMode+0xeb
C  [HIToolbox+0x30677]  ReceiveNextEventCommon+0xb8
C  [HIToolbox+0x305af]  _BlockUntilNextEventMatchingListInModeWithFilter+0x47
C  [AppKit+0x48df6]  _DPSNextEvent+0x42b
C  [AppKit+0x48226]  -[NSApplication _nextEventMatchingEventMask:untilDate:inMode:dequeue:]+0x1c6
C  [libosxapp.dylib+0x23aa]  -[NSApplicationAWT nextEventMatchingMask:untilDate:inMode:dequeue:]+0x7c
C  [AppKit+0x3cd80]  -[NSApplication run]+0x2aa
C  [libosxapp.dylib+0x214d]  +[NSApplicationAWT runAWTLoopWithApp:]+0x9c
C  [libawt_lwawt.dylib+0x444b3]  -[AWTStarter starter:]+0x389
C  [Foundation+0x76fde]  __NSThreadPerformPerform+0x117
C  [CoreFoundation+0xaa881]  __CFRUNLOOP_IS_CALLING_OUT_TO_A_SOURCE0_PERFORM_FUNCTION__+0x11
C  [CoreFoundation+0x89fbc]  __CFRunLoopDoSources0+0x22c
C  [CoreFoundation+0x894df]  __CFRunLoopRun+0x39f
C  [CoreFoundation+0x88ed8]  CFRunLoopRunSpecific+0x128
C  [java+0x6465]  CreateExecutionEnvironment+0x367
C  [java+0x218c]  JLI_Launch+0x7a0
C  [java+0x84c2]  main+0x65
C  [java+0x19e4]  start+0x34
C  0x0000000000000007

Java frames: (J=compiled Java code, j=interpreted, Vv=VM code)
j  jogamp.nativewindow.jawt.macosx.MacOSXJAWTWindow.UnsetJAWTRootSurfaceLayer0(JJ)V+0
j  jogamp.nativewindow.jawt.macosx.MacOSXJAWTWindow.access$200(JJ)V+2
j  jogamp.nativewindow.jawt.macosx.MacOSXJAWTWindow$1.run()V+38
J 2343 C1 com.jogamp.common.util.RunnableTask.run()V (345 bytes) @ 0x00000001077b9db4 [0x00000001077b9c20+0x194]
v  ~StubRoutines::call_stub

---------------  P R O C E S S  ---------------

Java Threads: ( => current thread )
  0x00007fa813841000 JavaThread "Thread-19" [_thread_blocked, id=35339, stack(0x0000700001762000,0x0000700001862000)]
  0x00007fa80e01a000 JavaThread "Keep-Alive-Timer" daemon [_thread_blocked, id=71683, stack(0x000070000240f000,0x000070000250f000)]
  0x00007fa80d331800 JavaThread "AWT-EventQueue-1" [_thread_in_native, id=65831, stack(0x0000700001f00000,0x0000700002000000)]
  0x00007fa80b903000 JavaThread "DestroyJavaVM" [_thread_blocked, id=5891, stack(0x000070000011a000,0x000070000021a000)]
  0x00007fa80d167000 JavaThread "AWT-EventQueue-0" [_thread_blocked, id=62479, stack(0x0000700001cfa000,0x0000700001dfa000)]
  0x00007fa80b8f2000 JavaThread "Java2D Disposer" daemon [_thread_blocked, id=57603, stack(0x0000700001a71000,0x0000700001b71000)]
  0x00007fa80b171800 JavaThread "Java2D Queue Flusher" daemon [_thread_blocked, id=52747, stack(0x000070000196e000,0x0000700001a6e000)]
  0x00007fa80a8b7000 JavaThread "AWT-Shutdown" [_thread_blocked, id=31507, stack(0x00007000015dc000,0x00007000016dc000)]
=>0x00007fa80b05a800 JavaThread "AWT-AppKit" daemon [_thread_in_native, id=2571, stack(0x00007fff5a812000,0x00007fff5b012000)]
  0x00007fa80d001000 JavaThread "Service Thread" daemon [_thread_blocked, id=20995, stack(0x00007000012d0000,0x00007000013d0000)]
  0x00007fa80a854800 JavaThread "C1 CompilerThread3" daemon [_thread_blocked, id=20483, stack(0x00007000011cd000,0x00007000012cd000)]
  0x00007fa80d028800 JavaThread "C2 CompilerThread2" daemon [_thread_blocked, id=19971, stack(0x00007000010ca000,0x00007000011ca000)]
  0x00007fa80a816000 JavaThread "C2 CompilerThread1" daemon [_thread_blocked, id=19459, stack(0x0000700000fc7000,0x00007000010c7000)]
  0x00007fa80b805000 JavaThread "C2 CompilerThread0" daemon [_thread_blocked, id=18947, stack(0x0000700000ec4000,0x0000700000fc4000)]
  0x00007fa80b803000 JavaThread "Signal Dispatcher" daemon [_thread_blocked, id=15887, stack(0x0000700000dc1000,0x0000700000ec1000)]
  0x00007fa80b015800 JavaThread "Finalizer" daemon [_thread_blocked, id=14339, stack(0x0000700000c3b000,0x0000700000d3b000)]
  0x00007fa80b012800 JavaThread "Reference Handler" daemon [_thread_blocked, id=13827, stack(0x0000700000b38000,0x0000700000c38000)]

Other Threads:
  0x00007fa80a839000 VMThread [stack: 0x0000700000a35000,0x0000700000b35000] [id=13315]
  0x00007fa80b019000 WatcherThread [stack: 0x00007000013d3000,0x00007000014d3000] [id=21507]

VM state:not at safepoint (normal execution)

VM Mutex/Monitor currently owned by a thread: None

Heap:
 PSYoungGen      total 76288K, used 2739K [0x000000076ab00000, 0x0000000774000000, 0x00000007c0000000)
  eden space 65536K, 4% used [0x000000076ab00000,0x000000076adace68,0x000000076eb00000)
  from space 10752K, 0% used [0x000000076eb00000,0x000000076eb00000,0x000000076f580000)
  to   space 10752K, 0% used [0x0000000773580000,0x0000000773580000,0x0000000774000000)
 ParOldGen       total 89088K, used 15821K [0x00000006c0000000, 0x00000006c5700000, 0x000000076ab00000)
  object space 89088K, 17% used [0x00000006c0000000,0x00000006c0f73500,0x00000006c5700000)
 Metaspace       used 20935K, capacity 21181K, committed 21552K, reserved 1069056K
  class space    used 2057K, capacity 2147K, committed 2176K, reserved 1048576K

Card table byte_map: [0x0000000116361000,0x0000000116b62000] byte_map_base: 0x0000000112d61000

Marking Bits: (ParMarkBitMap*) 0x00000001068efd20
 Begin Bits: [0x00000001170b8000, 0x000000011b0b8000)
 End Bits:   [0x000000011b0b8000, 0x000000011f0b8000)

Polling page: 0x0000000104eb1000

CodeCache: size=245760Kb used=8557Kb max_used=8569Kb free=237202Kb
 bounds [0x0000000106fa1000, 0x0000000107811000, 0x0000000115fa1000]
 total_blobs=3323 nmethods=2435 adapters=802
 compilation: enabled

Compilation events (10 events):
Event: 10.708 Thread 0x00007fa80a816000 nmethod 2430 0x00000001077ff790 code [0x00000001077ff900, 0x00000001077ffb08]
Event: 10.709 Thread 0x00007fa80d028800 nmethod 2431 0x00000001078032d0 code [0x0000000107803440, 0x0000000107803798]
Event: 10.744 Thread 0x00007fa80b805000 2432  s    4       sun.misc.URLClassPath::getNextLoader (88 bytes)
Event: 10.744 Thread 0x00007fa80a854800 2433   !   3       sun.lwawt.LWComponentPeer::isShowing (49 bytes)
Event: 10.745 Thread 0x00007fa80a854800 nmethod 2433 0x0000000107802550 code [0x0000000107802700, 0x0000000107803008]
Event: 10.749 Thread 0x00007fa80b805000 nmethod 2432 0x0000000107804610 code [0x0000000107804780, 0x0000000107804ef8]
Event: 10.755 Thread 0x00007fa80a854800 2434       1       java.awt.Component::getTreeLock (4 bytes)
Event: 10.755 Thread 0x00007fa80a854800 nmethod 2434 0x0000000107804350 code [0x00000001078044a0, 0x00000001078045b0]
Event: 10.755 Thread 0x00007fa80a854800 2435       1       sun.java2d.SurfaceData::isValid (5 bytes)
Event: 10.755 Thread 0x00007fa80a854800 nmethod 2435 0x0000000107804090 code [0x00000001078041e0, 0x00000001078042f0]

GC Heap History (8 events):
Event: 2.128 GC heap before
{Heap before GC invocations=1 (full 0):
 PSYoungGen      total 76288K, used 65536K [0x000000076ab00000, 0x0000000770000000, 0x00000007c0000000)
  eden space 65536K, 100% used [0x000000076ab00000,0x000000076eb00000,0x000000076eb00000)
  from space 10752K, 0% used [0x000000076f580000,0x000000076f580000,0x0000000770000000)
  to   space 10752K, 0% used [0x000000076eb00000,0x000000076eb00000,0x000000076f580000)
 ParOldGen       total 175104K, used 0K [0x00000006c0000000, 0x00000006cab00000, 0x000000076ab00000)
  object space 175104K, 0% used [0x00000006c0000000,0x00000006c0000000,0x00000006cab00000)
 Metaspace       used 19826K, capacity 20045K, committed 20352K, reserved 1067008K
  class space    used 2026K, capacity 2113K, committed 2176K, reserved 1048576K
Event: 2.136 GC heap after
Heap after GC invocations=1 (full 0):
 PSYoungGen      total 76288K, used 10743K [0x000000076ab00000, 0x0000000770000000, 0x00000007c0000000)
  eden space 65536K, 0% used [0x000000076ab00000,0x000000076ab00000,0x000000076eb00000)
  from space 10752K, 99% used [0x000000076eb00000,0x000000076f57dd90,0x000000076f580000)
  to   space 10752K, 0% used [0x000000076f580000,0x000000076f580000,0x0000000770000000)
 ParOldGen       total 175104K, used 4233K [0x00000006c0000000, 0x00000006cab00000, 0x000000076ab00000)
  object space 175104K, 2% used [0x00000006c0000000,0x00000006c0422538,0x00000006cab00000)
 Metaspace       used 19826K, capacity 20045K, committed 20352K, reserved 1067008K
  class space    used 2026K, capacity 2113K, committed 2176K, reserved 1048576K
}
Event: 10.641 GC heap before
{Heap before GC invocations=2 (full 0):
 PSYoungGen      total 76288K, used 76279K [0x000000076ab00000, 0x0000000770000000, 0x00000007c0000000)
  eden space 65536K, 100% used [0x000000076ab00000,0x000000076eb00000,0x000000076eb00000)
  from space 10752K, 99% used [0x000000076eb00000,0x000000076f57dd90,0x000000076f580000)
  to   space 10752K, 0% used [0x000000076f580000,0x000000076f580000,0x0000000770000000)
 ParOldGen       total 175104K, used 4233K [0x00000006c0000000, 0x00000006cab00000, 0x000000076ab00000)
  object space 175104K, 2% used [0x00000006c0000000,0x00000006c0422538,0x00000006cab00000)
 Metaspace       used 20908K, capacity 21117K, committed 21296K, reserved 1069056K
  class space    used 2050K, capacity 2147K, committed 2176K, reserved 1048576K
Event: 10.650 GC heap after
Heap after GC invocations=2 (full 0):
 PSYoungGen      total 76288K, used 10724K [0x000000076ab00000, 0x0000000770000000, 0x00000007c0000000)
  eden space 65536K, 0% used [0x000000076ab00000,0x000000076ab00000,0x000000076eb00000)
  from space 10752K, 99% used [0x000000076f580000,0x000000076fff9380,0x0000000770000000)
  to   space 10752K, 0% used [0x000000076eb00000,0x000000076eb00000,0x000000076f580000)
 ParOldGen       total 175104K, used 8019K [0x00000006c0000000, 0x00000006cab00000, 0x000000076ab00000)
  object space 175104K, 4% used [0x00000006c0000000,0x00000006c07d4dc8,0x00000006cab00000)
 Metaspace       used 20908K, capacity 21117K, committed 21296K, reserved 1069056K
  class space    used 2050K, capacity 2147K, committed 2176K, reserved 1048576K
}
Event: 10.675 GC heap before
{Heap before GC invocations=3 (full 0):
 PSYoungGen      total 76288K, used 13452K [0x000000076ab00000, 0x0000000770000000, 0x00000007c0000000)
  eden space 65536K, 4% used [0x000000076ab00000,0x000000076ada9da0,0x000000076eb00000)
  from space 10752K, 99% used [0x000000076f580000,0x000000076fff9380,0x0000000770000000)
  to   space 10752K, 0% used [0x000000076eb00000,0x000000076eb00000,0x000000076f580000)
 ParOldGen       total 175104K, used 8019K [0x00000006c0000000, 0x00000006cab00000, 0x000000076ab00000)
  object space 175104K, 4% used [0x00000006c0000000,0x00000006c07d4dc8,0x00000006cab00000)
 Metaspace       used 20910K, capacity 21117K, committed 21296K, reserved 1069056K
  class space    used 2051K, capacity 2147K, committed 2176K, reserved 1048576K
Event: 10.682 GC heap after
Heap after GC invocations=3 (full 0):
 PSYoungGen      total 76288K, used 10739K [0x000000076ab00000, 0x0000000774000000, 0x00000007c0000000)
  eden space 65536K, 0% used [0x000000076ab00000,0x000000076ab00000,0x000000076eb00000)
  from space 10752K, 99% used [0x000000076eb00000,0x000000076f57cc50,0x000000076f580000)
  to   space 10752K, 0% used [0x0000000773580000,0x0000000773580000,0x0000000774000000)
 ParOldGen       total 175104K, used 8035K [0x00000006c0000000, 0x00000006cab00000, 0x000000076ab00000)
  object space 175104K, 4% used [0x00000006c0000000,0x00000006c07d8dc8,0x00000006cab00000)
 Metaspace       used 20910K, capacity 21117K, committed 21296K, reserved 1069056K
  class space    used 2051K, capacity 2147K, committed 2176K, reserved 1048576K
}
Event: 10.682 GC heap before
{Heap before GC invocations=4 (full 1):
 PSYoungGen      total 76288K, used 10739K [0x000000076ab00000, 0x0000000774000000, 0x00000007c0000000)
  eden space 65536K, 0% used [0x000000076ab00000,0x000000076ab00000,0x000000076eb00000)
  from space 10752K, 99% used [0x000000076eb00000,0x000000076f57cc50,0x000000076f580000)
  to   space 10752K, 0% used [0x0000000773580000,0x0000000773580000,0x0000000774000000)
 ParOldGen       total 175104K, used 8035K [0x00000006c0000000, 0x00000006cab00000, 0x000000076ab00000)
  object space 175104K, 4% used [0x00000006c0000000,0x00000006c07d8dc8,0x00000006cab00000)
 Metaspace       used 20910K, capacity 21117K, committed 21296K, reserved 1069056K
  class space    used 2051K, capacity 2147K, committed 2176K, reserved 1048576K
Event: 10.704 GC heap after
Heap after GC invocations=4 (full 1):
 PSYoungGen      total 76288K, used 0K [0x000000076ab00000, 0x0000000774000000, 0x00000007c0000000)
  eden space 65536K, 0% used [0x000000076ab00000,0x000000076ab00000,0x000000076eb00000)
  from space 10752K, 0% used [0x000000076eb00000,0x000000076eb00000,0x000000076f580000)
  to   space 10752K, 0% used [0x0000000773580000,0x0000000773580000,0x0000000774000000)
 ParOldGen       total 89088K, used 15821K [0x00000006c0000000, 0x00000006c5700000, 0x000000076ab00000)
  object space 89088K, 17% used [0x00000006c0000000,0x00000006c0f73500,0x00000006c5700000)
 Metaspace       used 20910K, capacity 21117K, committed 21296K, reserved 1069056K
  class space    used 2051K, capacity 2147K, committed 2176K, reserved 1048576K
}

Deoptimization events (10 events):
Event: 1.975 Thread 0x00007fa80d331800 Uncommon trap: reason=unstable_if action=reinterpret pc=0x0000000107362c94 method=com.sun.org.apache.xerces.internal.impl.XMLEntityScanner.checkBeforeLoad(Lcom/sun/xml/internal/stream/Entity$ScannedEntity;II)I @ 18
Event: 1.982 Thread 0x00007fa80d331800 Uncommon trap: reason=unstable_if action=reinterpret pc=0x0000000107384eec method=com.sun.org.apache.xerces.internal.impl.XMLEntityScanner.skipSpaces()Z @ 14
Event: 1.984 Thread 0x00007fa80d331800 Uncommon trap: reason=unstable_if action=reinterpret pc=0x0000000107377600 method=com.sun.org.apache.xerces.internal.impl.XMLEntityScanner.peekChar()I @ 14
Event: 2.102 Thread 0x00007fa80d331800 Uncommon trap: reason=unstable_if action=reinterpret pc=0x000000010741267c method=com.jogamp.common.util.IntIntHashMap.get(I)I @ 28
Event: 2.224 Thread 0x00007fa80d331800 Uncommon trap: reason=unstable_if action=reinterpret pc=0x00000001074d79b4 method=processing.opengl.Texture.convertToRGBA([IIII)V @ 281
Event: 2.225 Thread 0x00007fa80e01b000 Uncommon trap: reason=unstable_if action=reinterpret pc=0x00000001074cf4b0 method=sun.awt.image.PNGImageDecoder.produceImage()V @ 867
Event: 10.706 Thread 0x00007fa80d167000 Uncommon trap: reason=unstable_if action=reinterpret pc=0x000000010778fe8c method=java.awt.font.FontRenderContext.equals(Ljava/awt/font/FontRenderContext;)Z @ 2
Event: 10.742 Thread 0x00007fa80b8fd800 Uncommon trap: reason=unstable_if action=reinterpret pc=0x00000001073e3720 method=java.util.HashMap.putVal(ILjava/lang/Object;Ljava/lang/Object;ZZ)Ljava/lang/Object; @ 81
Event: 10.743 Thread 0x00007fa80d167000 Uncommon trap: reason=unstable_if action=reinterpret pc=0x0000000107786a38 method=java.awt.font.FontRenderContext.equals(Ljava/awt/font/FontRenderContext;)Z @ 2
Event: 10.755 Thread 0x00007fa813841000 Uncommon trap: reason=predicate action=maybe_recompile pc=0x00000001076d18e0 method=java.util.Vector.indexOf(Ljava/lang/Object;I)I @ 44

Internal exceptions (10 events):
Event: 0.105 Thread 0x00007fa80b004800 Exception <a 'java/lang/NoSuchFieldError': method resolution failed> (0x000000076ada7408) thrown at [/Users/java_re/workspace/8-2-build-macosx-x86_64/jdk8u102/7268/hotspot/src/share/vm/prims/methodHandles.cpp, line 1146]
Event: 0.107 Thread 0x00007fa80b004800 Exception <a 'java/lang/NoSuchFieldError': method resolution failed> (0x000000076adb4bd8) thrown at [/Users/java_re/workspace/8-2-build-macosx-x86_64/jdk8u102/7268/hotspot/src/share/vm/prims/methodHandles.cpp, line 1146]
Event: 0.213 Thread 0x00007fa80b004800 Exception <a 'java/io/FileNotFoundException'> (0x000000076ae30418) thrown at [/Users/java_re/workspace/8-2-build-macosx-x86_64/jdk8u102/7268/hotspot/src/share/vm/prims/jni.cpp, line 709]
Event: 0.213 Thread 0x00007fa80b004800 Exception <a 'java/io/FileNotFoundException'> (0x000000076ae30f98) thrown at [/Users/java_re/workspace/8-2-build-macosx-x86_64/jdk8u102/7268/hotspot/src/share/vm/prims/jni.cpp, line 709]
Event: 0.300 Thread 0x00007fa80b004800 Exception <a 'java/io/FileNotFoundException'> (0x000000076aec5fa8) thrown at [/Users/java_re/workspace/8-2-build-macosx-x86_64/jdk8u102/7268/hotspot/src/share/vm/prims/jni.cpp, line 709]
Event: 1.184 Thread 0x00007fa80b173000 Exception <a 'java/lang/UnsatisfiedLinkError': com.jogamp.common.util.JarUtil.fixNativeLibAttribs(Ljava/lang/String;)Z> (0x000000076c6443f0) thrown at [/Users/java_re/workspace/8-2-build-macosx-x86_64/jdk8u102/7268/hotspot/src/share/vm/prims/nativeLookup.
Event: 1.854 Thread 0x00007fa80d331800 Exception <a 'java/io/FileNotFoundException'> (0x000000076d6a5c40) thrown at [/Users/java_re/workspace/8-2-build-macosx-x86_64/jdk8u102/7268/hotspot/src/share/vm/prims/jni.cpp, line 709]
Event: 1.855 Thread 0x00007fa80d331800 Exception <a 'java/io/FileNotFoundException'> (0x000000076d6abf40) thrown at [/Users/java_re/workspace/8-2-build-macosx-x86_64/jdk8u102/7268/hotspot/src/share/vm/prims/jni.cpp, line 709]
Event: 1.855 Thread 0x00007fa80d331800 Implicit null exception at 0x0000000107146e76 to 0x0000000107147245
Event: 2.138 Thread 0x00007fa80b015800 Exception <a 'java/lang/NullPointerException'> (0x000000076ae481a0) thrown at [/Users/java_re/workspace/8-2-build-macosx-x86_64/jdk8u102/7268/hotspot/src/share/vm/interpreter/linkResolver.cpp, line 1178]

Events (10 events):
Event: 10.755 loading class java/awt/event/AWTEventListenerProxy
Event: 10.755 loading class java/awt/event/AWTEventListenerProxy done
Event: 10.755 loading class java/awt/Toolkit$ToolkitEventMulticaster
Event: 10.755 loading class java/awt/Toolkit$ToolkitEventMulticaster done
Event: 10.755 Thread 0x00007fa80b8fd800 Thread exited: 0x00007fa80b8fd800
Event: 10.755 Thread 0x00007fa813841000 Uncommon trap: trap_request=0xffffff86 fr.pc=0x00000001076d18e0
Event: 10.755 Thread 0x00007fa813841000 DEOPT PACKING pc=0x00000001076d18e0 sp=0x00007000018617f0
Event: 10.755 Thread 0x00007fa813841000 DEOPT UNPACKING pc=0x0000000106fa6229 sp=0x00007000018617a0 mode 2
Event: 10.755 loading class java/awt/Window$1DisposeAction
Event: 10.755 loading class java/awt/Window$1DisposeAction done


Dynamic libraries:
0x00000000075dd000 	/System/Library/Frameworks/Cocoa.framework/Versions/A/Cocoa
0x00000000075dd000 	/System/Library/Frameworks/Security.framework/Versions/A/Security
0x00000000075dd000 	/System/Library/Frameworks/ApplicationServices.framework/Versions/A/ApplicationServices
0x00000000075dd000 	/usr/lib/libz.1.dylib
0x00000000075dd000 	/usr/lib/libSystem.B.dylib
0x00000000075dd000 	/usr/lib/libobjc.A.dylib
0x00000000075dd000 	/System/Library/Frameworks/CoreFoundation.framework/Versions/A/CoreFoundation
0x00000000075dd000 	/System/Library/Frameworks/Foundation.framework/Versions/C/Foundation
0x00000000075dd000 	/System/Library/Frameworks/AppKit.framework/Versions/C/AppKit
0x00000000075dd000 	/System/Library/Frameworks/CoreData.framework/Versions/A/CoreData
0x00000000075dd000 	/System/Library/PrivateFrameworks/RemoteViewServices.framework/Versions/A/RemoteViewServices
0x00000000075dd000 	/System/Library/PrivateFrameworks/UIFoundation.framework/Versions/A/UIFoundation
0x00000000075dd000 	/usr/lib/libScreenReader.dylib
0x00000000075dd000 	/System/Library/Frameworks/Accelerate.framework/Versions/A/Accelerate
0x00000000075dd000 	/System/Library/Frameworks/IOSurface.framework/Versions/A/IOSurface
0x00000000075dd000 	/System/Library/Frameworks/AudioToolbox.framework/Versions/A/AudioToolbox
0x00000000075dd000 	/System/Library/Frameworks/AudioUnit.framework/Versions/A/AudioUnit
0x00000000075dd000 	/System/Library/PrivateFrameworks/DataDetectorsCore.framework/Versions/A/DataDetectorsCore
0x00000000075dd000 	/System/Library/PrivateFrameworks/DesktopServicesPriv.framework/Versions/A/DesktopServicesPriv
0x00000000075dd000 	/System/Library/Frameworks/Carbon.framework/Versions/A/Frameworks/HIToolbox.framework/Versions/A/HIToolbox
0x00000000075dd000 	/System/Library/Frameworks/QuartzCore.framework/Versions/A/QuartzCore
0x00000000075dd000 	/System/Library/Frameworks/Carbon.framework/Versions/A/Frameworks/SpeechRecognition.framework/Versions/A/SpeechRecognition
0x00000000075dd000 	/usr/lib/libauto.dylib
0x00000000075dd000 	/usr/lib/libicucore.A.dylib
0x00000000075dd000 	/usr/lib/libxml2.2.dylib
0x00000000075dd000 	/System/Library/PrivateFrameworks/CoreUI.framework/Versions/A/CoreUI
0x00000000075dd000 	/System/Library/Frameworks/CoreAudio.framework/Versions/A/CoreAudio
0x00000000075dd000 	/System/Library/Frameworks/DiskArbitration.framework/Versions/A/DiskArbitration
0x00000000075dd000 	/usr/lib/liblangid.dylib
0x00000000075dd000 	/System/Library/PrivateFrameworks/MultitouchSupport.framework/Versions/A/MultitouchSupport
0x00000000075dd000 	/System/Library/Frameworks/IOKit.framework/Versions/A/IOKit
0x00000000075dd000 	/usr/lib/libDiagnosticMessagesClient.dylib
0x00000000075dd000 	/System/Library/Frameworks/CoreServices.framework/Versions/A/CoreServices
0x00000000075dd000 	/System/Library/PrivateFrameworks/PerformanceAnalysis.framework/Versions/A/PerformanceAnalysis
0x00000000075dd000 	/System/Library/PrivateFrameworks/GenerationalStorage.framework/Versions/A/GenerationalStorage
0x00000000075dd000 	/System/Library/Frameworks/OpenGL.framework/Versions/A/OpenGL
0x00000000075dd000 	/System/Library/PrivateFrameworks/Sharing.framework/Versions/A/Sharing
0x00000000075dd000 	/System/Library/Frameworks/CoreGraphics.framework/Versions/A/CoreGraphics
0x00000000075dd000 	/System/Library/Frameworks/CoreImage.framework/Versions/A/CoreImage
0x00000000075dd000 	/System/Library/Frameworks/CoreText.framework/Versions/A/CoreText
0x00000000075dd000 	/System/Library/Frameworks/ImageIO.framework/Versions/A/ImageIO
0x00000000075dd000 	/System/Library/PrivateFrameworks/Backup.framework/Versions/A/Backup
0x00000000075dd000 	/usr/lib/libextension.dylib
0x00000000075dd000 	/usr/lib/libarchive.2.dylib
0x00000000075dd000 	/System/Library/Frameworks/CFNetwork.framework/Versions/A/CFNetwork
0x00000000075dd000 	/System/Library/Frameworks/SystemConfiguration.framework/Versions/A/SystemConfiguration
0x00000000075dd000 	/usr/lib/libCRFSuite.dylib
0x00000000075dd000 	/usr/lib/libc++.1.dylib
0x00000000075dd000 	/usr/lib/libc++abi.dylib
0x00000000075dd000 	/usr/lib/system/libcache.dylib
0x00000000075dd000 	/usr/lib/system/libcommonCrypto.dylib
0x00000000075dd000 	/usr/lib/system/libcompiler_rt.dylib
0x00000000075dd000 	/usr/lib/system/libcopyfile.dylib
0x00000000075dd000 	/usr/lib/system/libcorecrypto.dylib
0x00000000075dd000 	/usr/lib/system/libdispatch.dylib
0x00000000075dd000 	/usr/lib/system/libdyld.dylib
0x00000000075dd000 	/usr/lib/system/libkeymgr.dylib
0x00000000075dd000 	/usr/lib/system/liblaunch.dylib
0x00000000075dd000 	/usr/lib/system/libmacho.dylib
0x00000000075dd000 	/usr/lib/system/libquarantine.dylib
0x00000000075dd000 	/usr/lib/system/libremovefile.dylib
0x00000000075dd000 	/usr/lib/system/libsystem_asl.dylib
0x00000000075dd000 	/usr/lib/system/libsystem_blocks.dylib
0x00000000075dd000 	/usr/lib/system/libsystem_c.dylib
0x00000000075dd000 	/usr/lib/system/libsystem_configuration.dylib
0x00000000075dd000 	/usr/lib/system/libsystem_coreservices.dylib
0x00000000075dd000 	/usr/lib/system/libsystem_coretls.dylib
0x00000000075dd000 	/usr/lib/system/libsystem_dnssd.dylib
0x00000000075dd000 	/usr/lib/system/libsystem_info.dylib
0x00000000075dd000 	/usr/lib/system/libsystem_kernel.dylib
0x00000000075dd000 	/usr/lib/system/libsystem_m.dylib
0x00000000075dd000 	/usr/lib/system/libsystem_malloc.dylib
0x00000000075dd000 	/usr/lib/system/libsystem_network.dylib
0x00000000075dd000 	/usr/lib/system/libsystem_networkextension.dylib
0x00000000075dd000 	/usr/lib/system/libsystem_notify.dylib
0x00000000075dd000 	/usr/lib/system/libsystem_platform.dylib
0x00000000075dd000 	/usr/lib/system/libsystem_pthread.dylib
0x00000000075dd000 	/usr/lib/system/libsystem_sandbox.dylib
0x00000000075dd000 	/usr/lib/system/libsystem_secinit.dylib
0x00000000075dd000 	/usr/lib/system/libsystem_trace.dylib
0x00000000075dd000 	/usr/lib/system/libunc.dylib
0x00000000075dd000 	/usr/lib/system/libunwind.dylib
0x00000000075dd000 	/usr/lib/system/libxpc.dylib
0x00000000075dd000 	/usr/lib/libenergytrace.dylib
0x00000000075dd000 	/usr/lib/libbsm.0.dylib
0x00000000075dd000 	/usr/lib/system/libkxld.dylib
0x00000000075dd000 	/usr/lib/libxar.1.dylib
0x00000000075dd000 	/usr/lib/libsqlite3.dylib
0x00000000075dd000 	/usr/lib/libpam.2.dylib
0x00000000075dd000 	/usr/lib/libOpenScriptingUtil.dylib
0x00000000075dd000 	/usr/lib/libbz2.1.0.dylib
0x00000000075dd000 	/usr/lib/liblzma.5.dylib
0x00000000075dd000 	/System/Library/Frameworks/CoreServices.framework/Versions/A/Frameworks/FSEvents.framework/Versions/A/FSEvents
0x00000000075dd000 	/System/Library/Frameworks/CoreServices.framework/Versions/A/Frameworks/CarbonCore.framework/Versions/A/CarbonCore
0x00000000075dd000 	/System/Library/Frameworks/CoreServices.framework/Versions/A/Frameworks/Metadata.framework/Versions/A/Metadata
0x00000000075dd000 	/System/Library/Frameworks/CoreServices.framework/Versions/A/Frameworks/OSServices.framework/Versions/A/OSServices
0x00000000075dd000 	/System/Library/Frameworks/CoreServices.framework/Versions/A/Frameworks/SearchKit.framework/Versions/A/SearchKit
0x00000000075dd000 	/System/Library/Frameworks/CoreServices.framework/Versions/A/Frameworks/AE.framework/Versions/A/AE
0x00000000075dd000 	/System/Library/Frameworks/CoreServices.framework/Versions/A/Frameworks/LaunchServices.framework/Versions/A/LaunchServices
0x00000000075dd000 	/System/Library/Frameworks/CoreServices.framework/Versions/A/Frameworks/DictionaryServices.framework/Versions/A/DictionaryServices
0x00000000075dd000 	/System/Library/Frameworks/CoreServices.framework/Versions/A/Frameworks/SharedFileList.framework/Versions/A/SharedFileList
0x00000000075dd000 	/System/Library/Frameworks/NetFS.framework/Versions/A/NetFS
0x00000000075dd000 	/System/Library/PrivateFrameworks/NetAuth.framework/Versions/A/NetAuth
0x00000000075dd000 	/System/Library/PrivateFrameworks/login.framework/Versions/A/Frameworks/loginsupport.framework/Versions/A/loginsupport
0x00000000075dd000 	/System/Library/PrivateFrameworks/TCC.framework/Versions/A/TCC
0x00000000075dd000 	/usr/lib/libmecabra.dylib
0x00000000075dd000 	/System/Library/Frameworks/ApplicationServices.framework/Versions/A/Frameworks/ATS.framework/Versions/A/ATS
0x00000000075dd000 	/System/Library/Frameworks/ApplicationServices.framework/Versions/A/Frameworks/ColorSync.framework/Versions/A/ColorSync
0x00000000075dd000 	/System/Library/Frameworks/ApplicationServices.framework/Versions/A/Frameworks/HIServices.framework/Versions/A/HIServices
0x00000000075dd000 	/System/Library/Frameworks/ApplicationServices.framework/Versions/A/Frameworks/LangAnalysis.framework/Versions/A/LangAnalysis
0x00000000075dd000 	/System/Library/Frameworks/ApplicationServices.framework/Versions/A/Frameworks/PrintCore.framework/Versions/A/PrintCore
0x00000000075dd000 	/System/Library/Frameworks/ApplicationServices.framework/Versions/A/Frameworks/QD.framework/Versions/A/QD
0x00000000075dd000 	/System/Library/Frameworks/ApplicationServices.framework/Versions/A/Frameworks/SpeechSynthesis.framework/Versions/A/SpeechSynthesis
0x00000000075dd000 	/System/Library/Frameworks/Metal.framework/Versions/A/Metal
0x00000000075dd000 	/System/Library/Frameworks/Accelerate.framework/Versions/A/Frameworks/vImage.framework/Versions/A/vImage
0x00000000075dd000 	/System/Library/Frameworks/Accelerate.framework/Versions/A/Frameworks/vecLib.framework/Versions/A/vecLib
0x00000000075dd000 	/System/Library/Frameworks/Accelerate.framework/Versions/A/Frameworks/vecLib.framework/Versions/A/libvDSP.dylib
0x00000000075dd000 	/System/Library/Frameworks/Accelerate.framework/Versions/A/Frameworks/vecLib.framework/Versions/A/libvMisc.dylib
0x00000000075dd000 	/System/Library/Frameworks/Accelerate.framework/Versions/A/Frameworks/vecLib.framework/Versions/A/libLAPACK.dylib
0x00000000075dd000 	/System/Library/Frameworks/Accelerate.framework/Versions/A/Frameworks/vecLib.framework/Versions/A/libBLAS.dylib
0x00000000075dd000 	/System/Library/Frameworks/Accelerate.framework/Versions/A/Frameworks/vecLib.framework/Versions/A/libLinearAlgebra.dylib
0x00000000075dd000 	/System/Library/Frameworks/Accelerate.framework/Versions/A/Frameworks/vecLib.framework/Versions/A/libSparseBLAS.dylib
0x00000000075dd000 	/System/Library/PrivateFrameworks/GPUCompiler.framework/libmetal_timestamp.dylib
0x00000000075dd000 	/System/Library/Frameworks/OpenGL.framework/Versions/A/Libraries/libCoreFSCache.dylib
0x00000000075dd000 	/System/Library/PrivateFrameworks/IOAccelerator.framework/Versions/A/IOAccelerator
0x00000000075dd000 	/System/Library/Frameworks/ApplicationServices.framework/Versions/A/Frameworks/ATS.framework/Versions/A/Resources/libFontParser.dylib
0x00000000075dd000 	/System/Library/Frameworks/ApplicationServices.framework/Versions/A/Frameworks/ATS.framework/Versions/A/Resources/libFontRegistry.dylib
0x00000000075dd000 	/System/Library/PrivateFrameworks/AppleVPA.framework/Versions/A/AppleVPA
0x00000000075dd000 	/System/Library/PrivateFrameworks/AppleJPEG.framework/Versions/A/AppleJPEG
0x00000000075dd000 	/System/Library/Frameworks/ImageIO.framework/Versions/A/Resources/libJPEG.dylib
0x00000000075dd000 	/System/Library/Frameworks/ImageIO.framework/Versions/A/Resources/libTIFF.dylib
0x00000000075dd000 	/System/Library/Frameworks/ImageIO.framework/Versions/A/Resources/libPng.dylib
0x00000000075dd000 	/System/Library/Frameworks/ImageIO.framework/Versions/A/Resources/libGIF.dylib
0x00000000075dd000 	/System/Library/Frameworks/ImageIO.framework/Versions/A/Resources/libJP2.dylib
0x00000000075dd000 	/System/Library/Frameworks/ImageIO.framework/Versions/A/Resources/libRadiance.dylib
0x00000000075dd000 	/System/Library/Frameworks/CoreVideo.framework/Versions/A/CoreVideo
0x00000000075dd000 	/System/Library/Frameworks/OpenGL.framework/Versions/A/Libraries/libGLU.dylib
0x00000000075dd000 	/System/Library/Frameworks/OpenGL.framework/Versions/A/Libraries/libGFXShared.dylib
0x00000000075dd000 	/System/Library/Frameworks/OpenGL.framework/Versions/A/Libraries/libGL.dylib
0x00000000075dd000 	/System/Library/Frameworks/OpenGL.framework/Versions/A/Libraries/libGLImage.dylib
0x00000000075dd000 	/System/Library/Frameworks/OpenGL.framework/Versions/A/Libraries/libCVMSPluginSupport.dylib
0x00000000075dd000 	/System/Library/Frameworks/OpenGL.framework/Versions/A/Libraries/libCoreVMClient.dylib
0x00000000075dd000 	/usr/lib/libcompression.dylib
0x00000000075dd000 	/usr/lib/libcups.2.dylib
0x00000000075dd000 	/System/Library/Frameworks/Kerberos.framework/Versions/A/Kerberos
0x00000000075dd000 	/System/Library/Frameworks/GSS.framework/Versions/A/GSS
0x00000000075dd000 	/usr/lib/libresolv.9.dylib
0x00000000075dd000 	/usr/lib/libiconv.2.dylib
0x00000000075dd000 	/System/Library/PrivateFrameworks/Heimdal.framework/Versions/A/Heimdal
0x00000000075dd000 	/usr/lib/libheimdal-asn1.dylib
0x00000000075dd000 	/System/Library/Frameworks/OpenDirectory.framework/Versions/A/OpenDirectory
0x00000000075dd000 	/System/Library/PrivateFrameworks/CommonAuth.framework/Versions/A/CommonAuth
0x00000000075dd000 	/System/Library/Frameworks/OpenDirectory.framework/Versions/A/Frameworks/CFOpenDirectory.framework/Versions/A/CFOpenDirectory
0x00000000075dd000 	/System/Library/Frameworks/SecurityFoundation.framework/Versions/A/SecurityFoundation
0x00000000075dd000 	/System/Library/PrivateFrameworks/LanguageModeling.framework/Versions/A/LanguageModeling
0x00000000075dd000 	/usr/lib/libmarisa.dylib
0x00000000075dd000 	/usr/lib/libChineseTokenizer.dylib
0x00000000075dd000 	/usr/lib/libcmph.dylib
0x00000000075dd000 	/System/Library/Frameworks/ServiceManagement.framework/Versions/A/ServiceManagement
0x00000000075dd000 	/usr/lib/libxslt.1.dylib
0x00000000075dd000 	/System/Library/Frameworks/Carbon.framework/Versions/A/Frameworks/Ink.framework/Versions/A/Ink
0x00000000075dd000 	/usr/lib/libFosl_dynamic.dylib
0x00000000075dd000 	/System/Library/PrivateFrameworks/FaceCore.framework/Versions/A/FaceCore
0x00000000075dd000 	/System/Library/Frameworks/OpenCL.framework/Versions/A/OpenCL
0x00000000075dd000 	/System/Library/PrivateFrameworks/CrashReporterSupport.framework/Versions/A/CrashReporterSupport
0x00000000075dd000 	/System/Library/PrivateFrameworks/IconServices.framework/Versions/A/IconServices
0x00000000075dd000 	/System/Library/PrivateFrameworks/Apple80211.framework/Versions/A/Apple80211
0x00000000075dd000 	/System/Library/Frameworks/CoreWLAN.framework/Versions/A/CoreWLAN
0x00000000075dd000 	/System/Library/Frameworks/IOBluetooth.framework/Versions/A/IOBluetooth
0x00000000075dd000 	/System/Library/PrivateFrameworks/CoreWiFi.framework/Versions/A/CoreWiFi
0x00000000075dd000 	/System/Library/Frameworks/CoreBluetooth.framework/Versions/A/CoreBluetooth
0x00000000075dd000 	/System/Library/PrivateFrameworks/ChunkingLibrary.framework/Versions/A/ChunkingLibrary
0x00000000075dd000 	/System/Library/PrivateFrameworks/DebugSymbols.framework/Versions/A/DebugSymbols
0x00000000075dd000 	/System/Library/PrivateFrameworks/CoreSymbolication.framework/Versions/A/CoreSymbolication
0x00000000075dd000 	/System/Library/PrivateFrameworks/Symbolication.framework/Versions/A/Symbolication
0x00000000075dd000 	/System/Library/PrivateFrameworks/SpeechRecognitionCore.framework/Versions/A/SpeechRecognitionCore
0x0000000106000000 	/Library/Java/JavaVirtualMachines/jdk1.8.0_102.jdk/Contents/Home/jre/lib/server/libjvm.dylib
0x00000000075dd000 	/usr/lib/libstdc++.6.dylib
0x0000000104e6e000 	/Library/Java/JavaVirtualMachines/jdk1.8.0_102.jdk/Contents/Home/jre/lib/libverify.dylib
0x0000000104e7c000 	/Library/Java/JavaVirtualMachines/jdk1.8.0_102.jdk/Contents/Home/jre/lib/libjava.dylib
0x0000000104ebb000 	/Library/Java/JavaVirtualMachines/jdk1.8.0_102.jdk/Contents/Home/jre/lib/libzip.dylib
0x0000000121f33000 	/System/Library/Frameworks/JavaVM.framework/Frameworks/JavaRuntimeSupport.framework/JavaRuntimeSupport
0x0000000104fe9000 	/System/Library/Frameworks/JavaVM.framework/Versions/A/Frameworks/JavaNativeFoundation.framework/Versions/A/JavaNativeFoundation
0x0000000121f4e000 	/System/Library/Frameworks/JavaVM.framework/Versions/A/JavaVM
0x00000000075dd000 	/System/Library/Frameworks/Carbon.framework/Versions/A/Carbon
0x0000000121f5b000 	/System/Library/PrivateFrameworks/JavaLaunching.framework/Versions/A/JavaLaunching
0x00000000075dd000 	/System/Library/Frameworks/Carbon.framework/Versions/A/Frameworks/CommonPanels.framework/Versions/A/CommonPanels
0x00000000075dd000 	/System/Library/Frameworks/Carbon.framework/Versions/A/Frameworks/Help.framework/Versions/A/Help
0x00000000075dd000 	/System/Library/Frameworks/Carbon.framework/Versions/A/Frameworks/ImageCapture.framework/Versions/A/ImageCapture
0x00000000075dd000 	/System/Library/Frameworks/Carbon.framework/Versions/A/Frameworks/OpenScripting.framework/Versions/A/OpenScripting
0x00000000075dd000 	/System/Library/Frameworks/Carbon.framework/Versions/A/Frameworks/Print.framework/Versions/A/Print
0x00000000075dd000 	/System/Library/Frameworks/Carbon.framework/Versions/A/Frameworks/SecurityHI.framework/Versions/A/SecurityHI
0x000000012387d000 	/Library/Java/JavaVirtualMachines/jdk1.8.0_102.jdk/Contents/Home/jre/lib/libawt.dylib
0x0000000123925000 	/Library/Java/JavaVirtualMachines/jdk1.8.0_102.jdk/Contents/Home/jre/lib/./libmlib_image.dylib
0x00000001239f1000 	/Library/Java/JavaVirtualMachines/jdk1.8.0_102.jdk/Contents/Home/jre/lib/libawt_lwawt.dylib
0x0000000123aa6000 	/Library/Java/JavaVirtualMachines/jdk1.8.0_102.jdk/Contents/Home/jre/lib/./libosxapp.dylib
0x00000000075dd000 	/System/Library/Frameworks/ExceptionHandling.framework/Versions/A/ExceptionHandling
0x00000000075dd000 	/System/Library/PrivateFrameworks/CoreServicesInternal.framework/Versions/A/CoreServicesInternal
0x00000000075dd000 	/System/Library/Frameworks/CoreGraphics.framework/Versions/A/Resources/libRIP.A.dylib
0x00000000075dd000 	/System/Library/Frameworks/Accelerate.framework/Versions/A/Frameworks/vImage.framework/Versions/A/Libraries/libCGInterfaces.dylib
0x00000000075dd000 	/System/Library/Frameworks/CoreGraphics.framework/Versions/A/Resources/libCGXType.A.dylib
0x00000000075dd000 	/System/Library/Frameworks/OpenCL.framework/Versions/A/Libraries/libcldcpuengine.dylib
0x00000000075dd000 	/System/Library/PrivateFrameworks/DiskImages.framework/Versions/A/DiskImages
0x00000000075dd000 	/System/Library/Frameworks/DiscRecording.framework/Versions/A/DiscRecording
0x00000000075dd000 	/usr/lib/libcsfde.dylib
0x00000000075dd000 	/usr/lib/libcurl.4.dylib
0x00000000075dd000 	/System/Library/PrivateFrameworks/MediaKit.framework/Versions/A/MediaKit
0x00000000075dd000 	/System/Library/PrivateFrameworks/ProtectedCloudStorage.framework/Versions/A/ProtectedCloudStorage
0x00000000075dd000 	/usr/lib/libCoreStorage.dylib
0x00000000075dd000 	/System/Library/PrivateFrameworks/EFILogin.framework/Versions/A/EFILogin
0x00000000075dd000 	/usr/lib/libutil.dylib
0x00000000075dd000 	/System/Library/PrivateFrameworks/FindMyDevice.framework/Versions/A/FindMyDevice
0x00000000075dd000 	/System/Library/Frameworks/LDAP.framework/Versions/A/LDAP
0x00000000075dd000 	/usr/lib/libsasl2.2.dylib
0x00000000075dd000 	/System/Library/PrivateFrameworks/CoreDaemon.framework/Versions/B/CoreDaemon
0x00000000075dd000 	/usr/lib/libcrypto.0.9.8.dylib
0x00000000075dd000 	/System/Library/PrivateFrameworks/AppleSRP.framework/Versions/A/AppleSRP
0x00000000075dd000 	/System/Library/PrivateFrameworks/TrustEvaluationAgent.framework/Versions/A/TrustEvaluationAgent
0x00000001256e3000 	cl_kernels
0x00000000075dd000 	/System/Library/Frameworks/OpenCL.framework/Versions/A/Libraries/ImageFormats/unorm8_bgra.dylib
0x00000000075dd000 	/System/Library/Frameworks/OpenCL.framework/Versions/A/Libraries/ImageFormats/unorm8_rgba.dylib
0x00000000075dd000 	/System/Library/PrivateFrameworks/FamilyControls.framework/Versions/A/FamilyControls
0x00000000075dd000 	/System/Library/PrivateFrameworks/CommerceKit.framework/Versions/A/Frameworks/CommerceCore.framework/Versions/A/CommerceCore
0x00000000075dd000 	/System/Library/PrivateFrameworks/SystemAdministration.framework/Versions/A/SystemAdministration
0x00000000075dd000 	/System/Library/PrivateFrameworks/AppContainer.framework/Versions/A/AppContainer
0x00000000075dd000 	/System/Library/PrivateFrameworks/SecCodeWrapper.framework/Versions/A/SecCodeWrapper
0x00000000075dd000 	/System/Library/Frameworks/DirectoryService.framework/Versions/A/DirectoryService
0x00000000075dd000 	/System/Library/PrivateFrameworks/LoginUIKit.framework/Versions/A/Frameworks/LoginUICore.framework/Versions/A/LoginUICore
0x00000000075dd000 	/usr/lib/libodfde.dylib
0x00000000075dd000 	/System/Library/Frameworks/OpenGL.framework/Versions/A/Resources/GLEngine.bundle/GLEngine
0x00000000075dd000 	/System/Library/Frameworks/OpenGL.framework/Versions/A/Libraries/libGLProgrammability.dylib
0x00000001267fc000 	/System/Library/Extensions/AppleIntelHD5000GraphicsGLDriver.bundle/Contents/MacOS/AppleIntelHD5000GraphicsGLDriver
0x00000000075dd000 	/System/Library/PrivateFrameworks/GPUSupport.framework/Versions/A/Libraries/libGPUSupportMercury.dylib
0x00000000075dd000 	/System/Library/Extensions/GeForceGLDriver.bundle/Contents/MacOS/GeForceGLDriver
0x00000000075dd000 	/System/Library/Extensions/GeForceGLDriver.bundle/Contents/MacOS/libclh.dylib
0x00000000075dd000 	/System/Library/Frameworks/OpenGL.framework/Versions/A/Resources/GLRendererFloat.bundle/GLRendererFloat
0x00000001277f7000 	/Library/Java/JavaVirtualMachines/jdk1.8.0_102.jdk/Contents/Home/jre/lib/libfontmanager.dylib
0x0000000129960000 	/Library/Java/JavaVirtualMachines/jdk1.8.0_102.jdk/Contents/Home/jre/lib/libosxui.dylib
0x000000012a642000 	/Library/Java/JavaVirtualMachines/jdk1.8.0_102.jdk/Contents/Home/jre/lib/libnet.dylib
0x000000012a456000 	/Library/Java/JavaVirtualMachines/jdk1.8.0_102.jdk/Contents/Home/jre/lib/libnio.dylib
0x00000000075dd000 	/System/Library/Frameworks/ApplicationServices.framework/Versions/A/Frameworks/ATS.framework/Versions/A/Resources/libTrueTypeScaler.dylib
0x000000017b82b000 	/System/Library/Extensions/GeForceMTLDriver.bundle/Contents/MacOS/GeForceMTLDriver
0x000000017b96f000 	/System/Library/Extensions/AppleIntelHD5000GraphicsMTLDriver.bundle/Contents/MacOS/AppleIntelHD5000GraphicsMTLDriver
0x0000000124cb3000 	/private/var/folders/s0/99ys_lw53gq1_m9t_wd8qrhh0000gv/T/jogamp_0000/file_cache/jln247700809226895308/jln6728128321762229529/libgluegen-rt.jnilib
0x0000000124cb8000 	/private/var/folders/s0/99ys_lw53gq1_m9t_wd8qrhh0000gv/T/jogamp_0000/file_cache/jln247700809226895308/jln6728128321762229529/libnativewindow_awt.jnilib
0x0000000124cbb000 	/Library/Java/JavaVirtualMachines/jdk1.8.0_102.jdk/Contents/Home/jre/lib/libjawt.dylib
0x000000017b5ff000 	/private/var/folders/s0/99ys_lw53gq1_m9t_wd8qrhh0000gv/T/jogamp_0000/file_cache/jln247700809226895308/jln6728128321762229529/libnativewindow_macosx.jnilib
0x000000017b6f9000 	/private/var/folders/s0/99ys_lw53gq1_m9t_wd8qrhh0000gv/T/jogamp_0000/file_cache/jln247700809226895308/jln6728128321762229529/libjogl_desktop.jnilib
0x0000000184b6f000 	/Library/Java/JavaVirtualMachines/jdk1.8.0_102.jdk/Contents/Home/jre/lib/libt2k.dylib

VM Arguments:
jvm_args: -Djava.security.policy=java.policy.applet -Dfile.encoding=UTF-8 
java_command: sun.applet.AppletViewer module3.EarthquakeCityMap1483974254716.html
java_class_path (initial): /Users/giuseppe/Documents/workspace/UCSDUnfoldingMaps/build:/Users/giuseppe/Documents/workspace/UCSDUnfoldingMaps/lib/core.jar:/Users/giuseppe/Documents/workspace/UCSDUnfoldingMaps/lib/gluegen-rt.jar:/Users/giuseppe/Documents/workspace/UCSDUnfoldingMaps/lib/jogl-all.jar:/Users/giuseppe/Documents/workspace/UCSDUnfoldingMaps/lib/log4j-1.2.15.jar:/Users/giuseppe/Documents/workspace/UCSDUnfoldingMaps/lib/sqlite-jdbc-3.7.2.jar:/Users/giuseppe/Documents/workspace/UCSDUnfoldingMaps/lib/json4processing.jar:/Users/giuseppe/Documents/workspace/UCSDUnfoldingMaps/lib/libTUIO.jar:/Users/giuseppe/Documents/workspace/UCSDUnfoldingMaps/lib/unfolding.0.9.7-uscd.jar
Launcher Type: SUN_STANDARD

Environment Variables:
PATH=/usr/bin:/bin:/usr/sbin:/sbin
SHELL=/bin/bash
DISPLAY=/private/tmp/com.apple.launchd.vYoQ6Lg394/org.macosforge.xquartz:0

Signal Handlers:
SIGSEGV: [libjvm.dylib+0x5b0579], sa_mask[0]=11111111011111110111111111111111, sa_flags=SA_ONSTACK|SA_RESTART|SA_SIGINFO
SIGBUS: [libjvm.dylib+0x5b0579], sa_mask[0]=11111111011111110111111111111111, sa_flags=SA_RESTART|SA_SIGINFO
SIGFPE: [libjvm.dylib+0x4874e4], sa_mask[0]=11111111011111110111111111111111, sa_flags=SA_RESTART|SA_SIGINFO
SIGPIPE: [libjvm.dylib+0x4874e4], sa_mask[0]=11111111011111110111111111111111, sa_flags=SA_RESTART|SA_SIGINFO
SIGXFSZ: [libjvm.dylib+0x4874e4], sa_mask[0]=11111111011111110111111111111111, sa_flags=SA_RESTART|SA_SIGINFO
SIGILL: [libjvm.dylib+0x4874e4], sa_mask[0]=11111111011111110111111111111111, sa_flags=SA_RESTART|SA_SIGINFO
SIGUSR1: SIG_DFL, sa_mask[0]=00000000000000000000000000000000, sa_flags=none
SIGUSR2: [libjvm.dylib+0x487002], sa_mask[0]=00100000000000000000000000000000, sa_flags=SA_RESTART|SA_SIGINFO
SIGHUP: [libjvm.dylib+0x4855d9], sa_mask[0]=11111111011111110111111111111111, sa_flags=SA_RESTART|SA_SIGINFO
SIGINT: [libjvm.dylib+0x4855d9], sa_mask[0]=11111111011111110111111111111111, sa_flags=SA_RESTART|SA_SIGINFO
SIGTERM: [libjvm.dylib+0x4855d9], sa_mask[0]=11111111011111110111111111111111, sa_flags=SA_RESTART|SA_SIGINFO
SIGQUIT: [libjvm.dylib+0x4855d9], sa_mask[0]=11111111011111110111111111111111, sa_flags=SA_RESTART|SA_SIGINFO


---------------  S Y S T E M  ---------------

OS:Bsduname:Darwin 15.5.0 Darwin Kernel Version 15.5.0: Tue Apr 19 18:36:36 PDT 2016; root:xnu-3248.50.21~8/RELEASE_X86_64 x86_64
rlimit: STACK 8192k, CORE 0k, NPROC 709, NOFILE 10240, AS infinity
load average:1.86 2.26 2.11

CPU:total 8 (4 cores per cpu, 2 threads per core) family 6 model 70 stepping 1, cmov, cx8, fxsr, mmx, sse, sse2, sse3, ssse3, sse4.1, sse4.2, popcnt, avx, avx2, aes, clmul, erms, rtm, lzcnt, ht, tsc, tscinvbit, bmi1, bmi2

Memory: 4k page, physical 16777216k(655648k free)

/proc/meminfo:


vm_info: Java HotSpot(TM) 64-Bit Server VM (25.102-b14) for bsd-amd64 JRE (1.8.0_102-b14), built on Jun 22 2016 11:42:36 by "java_re" with gcc 4.2.1 (Based on Apple Inc. build 5658) (LLVM build 2336.11.00)

time: Mon Jan  9 16:04:25 2017
elapsed time: 10 seconds (0d 0h 0m 10s)

