#
# A fatal error has been detected by the Java Runtime Environment:
#
#  SIGSEGV (0xb) at pc=0x00007fff9c50e4dd, pid=32538, tid=0x0000000000000a0b
#
# JRE version: Java(TM) SE Runtime Environment (8.0_102-b14) (build 1.8.0_102-b14)
# Java VM: Java HotSpot(TM) 64-Bit Server VM (25.102-b14 mixed mode bsd-amd64 compressed oops)
# Problematic frame:
# C  [libobjc.A.dylib+0x14dd]  objc_msgSend+0x1d
#
# Failed to write core dump. Core dumps have been disabled. To enable core dumping, try "ulimit -c unlimited" before starting Java again
#
# If you would like to submit a bug report, please visit:
#   http://bugreport.java.com/bugreport/crash.jsp
# The crash happened outside the Java Virtual Machine in native code.
# See problematic frame for where to report the bug.
#

---------------  T H R E A D  ---------------

Current thread (0x00007fd1cb8db800):  JavaThread "AWT-AppKit" daemon [_thread_in_native, id=2571, stack(0x00007fff4fd2e000,0x00007fff5052e000)]

siginfo: si_signo: 11 (SIGSEGV), si_code: 1 (SEGV_MAPERR), si_addr: 0x0000000000000018

Registers:
RAX=0x00007fd1cf5e7b90, RBX=0x00000001861eb450, RCX=0x000000012f7a28a0, RDX=0x000000012f7a2840
RSP=0x00007fff505292e8, RBP=0x00007fff505293a0, RSI=0x00007fff8f935cde, RDI=0x00007fd1cf3cebe0
R8 =0x0000000000000000, R9 =0x00000000000008b0, R10=0x00007fff8f935cde, R11=0x0000000000000000
R12=0x0000000000000000, R13=0x000000018c59eca0, R14=0x00000001861eb440, R15=0x00007fd1cb8db800
RIP=0x00007fff9c50e4dd, EFLAGS=0x0000000000010246, ERR=0x0000000000000004
  TRAPNO=0x000000000000000e

Top of Stack: (sp=0x00007fff505292e8)
0x00007fff505292e8:   00000001861e9157 00007fff50529340
0x00007fff505292f8:   0000000000000003 00007fff50529320
0x00007fff50529308:   0000000110bf2e32 000000018c59eca0
0x00007fff50529318:   000000018c59eca0 00007fd1cf5e7b90
0x00007fff50529328:   00000001861eb6a0 00000001861eb710
0x00007fff50529338:   00007fff7ad9b770 00007fff77998500
0x00007fff50529348:   00000001861eb450 00000001861eb690
0x00007fff50529358:   00007fd1cf5e7b90 00007fd1cf3cebe0
0x00007fff50529368:   00007fd1cf92ffd0 00007fd1cf5e7b90
0x00007fff50529378:   00007fd1cf3cebe0 00007fff50529428
0x00007fff50529388:   00007fd1cb8db9f8 000000018c59eca0
0x00007fff50529398:   00007fff50529450 00007fff50529418
0x00007fff505293a8:   00000001119b89d4 000000018c59eca0
0x00007fff505293b8:   00007fff50529450 00007fff50529418
0x00007fff505293c8:   00000001119b8767 00000001119b8722
0x00007fff505293d8:   00007fff505293d8 000000018c59eca0
0x00007fff505293e8:   00007fff50529450 000000018c5a18d8
0x00007fff505293f8:   0000000000000000 000000018c59eca0
0x00007fff50529408:   0000000000000000 00007fff50529438
0x00007fff50529418:   00007fff50529498 00000001119a92bd
0x00007fff50529428:   000000076eded008 00000001119b2538
0x00007fff50529438:   00007fd1cf5e7b90 00007fff50529498
0x00007fff50529448:   00007fd1cf3cebe0 00000001119b3e02
0x00007fff50529458:   00007fff50529458 000000018c59ee6a
0x00007fff50529468:   00007fff505294c0 000000018c5a18d8
0x00007fff50529478:   0000000000000000 000000018c59ee78
0x00007fff50529488:   00007fff50529438 00007fff505294a8
0x00007fff50529498:   00007fff50529508 00000001119a92bd
0x00007fff505294a8:   00007fd1cf5e7b90 000000076eed0a80
0x00007fff505294b8:   00007fd1cf3cebe0 000000076eed0a80
0x00007fff505294c8:   00007fff505294c8 0000000190fef9ce
0x00007fff505294d8:   00007fff50529518 0000000190fefa88 

Instructions: (pc=0x00007fff9c50e4dd)
0x00007fff9c50e4bd:   44 00 00 48 85 ff 2e 74 62 40 f6 c7 01 2e 75 66
0x00007fff9c50e4cd:   49 bb f8 ff ff ff ff 7f 00 00 4c 23 1f 49 89 f2
0x00007fff9c50e4dd:   45 23 53 18 49 c1 e2 04 4d 03 53 10 49 3b 32 75
0x00007fff9c50e4ed:   04 41 ff 62 08 49 83 3a 01 76 0d 49 83 c2 10 49 

Register to memory mapping:

RAX=0x00007fd1cf5e7b90 is an unknown value
RBX=0x00000001861eb450: Java_jogamp_nativewindow_macosx_OSXUtil_GetScreenRefreshRate0+0x1cf0 in /private/var/folders/s0/99ys_lw53gq1_m9t_wd8qrhh0000gv/T/jogamp_0000/file_cache/jln59140566174272288/jln8363250403376997073/libnativewindow_macosx.jnilib at 0x00000001861e4000
RCX=0x000000012f7a28a0 is an unknown value
RDX=0x000000012f7a2840 is an unknown value
RSP=0x00007fff505292e8 is pointing into the stack for thread: 0x00007fd1cb8db800
RBP=0x00007fff505293a0 is pointing into the stack for thread: 0x00007fd1cb8db800
RSI=0x00007fff8f935cde is an unknown value
RDI=0x00007fd1cf3cebe0 is an unknown value
R8 =0x0000000000000000 is an unknown value
R9 =0x00000000000008b0 is an unknown value
R10=0x00007fff8f935cde is an unknown value
R11=0x0000000000000000 is an unknown value
R12=0x0000000000000000 is an unknown value
R13={method} {0x000000018c59eca0} 'UnsetJAWTRootSurfaceLayer0' '(JJ)V' in 'jogamp/nativewindow/jawt/macosx/MacOSXJAWTWindow'
R14=0x00000001861eb440: Java_jogamp_nativewindow_macosx_OSXUtil_GetScreenRefreshRate0+0x1ce0 in /private/var/folders/s0/99ys_lw53gq1_m9t_wd8qrhh0000gv/T/jogamp_0000/file_cache/jln59140566174272288/jln8363250403376997073/libnativewindow_macosx.jnilib at 0x00000001861e4000
R15=0x00007fd1cb8db800 is a thread


Stack: [0x00007fff4fd2e000,0x00007fff5052e000],  sp=0x00007fff505292e8,  free space=8172k
Native frames: (J=compiled Java code, j=interpreted, Vv=VM code, C=native code)
C  [libobjc.A.dylib+0x14dd]  objc_msgSend+0x1d
j  jogamp.nativewindow.jawt.macosx.MacOSXJAWTWindow.UnsetJAWTRootSurfaceLayer0(JJ)V+0
j  jogamp.nativewindow.jawt.macosx.MacOSXJAWTWindow.access$200(JJ)V+2
j  jogamp.nativewindow.jawt.macosx.MacOSXJAWTWindow$1.run()V+38
J 2187 C1 com.jogamp.common.util.RunnableTask.run()V (345 bytes) @ 0x00000001121353b4 [0x0000000112135220+0x194]
v  ~StubRoutines::call_stub
V  [libjvm.dylib+0x2ed5e2]
V  [libjvm.dylib+0x324771]
V  [libjvm.dylib+0x316f3f]
C  [libnativewindow_macosx.jnilib+0x5326]  Java_jogamp_nativewindow_jawt_macosx_MacOSXJAWTWindow_UnsetJAWTRootSurfaceLayer0+0x2b6
C  [Foundation+0x76fde]  __NSThreadPerformPerform+0x117
C  [CoreFoundation+0xaa881]  __CFRUNLOOP_IS_CALLING_OUT_TO_A_SOURCE0_PERFORM_FUNCTION__+0x11
C  [CoreFoundation+0x89f37]  __CFRunLoopDoSources0+0x1a7
C  [CoreFoundation+0x894df]  __CFRunLoopRun+0x39f
C  [CoreFoundation+0x88ed8]  CFRunLoopRunSpecific+0x128
C  [HIToolbox+0x30935]  RunCurrentEventLoopInMode+0xeb
C  [HIToolbox+0x30677]  ReceiveNextEventCommon+0xb8
C  [HIToolbox+0x305af]  _BlockUntilNextEventMatchingListInModeWithFilter+0x47
C  [AppKit+0x48df6]  _DPSNextEvent+0x42b
C  [AppKit+0x48226]  -[NSApplication _nextEventMatchingEventMask:untilDate:inMode:dequeue:]+0x1c6
C  [libosxapp.dylib+0x23aa]  -[NSApplicationAWT nextEventMatchingMask:untilDate:inMode:dequeue:]+0x7c
C  [AppKit+0x3cd80]  -[NSApplication run]+0x2aa
C  [libosxapp.dylib+0x214d]  +[NSApplicationAWT runAWTLoopWithApp:]+0x9c
C  [libawt_lwawt.dylib+0x444b3]  -[AWTStarter starter:]+0x389
C  [Foundation+0x76fde]  __NSThreadPerformPerform+0x117
C  [CoreFoundation+0xaa881]  __CFRUNLOOP_IS_CALLING_OUT_TO_A_SOURCE0_PERFORM_FUNCTION__+0x11
C  [CoreFoundation+0x89fbc]  __CFRunLoopDoSources0+0x22c
C  [CoreFoundation+0x894df]  __CFRunLoopRun+0x39f
C  [CoreFoundation+0x88ed8]  CFRunLoopRunSpecific+0x128
C  [java+0x6465]  CreateExecutionEnvironment+0x367
C  [java+0x218c]  JLI_Launch+0x7a0
C  [java+0x84c2]  main+0x65
C  [java+0x19e4]  start+0x34
C  0x0000000000000007

Java frames: (J=compiled Java code, j=interpreted, Vv=VM code)
j  jogamp.nativewindow.jawt.macosx.MacOSXJAWTWindow.UnsetJAWTRootSurfaceLayer0(JJ)V+0
j  jogamp.nativewindow.jawt.macosx.MacOSXJAWTWindow.access$200(JJ)V+2
j  jogamp.nativewindow.jawt.macosx.MacOSXJAWTWindow$1.run()V+38
J 2187 C1 com.jogamp.common.util.RunnableTask.run()V (345 bytes) @ 0x00000001121353b4 [0x0000000112135220+0x194]
v  ~StubRoutines::call_stub

---------------  P R O C E S S  ---------------

Java Threads: ( => current thread )
  0x00007fd1cbb4d000 JavaThread "Thread-19" [_thread_blocked, id=70227, stack(0x0000700002109000,0x0000700002209000)]
  0x00007fd1c948e800 JavaThread "Keep-Alive-Timer" daemon [_thread_blocked, id=72195, stack(0x0000700002515000,0x0000700002615000)]
  0x00007fd1c990b000 JavaThread "Animation Thread" [_thread_blocked, id=65571, stack(0x0000700001e80000,0x0000700001f80000)]
  0x00007fd1c98ef000 JavaThread "AWT-EventQueue-1" [_thread_in_native, id=66087, stack(0x0000700001f83000,0x0000700002083000)]
  0x00007fd1c9993000 JavaThread "DestroyJavaVM" [_thread_blocked, id=5891, stack(0x000070000011a000,0x000070000021a000)]
  0x00007fd1c9969000 JavaThread "AWT-EventQueue-0" [_thread_blocked, id=62223, stack(0x0000700001d7d000,0x0000700001e7d000)]
  0x00007fd1c990c000 JavaThread "Java2D Disposer" daemon [_thread_blocked, id=57871, stack(0x0000700001af4000,0x0000700001bf4000)]
  0x00007fd1c89eb800 JavaThread "Java2D Queue Flusher" daemon [_thread_blocked, id=45363, stack(0x00007000019f1000,0x0000700001af1000)]
  0x00007fd1cb8e0000 JavaThread "AWT-Shutdown" [_thread_blocked, id=31763, stack(0x000070000165f000,0x000070000175f000)]
=>0x00007fd1cb8db800 JavaThread "AWT-AppKit" daemon [_thread_in_native, id=2571, stack(0x00007fff4fd2e000,0x00007fff5052e000)]
  0x00007fd1cb818800 JavaThread "Service Thread" daemon [_thread_blocked, id=20995, stack(0x00007000012d0000,0x00007000013d0000)]
  0x00007fd1c9010000 JavaThread "C1 CompilerThread3" daemon [_thread_blocked, id=20483, stack(0x00007000011cd000,0x00007000012cd000)]
  0x00007fd1cb80c800 JavaThread "C2 CompilerThread2" daemon [_thread_blocked, id=19971, stack(0x00007000010ca000,0x00007000011ca000)]
  0x00007fd1c9832800 JavaThread "C2 CompilerThread1" daemon [_thread_blocked, id=19459, stack(0x0000700000fc7000,0x00007000010c7000)]
  0x00007fd1c9831000 JavaThread "C2 CompilerThread0" daemon [_thread_blocked, id=18947, stack(0x0000700000ec4000,0x0000700000fc4000)]
  0x00007fd1c982c000 JavaThread "Signal Dispatcher" daemon [_thread_blocked, id=15887, stack(0x0000700000dc1000,0x0000700000ec1000)]
  0x00007fd1c982b000 JavaThread "Finalizer" daemon [_thread_blocked, id=14339, stack(0x0000700000c3b000,0x0000700000d3b000)]
  0x00007fd1c9828800 JavaThread "Reference Handler" daemon [_thread_blocked, id=13827, stack(0x0000700000b38000,0x0000700000c38000)]

Other Threads:
  0x00007fd1c9827800 VMThread [stack: 0x0000700000a35000,0x0000700000b35000] [id=13315]
  0x00007fd1cb819800 WatcherThread [stack: 0x00007000013d3000,0x00007000014d3000] [id=21507]

VM state:not at safepoint (normal execution)

VM Mutex/Monitor currently owned by a thread: None

Heap:
 PSYoungGen      total 76288K, used 65337K [0x000000076ab00000, 0x0000000770000000, 0x00000007c0000000)
  eden space 65536K, 83% used [0x000000076ab00000,0x000000076e054708,0x000000076eb00000)
  from space 10752K, 99% used [0x000000076eb00000,0x000000076f579d60,0x000000076f580000)
  to   space 10752K, 0% used [0x000000076f580000,0x000000076f580000,0x0000000770000000)
 ParOldGen       total 175104K, used 4016K [0x00000006c0000000, 0x00000006cab00000, 0x000000076ab00000)
  object space 175104K, 2% used [0x00000006c0000000,0x00000006c03ec1d0,0x00000006cab00000)
 Metaspace       used 20891K, capacity 21047K, committed 21296K, reserved 1069056K
  class space    used 2064K, capacity 2146K, committed 2176K, reserved 1048576K

Card table byte_map: [0x0000000120d61000,0x0000000121562000] byte_map_base: 0x000000011d761000

Marking Bits: (ParMarkBitMap*) 0x00000001112efd20
 Begin Bits: [0x0000000121ab8000, 0x0000000125ab8000)
 End Bits:   [0x0000000125ab8000, 0x0000000129ab8000)

Polling page: 0x000000010f995000

CodeCache: size=245760Kb used=8231Kb max_used=8242Kb free=237528Kb
 bounds [0x00000001119a1000, 0x00000001121c1000, 0x00000001209a1000]
 total_blobs=3223 nmethods=2335 adapters=802
 compilation: enabled

Compilation events (10 events):
Event: 7.386 Thread 0x00007fd1c9010000 nmethod 2329 0x00000001121aced0 code [0x00000001121ad060, 0x00000001121ad418]
Event: 7.386 Thread 0x00007fd1c9010000 2331       1       sun.java2d.SurfaceData::isValid (5 bytes)
Event: 7.387 Thread 0x00007fd1c9010000 nmethod 2331 0x00000001121acc10 code [0x00000001121acd60, 0x00000001121ace70]
Event: 7.387 Thread 0x00007fd1c9832800 2332  s    4       sun.misc.URLClassPath::getNextLoader (88 bytes)
Event: 7.387 Thread 0x00007fd1c9010000 2333  s!   2       sun.misc.URLClassPath::getLoader (197 bytes)
Event: 7.389 Thread 0x00007fd1c9010000 nmethod 2333 0x00000001121ae7d0 code [0x00000001121aeac0, 0x00000001121b01e8]
Event: 7.391 Thread 0x00007fd1c9831000 nmethod 2330 0x00000001121b3110 code [0x00000001121b3280, 0x00000001121b3598]
Event: 7.393 Thread 0x00007fd1c9832800 nmethod 2332 0x00000001121abe10 code [0x00000001121abf80, 0x00000001121ac6f8]
Event: 7.397 Thread 0x00007fd1c9010000 2334       3       sun.java2d.pipe.RenderBuffer::putFloat (26 bytes)
Event: 7.397 Thread 0x00007fd1c9010000 nmethod 2334 0x00000001121ab710 code [0x00000001121ab880, 0x00000001121aba10]

GC Heap History (2 events):
Event: 2.124 GC heap before
{Heap before GC invocations=1 (full 0):
 PSYoungGen      total 76288K, used 65536K [0x000000076ab00000, 0x0000000770000000, 0x00000007c0000000)
  eden space 65536K, 100% used [0x000000076ab00000,0x000000076eb00000,0x000000076eb00000)
  from space 10752K, 0% used [0x000000076f580000,0x000000076f580000,0x0000000770000000)
  to   space 10752K, 0% used [0x000000076eb00000,0x000000076eb00000,0x000000076f580000)
 ParOldGen       total 175104K, used 0K [0x00000006c0000000, 0x00000006cab00000, 0x000000076ab00000)
  object space 175104K, 0% used [0x00000006c0000000,0x00000006c0000000,0x00000006cab00000)
 Metaspace       used 19811K, capacity 20045K, committed 20352K, reserved 1067008K
  class space    used 2030K, capacity 2113K, committed 2176K, reserved 1048576K
Event: 2.133 GC heap after
Heap after GC invocations=1 (full 0):
 PSYoungGen      total 76288K, used 10727K [0x000000076ab00000, 0x0000000770000000, 0x00000007c0000000)
  eden space 65536K, 0% used [0x000000076ab00000,0x000000076ab00000,0x000000076eb00000)
  from space 10752K, 99% used [0x000000076eb00000,0x000000076f579d60,0x000000076f580000)
  to   space 10752K, 0% used [0x000000076f580000,0x000000076f580000,0x0000000770000000)
 ParOldGen       total 175104K, used 4016K [0x00000006c0000000, 0x00000006cab00000, 0x000000076ab00000)
  object space 175104K, 2% used [0x00000006c0000000,0x00000006c03ec1d0,0x00000006cab00000)
 Metaspace       used 19811K, capacity 20045K, committed 20352K, reserved 1067008K
  class space    used 2030K, capacity 2113K, committed 2176K, reserved 1048576K
}

Deoptimization events (10 events):
Event: 1.966 Thread 0x00007fd1c98ef000 Uncommon trap: reason=unstable_if action=reinterpret pc=0x0000000111d84c6c method=com.sun.org.apache.xerces.internal.impl.XMLEntityScanner.skipSpaces()Z @ 14
Event: 1.968 Thread 0x00007fd1c98ef000 Uncommon trap: reason=unstable_if action=reinterpret pc=0x0000000111d5e380 method=com.sun.org.apache.xerces.internal.impl.XMLEntityScanner.peekChar()I @ 14
Event: 2.099 Thread 0x00007fd1c98ef000 Uncommon trap: reason=unstable_if action=reinterpret pc=0x0000000111e0d43c method=com.jogamp.common.util.IntIntHashMap.get(I)I @ 28
Event: 2.236 Thread 0x00007fd1c9b3a000 Uncommon trap: reason=unstable_if action=reinterpret pc=0x0000000111e8ca7c method=sun.awt.image.PNGImageDecoder.produceImage()V @ 867
Event: 2.237 Thread 0x00007fd1c98ef000 Uncommon trap: reason=unstable_if action=reinterpret pc=0x0000000111edd1b4 method=processing.opengl.Texture.convertToRGBA([IIII)V @ 281
Event: 7.371 Thread 0x00007fd1c9969000 Uncommon trap: reason=unstable_if action=reinterpret pc=0x000000011208a55c method=java.awt.font.FontRenderContext.equals(Ljava/awt/font/FontRenderContext;)Z @ 2
Event: 7.385 Thread 0x00007fd1cb94a000 Uncommon trap: reason=unstable_if action=reinterpret pc=0x0000000111e93aa0 method=java.util.HashMap.putVal(ILjava/lang/Object;Ljava/lang/Object;ZZ)Ljava/lang/Object; @ 81
Event: 7.385 Thread 0x00007fd1cb94a000 Uncommon trap: reason=unstable_if action=reinterpret pc=0x0000000111dde970 method=java.util.HashMap.putVal(ILjava/lang/Object;Ljava/lang/Object;ZZ)Ljava/lang/Object; @ 81
Event: 7.386 Thread 0x00007fd1c9969000 Uncommon trap: reason=unstable_if action=reinterpret pc=0x0000000112068bf8 method=java.awt.font.FontRenderContext.equals(Ljava/awt/font/FontRenderContext;)Z @ 2
Event: 7.397 Thread 0x00007fd1cbb4d000 Uncommon trap: reason=predicate action=maybe_recompile pc=0x00000001120e9c30 method=java.util.Vector.indexOf(Ljava/lang/Object;I)I @ 44

Internal exceptions (10 events):
Event: 0.105 Thread 0x00007fd1c880a000 Exception <a 'java/lang/NoSuchFieldError': method resolution failed> (0x000000076ada7408) thrown at [/Users/java_re/workspace/8-2-build-macosx-x86_64/jdk8u102/7268/hotspot/src/share/vm/prims/methodHandles.cpp, line 1146]
Event: 0.106 Thread 0x00007fd1c880a000 Exception <a 'java/lang/NoSuchFieldError': method resolution failed> (0x000000076adb4bd8) thrown at [/Users/java_re/workspace/8-2-build-macosx-x86_64/jdk8u102/7268/hotspot/src/share/vm/prims/methodHandles.cpp, line 1146]
Event: 0.224 Thread 0x00007fd1c880a000 Exception <a 'java/io/FileNotFoundException'> (0x000000076ae30418) thrown at [/Users/java_re/workspace/8-2-build-macosx-x86_64/jdk8u102/7268/hotspot/src/share/vm/prims/jni.cpp, line 709]
Event: 0.224 Thread 0x00007fd1c880a000 Exception <a 'java/io/FileNotFoundException'> (0x000000076ae30f98) thrown at [/Users/java_re/workspace/8-2-build-macosx-x86_64/jdk8u102/7268/hotspot/src/share/vm/prims/jni.cpp, line 709]
Event: 0.326 Thread 0x00007fd1c880a000 Exception <a 'java/io/FileNotFoundException'> (0x000000076aec5fa8) thrown at [/Users/java_re/workspace/8-2-build-macosx-x86_64/jdk8u102/7268/hotspot/src/share/vm/prims/jni.cpp, line 709]
Event: 1.221 Thread 0x00007fd1c990b000 Exception <a 'java/lang/UnsatisfiedLinkError': com.jogamp.common.util.JarUtil.fixNativeLibAttribs(Ljava/lang/String;)Z> (0x000000076c786780) thrown at [/Users/java_re/workspace/8-2-build-macosx-x86_64/jdk8u102/7268/hotspot/src/share/vm/prims/nativeLookup.
Event: 1.856 Thread 0x00007fd1c98ef000 Exception <a 'java/io/FileNotFoundException'> (0x000000076d7eb170) thrown at [/Users/java_re/workspace/8-2-build-macosx-x86_64/jdk8u102/7268/hotspot/src/share/vm/prims/jni.cpp, line 709]
Event: 1.856 Thread 0x00007fd1c98ef000 Exception <a 'java/io/FileNotFoundException'> (0x000000076d7f1470) thrown at [/Users/java_re/workspace/8-2-build-macosx-x86_64/jdk8u102/7268/hotspot/src/share/vm/prims/jni.cpp, line 709]
Event: 1.856 Thread 0x00007fd1c98ef000 Implicit null exception at 0x0000000111b3faf4 to 0x0000000111b3fef5
Event: 2.135 Thread 0x00007fd1c982b000 Exception <a 'java/lang/NullPointerException'> (0x000000076b0c9f10) thrown at [/Users/java_re/workspace/8-2-build-macosx-x86_64/jdk8u102/7268/hotspot/src/share/vm/interpreter/linkResolver.cpp, line 1178]

Events (10 events):
Event: 7.396 loading class java/awt/event/AWTEventListenerProxy
Event: 7.396 loading class java/awt/event/AWTEventListenerProxy done
Event: 7.396 loading class java/awt/Toolkit$ToolkitEventMulticaster
Event: 7.396 loading class java/awt/Toolkit$ToolkitEventMulticaster done
Event: 7.396 Thread 0x00007fd1cb94a000 Thread exited: 0x00007fd1cb94a000
Event: 7.397 Thread 0x00007fd1cbb4d000 Uncommon trap: trap_request=0xffffff86 fr.pc=0x00000001120e9c30
Event: 7.397 Thread 0x00007fd1cbb4d000 DEOPT PACKING pc=0x00000001120e9c30 sp=0x00007000022087f0
Event: 7.397 Thread 0x00007fd1cbb4d000 DEOPT UNPACKING pc=0x00000001119a6229 sp=0x00007000022087a0 mode 2
Event: 7.397 loading class java/awt/Window$1DisposeAction
Event: 7.397 loading class java/awt/Window$1DisposeAction done


Dynamic libraries:
0x00000000075dd000 	/System/Library/Frameworks/Cocoa.framework/Versions/A/Cocoa
0x00000000075dd000 	/System/Library/Frameworks/Security.framework/Versions/A/Security
0x00000000075dd000 	/System/Library/Frameworks/ApplicationServices.framework/Versions/A/ApplicationServices
0x00000000075dd000 	/usr/lib/libz.1.dylib
0x00000000075dd000 	/usr/lib/libSystem.B.dylib
0x00000000075dd000 	/usr/lib/libobjc.A.dylib
0x00000000075dd000 	/System/Library/Frameworks/CoreFoundation.framework/Versions/A/CoreFoundation
0x00000000075dd000 	/System/Library/Frameworks/Foundation.framework/Versions/C/Foundation
0x00000000075dd000 	/System/Library/Frameworks/AppKit.framework/Versions/C/AppKit
0x00000000075dd000 	/System/Library/Frameworks/CoreData.framework/Versions/A/CoreData
0x00000000075dd000 	/System/Library/PrivateFrameworks/RemoteViewServices.framework/Versions/A/RemoteViewServices
0x00000000075dd000 	/System/Library/PrivateFrameworks/UIFoundation.framework/Versions/A/UIFoundation
0x00000000075dd000 	/usr/lib/libScreenReader.dylib
0x00000000075dd000 	/System/Library/Frameworks/Accelerate.framework/Versions/A/Accelerate
0x00000000075dd000 	/System/Library/Frameworks/IOSurface.framework/Versions/A/IOSurface
0x00000000075dd000 	/System/Library/Frameworks/AudioToolbox.framework/Versions/A/AudioToolbox
0x00000000075dd000 	/System/Library/Frameworks/AudioUnit.framework/Versions/A/AudioUnit
0x00000000075dd000 	/System/Library/PrivateFrameworks/DataDetectorsCore.framework/Versions/A/DataDetectorsCore
0x00000000075dd000 	/System/Library/PrivateFrameworks/DesktopServicesPriv.framework/Versions/A/DesktopServicesPriv
0x00000000075dd000 	/System/Library/Frameworks/Carbon.framework/Versions/A/Frameworks/HIToolbox.framework/Versions/A/HIToolbox
0x00000000075dd000 	/System/Library/Frameworks/QuartzCore.framework/Versions/A/QuartzCore
0x00000000075dd000 	/System/Library/Frameworks/Carbon.framework/Versions/A/Frameworks/SpeechRecognition.framework/Versions/A/SpeechRecognition
0x00000000075dd000 	/usr/lib/libauto.dylib
0x00000000075dd000 	/usr/lib/libicucore.A.dylib
0x00000000075dd000 	/usr/lib/libxml2.2.dylib
0x00000000075dd000 	/System/Library/PrivateFrameworks/CoreUI.framework/Versions/A/CoreUI
0x00000000075dd000 	/System/Library/Frameworks/CoreAudio.framework/Versions/A/CoreAudio
0x00000000075dd000 	/System/Library/Frameworks/DiskArbitration.framework/Versions/A/DiskArbitration
0x00000000075dd000 	/usr/lib/liblangid.dylib
0x00000000075dd000 	/System/Library/PrivateFrameworks/MultitouchSupport.framework/Versions/A/MultitouchSupport
0x00000000075dd000 	/System/Library/Frameworks/IOKit.framework/Versions/A/IOKit
0x00000000075dd000 	/usr/lib/libDiagnosticMessagesClient.dylib
0x00000000075dd000 	/System/Library/Frameworks/CoreServices.framework/Versions/A/CoreServices
0x00000000075dd000 	/System/Library/PrivateFrameworks/PerformanceAnalysis.framework/Versions/A/PerformanceAnalysis
0x00000000075dd000 	/System/Library/PrivateFrameworks/GenerationalStorage.framework/Versions/A/GenerationalStorage
0x00000000075dd000 	/System/Library/Frameworks/OpenGL.framework/Versions/A/OpenGL
0x00000000075dd000 	/System/Library/PrivateFrameworks/Sharing.framework/Versions/A/Sharing
0x00000000075dd000 	/System/Library/Frameworks/CoreGraphics.framework/Versions/A/CoreGraphics
0x00000000075dd000 	/System/Library/Frameworks/CoreImage.framework/Versions/A/CoreImage
0x00000000075dd000 	/System/Library/Frameworks/CoreText.framework/Versions/A/CoreText
0x00000000075dd000 	/System/Library/Frameworks/ImageIO.framework/Versions/A/ImageIO
0x00000000075dd000 	/System/Library/PrivateFrameworks/Backup.framework/Versions/A/Backup
0x00000000075dd000 	/usr/lib/libextension.dylib
0x00000000075dd000 	/usr/lib/libarchive.2.dylib
0x00000000075dd000 	/System/Library/Frameworks/CFNetwork.framework/Versions/A/CFNetwork
0x00000000075dd000 	/System/Library/Frameworks/SystemConfiguration.framework/Versions/A/SystemConfiguration
0x00000000075dd000 	/usr/lib/libCRFSuite.dylib
0x00000000075dd000 	/usr/lib/libc++.1.dylib
0x00000000075dd000 	/usr/lib/libc++abi.dylib
0x00000000075dd000 	/usr/lib/system/libcache.dylib
0x00000000075dd000 	/usr/lib/system/libcommonCrypto.dylib
0x00000000075dd000 	/usr/lib/system/libcompiler_rt.dylib
0x00000000075dd000 	/usr/lib/system/libcopyfile.dylib
0x00000000075dd000 	/usr/lib/system/libcorecrypto.dylib
0x00000000075dd000 	/usr/lib/system/libdispatch.dylib
0x00000000075dd000 	/usr/lib/system/libdyld.dylib
0x00000000075dd000 	/usr/lib/system/libkeymgr.dylib
0x00000000075dd000 	/usr/lib/system/liblaunch.dylib
0x00000000075dd000 	/usr/lib/system/libmacho.dylib
0x00000000075dd000 	/usr/lib/system/libquarantine.dylib
0x00000000075dd000 	/usr/lib/system/libremovefile.dylib
0x00000000075dd000 	/usr/lib/system/libsystem_asl.dylib
0x00000000075dd000 	/usr/lib/system/libsystem_blocks.dylib
0x00000000075dd000 	/usr/lib/system/libsystem_c.dylib
0x00000000075dd000 	/usr/lib/system/libsystem_configuration.dylib
0x00000000075dd000 	/usr/lib/system/libsystem_coreservices.dylib
0x00000000075dd000 	/usr/lib/system/libsystem_coretls.dylib
0x00000000075dd000 	/usr/lib/system/libsystem_dnssd.dylib
0x00000000075dd000 	/usr/lib/system/libsystem_info.dylib
0x00000000075dd000 	/usr/lib/system/libsystem_kernel.dylib
0x00000000075dd000 	/usr/lib/system/libsystem_m.dylib
0x00000000075dd000 	/usr/lib/system/libsystem_malloc.dylib
0x00000000075dd000 	/usr/lib/system/libsystem_network.dylib
0x00000000075dd000 	/usr/lib/system/libsystem_networkextension.dylib
0x00000000075dd000 	/usr/lib/system/libsystem_notify.dylib
0x00000000075dd000 	/usr/lib/system/libsystem_platform.dylib
0x00000000075dd000 	/usr/lib/system/libsystem_pthread.dylib
0x00000000075dd000 	/usr/lib/system/libsystem_sandbox.dylib
0x00000000075dd000 	/usr/lib/system/libsystem_secinit.dylib
0x00000000075dd000 	/usr/lib/system/libsystem_trace.dylib
0x00000000075dd000 	/usr/lib/system/libunc.dylib
0x00000000075dd000 	/usr/lib/system/libunwind.dylib
0x00000000075dd000 	/usr/lib/system/libxpc.dylib
0x00000000075dd000 	/usr/lib/libenergytrace.dylib
0x00000000075dd000 	/usr/lib/libbsm.0.dylib
0x00000000075dd000 	/usr/lib/system/libkxld.dylib
0x00000000075dd000 	/usr/lib/libxar.1.dylib
0x00000000075dd000 	/usr/lib/libsqlite3.dylib
0x00000000075dd000 	/usr/lib/libpam.2.dylib
0x00000000075dd000 	/usr/lib/libOpenScriptingUtil.dylib
0x00000000075dd000 	/usr/lib/libbz2.1.0.dylib
0x00000000075dd000 	/usr/lib/liblzma.5.dylib
0x00000000075dd000 	/System/Library/Frameworks/CoreServices.framework/Versions/A/Frameworks/FSEvents.framework/Versions/A/FSEvents
0x00000000075dd000 	/System/Library/Frameworks/CoreServices.framework/Versions/A/Frameworks/CarbonCore.framework/Versions/A/CarbonCore
0x00000000075dd000 	/System/Library/Frameworks/CoreServices.framework/Versions/A/Frameworks/Metadata.framework/Versions/A/Metadata
0x00000000075dd000 	/System/Library/Frameworks/CoreServices.framework/Versions/A/Frameworks/OSServices.framework/Versions/A/OSServices
0x00000000075dd000 	/System/Library/Frameworks/CoreServices.framework/Versions/A/Frameworks/SearchKit.framework/Versions/A/SearchKit
0x00000000075dd000 	/System/Library/Frameworks/CoreServices.framework/Versions/A/Frameworks/AE.framework/Versions/A/AE
0x00000000075dd000 	/System/Library/Frameworks/CoreServices.framework/Versions/A/Frameworks/LaunchServices.framework/Versions/A/LaunchServices
0x00000000075dd000 	/System/Library/Frameworks/CoreServices.framework/Versions/A/Frameworks/DictionaryServices.framework/Versions/A/DictionaryServices
0x00000000075dd000 	/System/Library/Frameworks/CoreServices.framework/Versions/A/Frameworks/SharedFileList.framework/Versions/A/SharedFileList
0x00000000075dd000 	/System/Library/Frameworks/NetFS.framework/Versions/A/NetFS
0x00000000075dd000 	/System/Library/PrivateFrameworks/NetAuth.framework/Versions/A/NetAuth
0x00000000075dd000 	/System/Library/PrivateFrameworks/login.framework/Versions/A/Frameworks/loginsupport.framework/Versions/A/loginsupport
0x00000000075dd000 	/System/Library/PrivateFrameworks/TCC.framework/Versions/A/TCC
0x00000000075dd000 	/usr/lib/libmecabra.dylib
0x00000000075dd000 	/System/Library/Frameworks/ApplicationServices.framework/Versions/A/Frameworks/ATS.framework/Versions/A/ATS
0x00000000075dd000 	/System/Library/Frameworks/ApplicationServices.framework/Versions/A/Frameworks/ColorSync.framework/Versions/A/ColorSync
0x00000000075dd000 	/System/Library/Frameworks/ApplicationServices.framework/Versions/A/Frameworks/HIServices.framework/Versions/A/HIServices
0x00000000075dd000 	/System/Library/Frameworks/ApplicationServices.framework/Versions/A/Frameworks/LangAnalysis.framework/Versions/A/LangAnalysis
0x00000000075dd000 	/System/Library/Frameworks/ApplicationServices.framework/Versions/A/Frameworks/PrintCore.framework/Versions/A/PrintCore
0x00000000075dd000 	/System/Library/Frameworks/ApplicationServices.framework/Versions/A/Frameworks/QD.framework/Versions/A/QD
0x00000000075dd000 	/System/Library/Frameworks/ApplicationServices.framework/Versions/A/Frameworks/SpeechSynthesis.framework/Versions/A/SpeechSynthesis
0x00000000075dd000 	/System/Library/Frameworks/Metal.framework/Versions/A/Metal
0x00000000075dd000 	/System/Library/Frameworks/Accelerate.framework/Versions/A/Frameworks/vImage.framework/Versions/A/vImage
0x00000000075dd000 	/System/Library/Frameworks/Accelerate.framework/Versions/A/Frameworks/vecLib.framework/Versions/A/vecLib
0x00000000075dd000 	/System/Library/Frameworks/Accelerate.framework/Versions/A/Frameworks/vecLib.framework/Versions/A/libvDSP.dylib
0x00000000075dd000 	/System/Library/Frameworks/Accelerate.framework/Versions/A/Frameworks/vecLib.framework/Versions/A/libvMisc.dylib
0x00000000075dd000 	/System/Library/Frameworks/Accelerate.framework/Versions/A/Frameworks/vecLib.framework/Versions/A/libLAPACK.dylib
0x00000000075dd000 	/System/Library/Frameworks/Accelerate.framework/Versions/A/Frameworks/vecLib.framework/Versions/A/libBLAS.dylib
0x00000000075dd000 	/System/Library/Frameworks/Accelerate.framework/Versions/A/Frameworks/vecLib.framework/Versions/A/libLinearAlgebra.dylib
0x00000000075dd000 	/System/Library/Frameworks/Accelerate.framework/Versions/A/Frameworks/vecLib.framework/Versions/A/libSparseBLAS.dylib
0x00000000075dd000 	/System/Library/PrivateFrameworks/GPUCompiler.framework/libmetal_timestamp.dylib
0x00000000075dd000 	/System/Library/Frameworks/OpenGL.framework/Versions/A/Libraries/libCoreFSCache.dylib
0x00000000075dd000 	/System/Library/PrivateFrameworks/IOAccelerator.framework/Versions/A/IOAccelerator
0x00000000075dd000 	/System/Library/Frameworks/ApplicationServices.framework/Versions/A/Frameworks/ATS.framework/Versions/A/Resources/libFontParser.dylib
0x00000000075dd000 	/System/Library/Frameworks/ApplicationServices.framework/Versions/A/Frameworks/ATS.framework/Versions/A/Resources/libFontRegistry.dylib
0x00000000075dd000 	/System/Library/PrivateFrameworks/AppleVPA.framework/Versions/A/AppleVPA
0x00000000075dd000 	/System/Library/PrivateFrameworks/AppleJPEG.framework/Versions/A/AppleJPEG
0x00000000075dd000 	/System/Library/Frameworks/ImageIO.framework/Versions/A/Resources/libJPEG.dylib
0x00000000075dd000 	/System/Library/Frameworks/ImageIO.framework/Versions/A/Resources/libTIFF.dylib
0x00000000075dd000 	/System/Library/Frameworks/ImageIO.framework/Versions/A/Resources/libPng.dylib
0x00000000075dd000 	/System/Library/Frameworks/ImageIO.framework/Versions/A/Resources/libGIF.dylib
0x00000000075dd000 	/System/Library/Frameworks/ImageIO.framework/Versions/A/Resources/libJP2.dylib
0x00000000075dd000 	/System/Library/Frameworks/ImageIO.framework/Versions/A/Resources/libRadiance.dylib
0x00000000075dd000 	/System/Library/Frameworks/CoreVideo.framework/Versions/A/CoreVideo
0x00000000075dd000 	/System/Library/Frameworks/OpenGL.framework/Versions/A/Libraries/libGLU.dylib
0x00000000075dd000 	/System/Library/Frameworks/OpenGL.framework/Versions/A/Libraries/libGFXShared.dylib
0x00000000075dd000 	/System/Library/Frameworks/OpenGL.framework/Versions/A/Libraries/libGL.dylib
0x00000000075dd000 	/System/Library/Frameworks/OpenGL.framework/Versions/A/Libraries/libGLImage.dylib
0x00000000075dd000 	/System/Library/Frameworks/OpenGL.framework/Versions/A/Libraries/libCVMSPluginSupport.dylib
0x00000000075dd000 	/System/Library/Frameworks/OpenGL.framework/Versions/A/Libraries/libCoreVMClient.dylib
0x00000000075dd000 	/usr/lib/libcompression.dylib
0x00000000075dd000 	/usr/lib/libcups.2.dylib
0x00000000075dd000 	/System/Library/Frameworks/Kerberos.framework/Versions/A/Kerberos
0x00000000075dd000 	/System/Library/Frameworks/GSS.framework/Versions/A/GSS
0x00000000075dd000 	/usr/lib/libresolv.9.dylib
0x00000000075dd000 	/usr/lib/libiconv.2.dylib
0x00000000075dd000 	/System/Library/PrivateFrameworks/Heimdal.framework/Versions/A/Heimdal
0x00000000075dd000 	/usr/lib/libheimdal-asn1.dylib
0x00000000075dd000 	/System/Library/Frameworks/OpenDirectory.framework/Versions/A/OpenDirectory
0x00000000075dd000 	/System/Library/PrivateFrameworks/CommonAuth.framework/Versions/A/CommonAuth
0x00000000075dd000 	/System/Library/Frameworks/OpenDirectory.framework/Versions/A/Frameworks/CFOpenDirectory.framework/Versions/A/CFOpenDirectory
0x00000000075dd000 	/System/Library/Frameworks/SecurityFoundation.framework/Versions/A/SecurityFoundation
0x00000000075dd000 	/System/Library/PrivateFrameworks/LanguageModeling.framework/Versions/A/LanguageModeling
0x00000000075dd000 	/usr/lib/libmarisa.dylib
0x00000000075dd000 	/usr/lib/libChineseTokenizer.dylib
0x00000000075dd000 	/usr/lib/libcmph.dylib
0x00000000075dd000 	/System/Library/Frameworks/ServiceManagement.framework/Versions/A/ServiceManagement
0x00000000075dd000 	/usr/lib/libxslt.1.dylib
0x00000000075dd000 	/System/Library/Frameworks/Carbon.framework/Versions/A/Frameworks/Ink.framework/Versions/A/Ink
0x00000000075dd000 	/usr/lib/libFosl_dynamic.dylib
0x00000000075dd000 	/System/Library/PrivateFrameworks/FaceCore.framework/Versions/A/FaceCore
0x00000000075dd000 	/System/Library/Frameworks/OpenCL.framework/Versions/A/OpenCL
0x00000000075dd000 	/System/Library/PrivateFrameworks/CrashReporterSupport.framework/Versions/A/CrashReporterSupport
0x00000000075dd000 	/System/Library/PrivateFrameworks/IconServices.framework/Versions/A/IconServices
0x00000000075dd000 	/System/Library/PrivateFrameworks/Apple80211.framework/Versions/A/Apple80211
0x00000000075dd000 	/System/Library/Frameworks/CoreWLAN.framework/Versions/A/CoreWLAN
0x00000000075dd000 	/System/Library/Frameworks/IOBluetooth.framework/Versions/A/IOBluetooth
0x00000000075dd000 	/System/Library/PrivateFrameworks/CoreWiFi.framework/Versions/A/CoreWiFi
0x00000000075dd000 	/System/Library/Frameworks/CoreBluetooth.framework/Versions/A/CoreBluetooth
0x00000000075dd000 	/System/Library/PrivateFrameworks/ChunkingLibrary.framework/Versions/A/ChunkingLibrary
0x00000000075dd000 	/System/Library/PrivateFrameworks/DebugSymbols.framework/Versions/A/DebugSymbols
0x00000000075dd000 	/System/Library/PrivateFrameworks/CoreSymbolication.framework/Versions/A/CoreSymbolication
0x00000000075dd000 	/System/Library/PrivateFrameworks/Symbolication.framework/Versions/A/Symbolication
0x00000000075dd000 	/System/Library/PrivateFrameworks/SpeechRecognitionCore.framework/Versions/A/SpeechRecognitionCore
0x0000000110a00000 	/Library/Java/JavaVirtualMachines/jdk1.8.0_102.jdk/Contents/Home/jre/lib/server/libjvm.dylib
0x00000000075dd000 	/usr/lib/libstdc++.6.dylib
0x000000010f952000 	/Library/Java/JavaVirtualMachines/jdk1.8.0_102.jdk/Contents/Home/jre/lib/libverify.dylib
0x000000010f960000 	/Library/Java/JavaVirtualMachines/jdk1.8.0_102.jdk/Contents/Home/jre/lib/libjava.dylib
0x000000010f99f000 	/Library/Java/JavaVirtualMachines/jdk1.8.0_102.jdk/Contents/Home/jre/lib/libzip.dylib
0x000000012ca07000 	/System/Library/Frameworks/JavaVM.framework/Frameworks/JavaRuntimeSupport.framework/JavaRuntimeSupport
0x000000012ca22000 	/System/Library/Frameworks/JavaVM.framework/Versions/A/Frameworks/JavaNativeFoundation.framework/Versions/A/JavaNativeFoundation
0x000000012ca37000 	/System/Library/Frameworks/JavaVM.framework/Versions/A/JavaVM
0x00000000075dd000 	/System/Library/Frameworks/Carbon.framework/Versions/A/Carbon
0x000000012ca44000 	/System/Library/PrivateFrameworks/JavaLaunching.framework/Versions/A/JavaLaunching
0x00000000075dd000 	/System/Library/Frameworks/Carbon.framework/Versions/A/Frameworks/CommonPanels.framework/Versions/A/CommonPanels
0x00000000075dd000 	/System/Library/Frameworks/Carbon.framework/Versions/A/Frameworks/Help.framework/Versions/A/Help
0x00000000075dd000 	/System/Library/Frameworks/Carbon.framework/Versions/A/Frameworks/ImageCapture.framework/Versions/A/ImageCapture
0x00000000075dd000 	/System/Library/Frameworks/Carbon.framework/Versions/A/Frameworks/OpenScripting.framework/Versions/A/OpenScripting
0x00000000075dd000 	/System/Library/Frameworks/Carbon.framework/Versions/A/Frameworks/Print.framework/Versions/A/Print
0x00000000075dd000 	/System/Library/Frameworks/Carbon.framework/Versions/A/Frameworks/SecurityHI.framework/Versions/A/SecurityHI
0x000000012e362000 	/Library/Java/JavaVirtualMachines/jdk1.8.0_102.jdk/Contents/Home/jre/lib/libawt.dylib
0x000000012e40a000 	/Library/Java/JavaVirtualMachines/jdk1.8.0_102.jdk/Contents/Home/jre/lib/./libmlib_image.dylib
0x000000012e4d6000 	/Library/Java/JavaVirtualMachines/jdk1.8.0_102.jdk/Contents/Home/jre/lib/libawt_lwawt.dylib
0x000000012e58b000 	/Library/Java/JavaVirtualMachines/jdk1.8.0_102.jdk/Contents/Home/jre/lib/./libosxapp.dylib
0x00000000075dd000 	/System/Library/Frameworks/ExceptionHandling.framework/Versions/A/ExceptionHandling
0x00000000075dd000 	/System/Library/PrivateFrameworks/CoreServicesInternal.framework/Versions/A/CoreServicesInternal
0x00000000075dd000 	/System/Library/Frameworks/CoreGraphics.framework/Versions/A/Resources/libRIP.A.dylib
0x00000000075dd000 	/System/Library/Frameworks/Accelerate.framework/Versions/A/Frameworks/vImage.framework/Versions/A/Libraries/libCGInterfaces.dylib
0x00000000075dd000 	/System/Library/Frameworks/CoreGraphics.framework/Versions/A/Resources/libCGXType.A.dylib
0x00000000075dd000 	/System/Library/Frameworks/OpenCL.framework/Versions/A/Libraries/libcldcpuengine.dylib
0x00000000075dd000 	/System/Library/PrivateFrameworks/DiskImages.framework/Versions/A/DiskImages
0x00000000075dd000 	/System/Library/Frameworks/DiscRecording.framework/Versions/A/DiscRecording
0x00000000075dd000 	/usr/lib/libcsfde.dylib
0x00000000075dd000 	/usr/lib/libcurl.4.dylib
0x00000000075dd000 	/System/Library/PrivateFrameworks/MediaKit.framework/Versions/A/MediaKit
0x00000000075dd000 	/System/Library/PrivateFrameworks/ProtectedCloudStorage.framework/Versions/A/ProtectedCloudStorage
0x00000000075dd000 	/usr/lib/libCoreStorage.dylib
0x00000000075dd000 	/System/Library/PrivateFrameworks/EFILogin.framework/Versions/A/EFILogin
0x00000000075dd000 	/usr/lib/libutil.dylib
0x00000000075dd000 	/System/Library/PrivateFrameworks/FindMyDevice.framework/Versions/A/FindMyDevice
0x00000000075dd000 	/System/Library/Frameworks/LDAP.framework/Versions/A/LDAP
0x00000000075dd000 	/usr/lib/libsasl2.2.dylib
0x00000000075dd000 	/System/Library/PrivateFrameworks/CoreDaemon.framework/Versions/B/CoreDaemon
0x00000000075dd000 	/usr/lib/libcrypto.0.9.8.dylib
0x00000000075dd000 	/System/Library/PrivateFrameworks/AppleSRP.framework/Versions/A/AppleSRP
0x00000000075dd000 	/System/Library/PrivateFrameworks/TrustEvaluationAgent.framework/Versions/A/TrustEvaluationAgent
0x000000012f0e1000 	cl_kernels
0x00000000075dd000 	/System/Library/Frameworks/OpenCL.framework/Versions/A/Libraries/ImageFormats/unorm8_bgra.dylib
0x00000000075dd000 	/System/Library/Frameworks/OpenCL.framework/Versions/A/Libraries/ImageFormats/unorm8_rgba.dylib
0x00000000075dd000 	/System/Library/PrivateFrameworks/FamilyControls.framework/Versions/A/FamilyControls
0x00000000075dd000 	/System/Library/PrivateFrameworks/CommerceKit.framework/Versions/A/Frameworks/CommerceCore.framework/Versions/A/CommerceCore
0x00000000075dd000 	/System/Library/PrivateFrameworks/SystemAdministration.framework/Versions/A/SystemAdministration
0x00000000075dd000 	/System/Library/PrivateFrameworks/AppContainer.framework/Versions/A/AppContainer
0x00000000075dd000 	/System/Library/PrivateFrameworks/SecCodeWrapper.framework/Versions/A/SecCodeWrapper
0x00000000075dd000 	/System/Library/Frameworks/DirectoryService.framework/Versions/A/DirectoryService
0x00000000075dd000 	/System/Library/PrivateFrameworks/LoginUIKit.framework/Versions/A/Frameworks/LoginUICore.framework/Versions/A/LoginUICore
0x00000000075dd000 	/usr/lib/libodfde.dylib
0x00000000075dd000 	/System/Library/Frameworks/OpenGL.framework/Versions/A/Resources/GLEngine.bundle/GLEngine
0x00000000075dd000 	/System/Library/Frameworks/OpenGL.framework/Versions/A/Libraries/libGLProgrammability.dylib
0x00000001312e5000 	/System/Library/Extensions/AppleIntelHD5000GraphicsGLDriver.bundle/Contents/MacOS/AppleIntelHD5000GraphicsGLDriver
0x00000000075dd000 	/System/Library/PrivateFrameworks/GPUSupport.framework/Versions/A/Libraries/libGPUSupportMercury.dylib
0x00000000075dd000 	/System/Library/Extensions/GeForceGLDriver.bundle/Contents/MacOS/GeForceGLDriver
0x00000000075dd000 	/System/Library/Extensions/GeForceGLDriver.bundle/Contents/MacOS/libclh.dylib
0x00000000075dd000 	/System/Library/Frameworks/OpenGL.framework/Versions/A/Resources/GLRendererFloat.bundle/GLRendererFloat
0x00000001322dc000 	/Library/Java/JavaVirtualMachines/jdk1.8.0_102.jdk/Contents/Home/jre/lib/libfontmanager.dylib
0x0000000134445000 	/Library/Java/JavaVirtualMachines/jdk1.8.0_102.jdk/Contents/Home/jre/lib/libosxui.dylib
0x0000000135127000 	/Library/Java/JavaVirtualMachines/jdk1.8.0_102.jdk/Contents/Home/jre/lib/libnet.dylib
0x0000000134f3b000 	/Library/Java/JavaVirtualMachines/jdk1.8.0_102.jdk/Contents/Home/jre/lib/libnio.dylib
0x00000000075dd000 	/System/Library/Frameworks/ApplicationServices.framework/Versions/A/Frameworks/ATS.framework/Versions/A/Resources/libTrueTypeScaler.dylib
0x000000018630e000 	/System/Library/Extensions/GeForceMTLDriver.bundle/Contents/MacOS/GeForceMTLDriver
0x0000000186452000 	/System/Library/Extensions/AppleIntelHD5000GraphicsMTLDriver.bundle/Contents/MacOS/AppleIntelHD5000GraphicsMTLDriver
0x000000012f7bd000 	/private/var/folders/s0/99ys_lw53gq1_m9t_wd8qrhh0000gv/T/jogamp_0000/file_cache/jln59140566174272288/jln8363250403376997073/libgluegen-rt.jnilib
0x000000012f7c2000 	/private/var/folders/s0/99ys_lw53gq1_m9t_wd8qrhh0000gv/T/jogamp_0000/file_cache/jln59140566174272288/jln8363250403376997073/libnativewindow_awt.jnilib
0x000000012f7c5000 	/Library/Java/JavaVirtualMachines/jdk1.8.0_102.jdk/Contents/Home/jre/lib/libjawt.dylib
0x00000001861e4000 	/private/var/folders/s0/99ys_lw53gq1_m9t_wd8qrhh0000gv/T/jogamp_0000/file_cache/jln59140566174272288/jln8363250403376997073/libnativewindow_macosx.jnilib
0x00000001870ee000 	/private/var/folders/s0/99ys_lw53gq1_m9t_wd8qrhh0000gv/T/jogamp_0000/file_cache/jln59140566174272288/jln8363250403376997073/libjogl_desktop.jnilib
0x000000018fb87000 	/Library/Java/JavaVirtualMachines/jdk1.8.0_102.jdk/Contents/Home/jre/lib/libt2k.dylib

VM Arguments:
jvm_args: -Djava.security.policy=java.policy.applet -Dfile.encoding=UTF-8 
java_command: sun.applet.AppletViewer module3.EarthquakeCityMap1483974375706.html
java_class_path (initial): /Users/giuseppe/Documents/workspace/UCSDUnfoldingMaps/build:/Users/giuseppe/Documents/workspace/UCSDUnfoldingMaps/lib/core.jar:/Users/giuseppe/Documents/workspace/UCSDUnfoldingMaps/lib/gluegen-rt.jar:/Users/giuseppe/Documents/workspace/UCSDUnfoldingMaps/lib/jogl-all.jar:/Users/giuseppe/Documents/workspace/UCSDUnfoldingMaps/lib/log4j-1.2.15.jar:/Users/giuseppe/Documents/workspace/UCSDUnfoldingMaps/lib/sqlite-jdbc-3.7.2.jar:/Users/giuseppe/Documents/workspace/UCSDUnfoldingMaps/lib/json4processing.jar:/Users/giuseppe/Documents/workspace/UCSDUnfoldingMaps/lib/libTUIO.jar:/Users/giuseppe/Documents/workspace/UCSDUnfoldingMaps/lib/unfolding.0.9.7-uscd.jar
Launcher Type: SUN_STANDARD

Environment Variables:
PATH=/usr/bin:/bin:/usr/sbin:/sbin
SHELL=/bin/bash
DISPLAY=/private/tmp/com.apple.launchd.vYoQ6Lg394/org.macosforge.xquartz:0

Signal Handlers:
SIGSEGV: [libjvm.dylib+0x5b0579], sa_mask[0]=11111111011111110111111111111111, sa_flags=SA_ONSTACK|SA_RESTART|SA_SIGINFO
SIGBUS: [libjvm.dylib+0x5b0579], sa_mask[0]=11111111011111110111111111111111, sa_flags=SA_RESTART|SA_SIGINFO
SIGFPE: [libjvm.dylib+0x4874e4], sa_mask[0]=11111111011111110111111111111111, sa_flags=SA_RESTART|SA_SIGINFO
SIGPIPE: [libjvm.dylib+0x4874e4], sa_mask[0]=11111111011111110111111111111111, sa_flags=SA_RESTART|SA_SIGINFO
SIGXFSZ: [libjvm.dylib+0x4874e4], sa_mask[0]=11111111011111110111111111111111, sa_flags=SA_RESTART|SA_SIGINFO
SIGILL: [libjvm.dylib+0x4874e4], sa_mask[0]=11111111011111110111111111111111, sa_flags=SA_RESTART|SA_SIGINFO
SIGUSR1: SIG_DFL, sa_mask[0]=00000000000000000000000000000000, sa_flags=none
SIGUSR2: [libjvm.dylib+0x487002], sa_mask[0]=00100000000000000000000000000000, sa_flags=SA_RESTART|SA_SIGINFO
SIGHUP: [libjvm.dylib+0x4855d9], sa_mask[0]=11111111011111110111111111111111, sa_flags=SA_RESTART|SA_SIGINFO
SIGINT: [libjvm.dylib+0x4855d9], sa_mask[0]=11111111011111110111111111111111, sa_flags=SA_RESTART|SA_SIGINFO
SIGTERM: [libjvm.dylib+0x4855d9], sa_mask[0]=11111111011111110111111111111111, sa_flags=SA_RESTART|SA_SIGINFO
SIGQUIT: [libjvm.dylib+0x4855d9], sa_mask[0]=11111111011111110111111111111111, sa_flags=SA_RESTART|SA_SIGINFO


---------------  S Y S T E M  ---------------

OS:Bsduname:Darwin 15.5.0 Darwin Kernel Version 15.5.0: Tue Apr 19 18:36:36 PDT 2016; root:xnu-3248.50.21~8/RELEASE_X86_64 x86_64
rlimit: STACK 8192k, CORE 0k, NPROC 709, NOFILE 10240, AS infinity
load average:2.00 2.13 2.07

CPU:total 8 (4 cores per cpu, 2 threads per core) family 6 model 70 stepping 1, cmov, cx8, fxsr, mmx, sse, sse2, sse3, ssse3, sse4.1, sse4.2, popcnt, avx, avx2, aes, clmul, erms, rtm, lzcnt, ht, tsc, tscinvbit, bmi1, bmi2

Memory: 4k page, physical 16777216k(674824k free)

/proc/meminfo:


vm_info: Java HotSpot(TM) 64-Bit Server VM (25.102-b14) for bsd-amd64 JRE (1.8.0_102-b14), built on Jun 22 2016 11:42:36 by "java_re" with gcc 4.2.1 (Based on Apple Inc. build 5658) (LLVM build 2336.11.00)

time: Mon Jan  9 16:06:23 2017
elapsed time: 7 seconds (0d 0h 0m 7s)

