#
# A fatal error has been detected by the Java Runtime Environment:
#
#  SIGSEGV (0xb) at pc=0x00007fff9c50e4dd, pid=32234, tid=0x0000000000000a0b
#
# JRE version: Java(TM) SE Runtime Environment (8.0_102-b14) (build 1.8.0_102-b14)
# Java VM: Java HotSpot(TM) 64-Bit Server VM (25.102-b14 mixed mode bsd-amd64 compressed oops)
# Problematic frame:
# C  [libobjc.A.dylib+0x14dd]  objc_msgSend+0x1d
#
# Failed to write core dump. Core dumps have been disabled. To enable core dumping, try "ulimit -c unlimited" before starting Java again
#
# If you would like to submit a bug report, please visit:
#   http://bugreport.java.com/bugreport/crash.jsp
# The crash happened outside the Java Virtual Machine in native code.
# See problematic frame for where to report the bug.
#

---------------  T H R E A D  ---------------

Current thread (0x00007ff1731bc800):  JavaThread "AWT-AppKit" daemon [_thread_in_native, id=2571, stack(0x00007fff54111000,0x00007fff54911000)]

siginfo: si_signo: 11 (SIGSEGV), si_code: 1 (SEGV_MAPERR), si_addr: 0x0000000000000018

Registers:
RAX=0x00007ff179486300, RBX=0x0000000181e88450, RCX=0x000000012b3bfda0, RDX=0x000000012b3bf360
RSP=0x00007fff5490c3d8, RBP=0x00007fff5490c490, RSI=0x00007fff8f935cde, RDI=0x00007ff179740250
R8 =0x0000000000000000, R9 =0x00000000000008b0, R10=0x00007fff8f935cde, R11=0x0000000000000000
R12=0x0000000000000000, R13=0x0000000187fbfa48, R14=0x0000000181e88440, R15=0x00007ff1731bc800
RIP=0x00007fff9c50e4dd, EFLAGS=0x0000000000010246, ERR=0x0000000000000004
  TRAPNO=0x000000000000000e

Top of Stack: (sp=0x00007fff5490c3d8)
0x00007fff5490c3d8:   0000000181e86157 00007fff5490c430
0x00007fff5490c3e8:   0000000000000003 00007fff5490c410
0x00007fff5490c3f8:   000000010c7f2e32 0000000187fbfa48
0x00007fff5490c408:   0000000187fbfa48 00007ff179486300
0x00007fff5490c418:   0000000181e886a0 0000000181e88710
0x00007fff5490c428:   00007fff7ad9b770 00007fff77998500
0x00007fff5490c438:   0000000181e88450 0000000181e88690
0x00007fff5490c448:   00007ff179486300 00007ff179740250
0x00007fff5490c458:   00007ff179770fb0 00007ff179486300
0x00007fff5490c468:   00007ff179740250 00007fff5490c518
0x00007fff5490c478:   00007ff1731bc9f8 0000000187fbfa48
0x00007fff5490c488:   00007fff5490c540 00007fff5490c508
0x00007fff5490c498:   000000010d5b89d4 0000000187fbfa48
0x00007fff5490c4a8:   00007fff5490c540 00007fff5490c508
0x00007fff5490c4b8:   000000010d5b8767 000000010d5b8722
0x00007fff5490c4c8:   00007fff5490c4c8 0000000187fbfa48
0x00007fff5490c4d8:   00007fff5490c540 0000000187fe3028
0x00007fff5490c4e8:   0000000000000000 0000000187fbfa48
0x00007fff5490c4f8:   0000000000000000 00007fff5490c528
0x00007fff5490c508:   00007fff5490c588 000000010d5a92bd
0x00007fff5490c518:   00000006c0847cb8 000000010d5b2538
0x00007fff5490c528:   00007ff179486300 00007fff5490c588
0x00007fff5490c538:   00007ff179740250 000000010d5b3e02
0x00007fff5490c548:   00007fff5490c548 0000000187fbfc12
0x00007fff5490c558:   00007fff5490c5b0 0000000187fe3028
0x00007fff5490c568:   0000000000000000 0000000187fbfc20
0x00007fff5490c578:   00007fff5490c528 00007fff5490c598
0x00007fff5490c588:   00007fff5490c5f8 000000010d5a92bd
0x00007fff5490c598:   00007ff179486300 00000006c0960be0
0x00007fff5490c5a8:   00007ff179740250 00000006c0960be0
0x00007fff5490c5b8:   00007fff5490c5b8 000000018d674a6e
0x00007fff5490c5c8:   00007fff5490c608 000000018d674b28 

Instructions: (pc=0x00007fff9c50e4dd)
0x00007fff9c50e4bd:   44 00 00 48 85 ff 2e 74 62 40 f6 c7 01 2e 75 66
0x00007fff9c50e4cd:   49 bb f8 ff ff ff ff 7f 00 00 4c 23 1f 49 89 f2
0x00007fff9c50e4dd:   45 23 53 18 49 c1 e2 04 4d 03 53 10 49 3b 32 75
0x00007fff9c50e4ed:   04 41 ff 62 08 49 83 3a 01 76 0d 49 83 c2 10 49 

Register to memory mapping:

RAX=0x00007ff179486300 is an unknown value
RBX=0x0000000181e88450: Java_jogamp_nativewindow_macosx_OSXUtil_GetScreenRefreshRate0+0x1cf0 in /private/var/folders/s0/99ys_lw53gq1_m9t_wd8qrhh0000gv/T/jogamp_0000/file_cache/jln803238280635116016/jln1394111929505442891/libnativewindow_macosx.jnilib at 0x0000000181e81000
RCX=0x000000012b3bfda0 is an unknown value
RDX=0x000000012b3bf360 is an unknown value
RSP=0x00007fff5490c3d8 is pointing into the stack for thread: 0x00007ff1731bc800
RBP=0x00007fff5490c490 is pointing into the stack for thread: 0x00007ff1731bc800
RSI=0x00007fff8f935cde is an unknown value
RDI=0x00007ff179740250 is an unknown value
R8 =0x0000000000000000 is an unknown value
R9 =0x00000000000008b0 is an unknown value
R10=0x00007fff8f935cde is an unknown value
R11=0x0000000000000000 is an unknown value
R12=0x0000000000000000 is an unknown value
R13={method} {0x0000000187fbfa48} 'UnsetJAWTRootSurfaceLayer0' '(JJ)V' in 'jogamp/nativewindow/jawt/macosx/MacOSXJAWTWindow'
R14=0x0000000181e88440: Java_jogamp_nativewindow_macosx_OSXUtil_GetScreenRefreshRate0+0x1ce0 in /private/var/folders/s0/99ys_lw53gq1_m9t_wd8qrhh0000gv/T/jogamp_0000/file_cache/jln803238280635116016/jln1394111929505442891/libnativewindow_macosx.jnilib at 0x0000000181e81000
R15=0x00007ff1731bc800 is a thread


Stack: [0x00007fff54111000,0x00007fff54911000],  sp=0x00007fff5490c3d8,  free space=8172k
Native frames: (J=compiled Java code, j=interpreted, Vv=VM code, C=native code)
C  [libobjc.A.dylib+0x14dd]  objc_msgSend+0x1d
j  jogamp.nativewindow.jawt.macosx.MacOSXJAWTWindow.UnsetJAWTRootSurfaceLayer0(JJ)V+0
j  jogamp.nativewindow.jawt.macosx.MacOSXJAWTWindow.access$200(JJ)V+2
j  jogamp.nativewindow.jawt.macosx.MacOSXJAWTWindow$1.run()V+38
j  com.jogamp.common.util.RunnableTask.run()V+24
v  ~StubRoutines::call_stub
V  [libjvm.dylib+0x2ed5e2]
V  [libjvm.dylib+0x324771]
V  [libjvm.dylib+0x316f3f]
C  [libnativewindow_macosx.jnilib+0x5326]  Java_jogamp_nativewindow_jawt_macosx_MacOSXJAWTWindow_UnsetJAWTRootSurfaceLayer0+0x2b6
C  [Foundation+0x76fde]  __NSThreadPerformPerform+0x117
C  [CoreFoundation+0xaa881]  __CFRUNLOOP_IS_CALLING_OUT_TO_A_SOURCE0_PERFORM_FUNCTION__+0x11
C  [CoreFoundation+0x89f37]  __CFRunLoopDoSources0+0x1a7
C  [CoreFoundation+0x894df]  __CFRunLoopRun+0x39f
C  [CoreFoundation+0x88ed8]  CFRunLoopRunSpecific+0x128
C  [HIToolbox+0x30935]  RunCurrentEventLoopInMode+0xeb
C  [HIToolbox+0x30677]  ReceiveNextEventCommon+0xb8
C  [HIToolbox+0x305af]  _BlockUntilNextEventMatchingListInModeWithFilter+0x47
C  [AppKit+0x48df6]  _DPSNextEvent+0x42b
C  [AppKit+0x48226]  -[NSApplication _nextEventMatchingEventMask:untilDate:inMode:dequeue:]+0x1c6
C  [libosxapp.dylib+0x23aa]  -[NSApplicationAWT nextEventMatchingMask:untilDate:inMode:dequeue:]+0x7c
C  [AppKit+0x3cd80]  -[NSApplication run]+0x2aa
C  [libosxapp.dylib+0x214d]  +[NSApplicationAWT runAWTLoopWithApp:]+0x9c
C  [libawt_lwawt.dylib+0x444b3]  -[AWTStarter starter:]+0x389
C  [Foundation+0x76fde]  __NSThreadPerformPerform+0x117
C  [CoreFoundation+0xaa881]  __CFRUNLOOP_IS_CALLING_OUT_TO_A_SOURCE0_PERFORM_FUNCTION__+0x11
C  [CoreFoundation+0x89fbc]  __CFRunLoopDoSources0+0x22c
C  [CoreFoundation+0x894df]  __CFRunLoopRun+0x39f
C  [CoreFoundation+0x88ed8]  CFRunLoopRunSpecific+0x128
C  [java+0x6465]  CreateExecutionEnvironment+0x367
C  [java+0x218c]  JLI_Launch+0x7a0
C  [java+0x84c2]  main+0x65
C  [java+0x19e4]  start+0x34
C  0x0000000000000007

Java frames: (J=compiled Java code, j=interpreted, Vv=VM code)
j  jogamp.nativewindow.jawt.macosx.MacOSXJAWTWindow.UnsetJAWTRootSurfaceLayer0(JJ)V+0
j  jogamp.nativewindow.jawt.macosx.MacOSXJAWTWindow.access$200(JJ)V+2
j  jogamp.nativewindow.jawt.macosx.MacOSXJAWTWindow$1.run()V+38
j  com.jogamp.common.util.RunnableTask.run()V+24
v  ~StubRoutines::call_stub

---------------  P R O C E S S  ---------------

Java Threads: ( => current thread )
  0x00007ff17a804000 JavaThread "Thread-19" [_thread_blocked, id=69643, stack(0x0000700001762000,0x0000700001862000)]
  0x00007ff174917800 JavaThread "AWT-EventQueue-1" [_thread_in_native, id=66343, stack(0x0000700001f83000,0x0000700002083000)]
  0x00007ff1729f0000 JavaThread "DestroyJavaVM" [_thread_blocked, id=5891, stack(0x000070000011a000,0x000070000021a000)]
  0x00007ff17324e000 JavaThread "AWT-EventQueue-0" [_thread_blocked, id=63247, stack(0x0000700001d7d000,0x0000700001e7d000)]
  0x00007ff173885000 JavaThread "Java2D Disposer" daemon [_thread_blocked, id=58631, stack(0x0000700001af4000,0x0000700001bf4000)]
  0x00007ff17482a800 JavaThread "Java2D Queue Flusher" daemon [_thread_blocked, id=54795, stack(0x00007000019f1000,0x0000700001af1000)]
  0x00007ff17385b000 JavaThread "AWT-Shutdown" [_thread_blocked, id=31763, stack(0x000070000165f000,0x000070000175f000)]
=>0x00007ff1731bc800 JavaThread "AWT-AppKit" daemon [_thread_in_native, id=2571, stack(0x00007fff54111000,0x00007fff54911000)]
  0x00007ff174862800 JavaThread "Service Thread" daemon [_thread_blocked, id=20995, stack(0x00007000012d0000,0x00007000013d0000)]
  0x00007ff173809000 JavaThread "C1 CompilerThread3" daemon [_thread_blocked, id=20483, stack(0x00007000011cd000,0x00007000012cd000)]
  0x00007ff174824800 JavaThread "C2 CompilerThread2" daemon [_thread_blocked, id=19971, stack(0x00007000010ca000,0x00007000011ca000)]
  0x00007ff172840000 JavaThread "C2 CompilerThread1" daemon [_thread_blocked, id=19459, stack(0x0000700000fc7000,0x00007000010c7000)]
  0x00007ff173018000 JavaThread "C2 CompilerThread0" daemon [_thread_blocked, id=18947, stack(0x0000700000ec4000,0x0000700000fc4000)]
  0x00007ff17300c800 JavaThread "Signal Dispatcher" daemon [_thread_blocked, id=15887, stack(0x0000700000dc1000,0x0000700000ec1000)]
  0x00007ff174855800 JavaThread "Finalizer" daemon [_thread_blocked, id=14339, stack(0x0000700000c3b000,0x0000700000d3b000)]
  0x00007ff176004000 JavaThread "Reference Handler" daemon [_thread_blocked, id=13827, stack(0x0000700000b38000,0x0000700000c38000)]

Other Threads:
  0x00007ff17484f800 VMThread [stack: 0x0000700000a35000,0x0000700000b35000] [id=13315]
  0x00007ff172840800 WatcherThread [stack: 0x00007000013d3000,0x00007000014d3000] [id=21507]

VM state:not at safepoint (normal execution)

VM Mutex/Monitor currently owned by a thread: None

Heap:
 PSYoungGen      total 32256K, used 23690K [0x000000076ab00000, 0x000000076cb80000, 0x00000007c0000000)
  eden space 31232K, 75% used [0x000000076ab00000,0x000000076c1fa870,0x000000076c980000)
  from space 1024K, 15% used [0x000000076ca80000,0x000000076caa8000,0x000000076cb80000)
  to   space 1024K, 0% used [0x000000076c980000,0x000000076c980000,0x000000076ca80000)
 ParOldGen       total 175104K, used 18617K [0x00000006c0000000, 0x00000006cab00000, 0x000000076ab00000)
  object space 175104K, 10% used [0x00000006c0000000,0x00000006c122e620,0x00000006cab00000)
 Metaspace       used 20792K, capacity 20985K, committed 21120K, reserved 1069056K
  class space    used 2048K, capacity 2147K, committed 2176K, reserved 1048576K

Card table byte_map: [0x000000011c961000,0x000000011d162000] byte_map_base: 0x0000000119361000

Marking Bits: (ParMarkBitMap*) 0x000000010ceefd20
 Begin Bits: [0x000000011d6b8000, 0x00000001216b8000)
 End Bits:   [0x00000001216b8000, 0x00000001256b8000)

Polling page: 0x000000010b5b2000

CodeCache: size=245760Kb used=8509Kb max_used=9655Kb free=237250Kb
 bounds [0x000000010d5a1000, 0x000000010df21000, 0x000000011c5a1000]
 total_blobs=3210 nmethods=2329 adapters=794
 compilation: enabled

Compilation events (10 events):
Event: 684.242 Thread 0x00007ff173809000 nmethod 2609 0x000000010da11b50 code [0x000000010da11ca0, 0x000000010da11df0]
Event: 684.242 Thread 0x00007ff172840000 nmethod 2608 0x000000010d7673d0 code [0x000000010d767520, 0x000000010d767578]
Event: 684.280 Thread 0x00007ff173809000 2610       3       java.util.HashMap::put (13 bytes)
Event: 684.280 Thread 0x00007ff173809000 nmethod 2610 0x000000010d70f150 code [0x000000010d70f2e0, 0x000000010d70f698]
Event: 684.287 Thread 0x00007ff174824800 2611  s    4       sun.misc.URLClassPath::getNextLoader (88 bytes)
Event: 684.287 Thread 0x00007ff173809000 2612  s!   2       sun.misc.URLClassPath::getLoader (197 bytes)
Event: 684.289 Thread 0x00007ff173809000 nmethod 2612 0x000000010d8d8910 code [0x000000010d8d8c00, 0x000000010d8da328]
Event: 684.289 Thread 0x00007ff173809000 2613   !   3       sun.lwawt.LWComponentPeer::isShowing (49 bytes)
Event: 684.290 Thread 0x00007ff173809000 nmethod 2613 0x000000010deb3190 code [0x000000010deb3340, 0x000000010deb3c48]
Event: 684.291 Thread 0x00007ff174824800 nmethod 2611 0x000000010d72b050 code [0x000000010d72b1c0, 0x000000010d72b938]

GC Heap History (10 events):
Event: 645.739 GC heap before
{Heap before GC invocations=56 (full 0):
 PSYoungGen      total 32768K, used 31424K [0x000000076ab00000, 0x000000076cc80000, 0x00000007c0000000)
  eden space 31232K, 100% used [0x000000076ab00000,0x000000076c980000,0x000000076c980000)
  from space 1536K, 12% used [0x000000076c980000,0x000000076c9b0000,0x000000076cb00000)
  to   space 1536K, 0% used [0x000000076cb00000,0x000000076cb00000,0x000000076cc80000)
 ParOldGen       total 175104K, used 18617K [0x00000006c0000000, 0x00000006cab00000, 0x000000076ab00000)
  object space 175104K, 10% used [0x00000006c0000000,0x00000006c122e620,0x00000006cab00000)
 Metaspace       used 20748K, capacity 20949K, committed 21120K, reserved 1069056K
  class space    used 2040K, capacity 2115K, committed 2176K, reserved 1048576K
Event: 645.740 GC heap after
Heap after GC invocations=56 (full 0):
 PSYoungGen      total 32768K, used 160K [0x000000076ab00000, 0x000000076cc80000, 0x00000007c0000000)
  eden space 31232K, 0% used [0x000000076ab00000,0x000000076ab00000,0x000000076c980000)
  from space 1536K, 10% used [0x000000076cb00000,0x000000076cb28000,0x000000076cc80000)
  to   space 1536K, 0% used [0x000000076c980000,0x000000076c980000,0x000000076cb00000)
 ParOldGen       total 175104K, used 18617K [0x00000006c0000000, 0x00000006cab00000, 0x000000076ab00000)
  object space 175104K, 10% used [0x00000006c0000000,0x00000006c122e620,0x00000006cab00000)
 Metaspace       used 20748K, capacity 20949K, committed 21120K, reserved 1069056K
  class space    used 2040K, capacity 2115K, committed 2176K, reserved 1048576K
}
Event: 653.906 GC heap before
{Heap before GC invocations=57 (full 0):
 PSYoungGen      total 32768K, used 31392K [0x000000076ab00000, 0x000000076cc80000, 0x00000007c0000000)
  eden space 31232K, 100% used [0x000000076ab00000,0x000000076c980000,0x000000076c980000)
  from space 1536K, 10% used [0x000000076cb00000,0x000000076cb28000,0x000000076cc80000)
  to   space 1536K, 0% used [0x000000076c980000,0x000000076c980000,0x000000076cb00000)
 ParOldGen       total 175104K, used 18617K [0x00000006c0000000, 0x00000006cab00000, 0x000000076ab00000)
  object space 175104K, 10% used [0x00000006c0000000,0x00000006c122e620,0x00000006cab00000)
 Metaspace       used 20748K, capacity 20949K, committed 21120K, reserved 1069056K
  class space    used 2040K, capacity 2115K, committed 2176K, reserved 1048576K
Event: 653.907 GC heap after
Heap after GC invocations=57 (full 0):
 PSYoungGen      total 31744K, used 192K [0x000000076ab00000, 0x000000076cb80000, 0x00000007c0000000)
  eden space 31232K, 0% used [0x000000076ab00000,0x000000076ab00000,0x000000076c980000)
  from space 512K, 37% used [0x000000076c980000,0x000000076c9b0000,0x000000076ca00000)
  to   space 1024K, 0% used [0x000000076ca80000,0x000000076ca80000,0x000000076cb80000)
 ParOldGen       total 175104K, used 18617K [0x00000006c0000000, 0x00000006cab00000, 0x000000076ab00000)
  object space 175104K, 10% used [0x00000006c0000000,0x00000006c122e620,0x00000006cab00000)
 Metaspace       used 20748K, capacity 20949K, committed 21120K, reserved 1069056K
  class space    used 2040K, capacity 2115K, committed 2176K, reserved 1048576K
}
Event: 662.024 GC heap before
{Heap before GC invocations=58 (full 0):
 PSYoungGen      total 31744K, used 31424K [0x000000076ab00000, 0x000000076cb80000, 0x00000007c0000000)
  eden space 31232K, 100% used [0x000000076ab00000,0x000000076c980000,0x000000076c980000)
  from space 512K, 37% used [0x000000076c980000,0x000000076c9b0000,0x000000076ca00000)
  to   space 1024K, 0% used [0x000000076ca80000,0x000000076ca80000,0x000000076cb80000)
 ParOldGen       total 175104K, used 18617K [0x00000006c0000000, 0x00000006cab00000, 0x000000076ab00000)
  object space 175104K, 10% used [0x00000006c0000000,0x00000006c122e620,0x00000006cab00000)
 Metaspace       used 20748K, capacity 20949K, committed 21120K, reserved 1069056K
  class space    used 2040K, capacity 2115K, committed 2176K, reserved 1048576K
Event: 662.025 GC heap after
Heap after GC invocations=58 (full 0):
 PSYoungGen      total 32256K, used 128K [0x000000076ab00000, 0x000000076cb80000, 0x00000007c0000000)
  eden space 31232K, 0% used [0x000000076ab00000,0x000000076ab00000,0x000000076c980000)
  from space 1024K, 12% used [0x000000076ca80000,0x000000076caa0000,0x000000076cb80000)
  to   space 1024K, 0% used [0x000000076c980000,0x000000076c980000,0x000000076ca80000)
 ParOldGen       total 175104K, used 18617K [0x00000006c0000000, 0x00000006cab00000, 0x000000076ab00000)
  object space 175104K, 10% used [0x00000006c0000000,0x00000006c122e620,0x00000006cab00000)
 Metaspace       used 20748K, capacity 20949K, committed 21120K, reserved 1069056K
  class space    used 2040K, capacity 2115K, committed 2176K, reserved 1048576K
}
Event: 670.393 GC heap before
{Heap before GC invocations=59 (full 0):
 PSYoungGen      total 32256K, used 31360K [0x000000076ab00000, 0x000000076cb80000, 0x00000007c0000000)
  eden space 31232K, 100% used [0x000000076ab00000,0x000000076c980000,0x000000076c980000)
  from space 1024K, 12% used [0x000000076ca80000,0x000000076caa0000,0x000000076cb80000)
  to   space 1024K, 0% used [0x000000076c980000,0x000000076c980000,0x000000076ca80000)
 ParOldGen       total 175104K, used 18617K [0x00000006c0000000, 0x00000006cab00000, 0x000000076ab00000)
  object space 175104K, 10% used [0x00000006c0000000,0x00000006c122e620,0x00000006cab00000)
 Metaspace       used 20748K, capacity 20949K, committed 21120K, reserved 1069056K
  class space    used 2040K, capacity 2115K, committed 2176K, reserved 1048576K
Event: 670.394 GC heap after
Heap after GC invocations=59 (full 0):
 PSYoungGen      total 32256K, used 192K [0x000000076ab00000, 0x000000076cb80000, 0x00000007c0000000)
  eden space 31232K, 0% used [0x000000076ab00000,0x000000076ab00000,0x000000076c980000)
  from space 1024K, 18% used [0x000000076c980000,0x000000076c9b0000,0x000000076ca80000)
  to   space 1024K, 0% used [0x000000076ca80000,0x000000076ca80000,0x000000076cb80000)
 ParOldGen       total 175104K, used 18617K [0x00000006c0000000, 0x00000006cab00000, 0x000000076ab00000)
  object space 175104K, 10% used [0x00000006c0000000,0x00000006c122e620,0x00000006cab00000)
 Metaspace       used 20748K, capacity 20949K, committed 21120K, reserved 1069056K
  class space    used 2040K, capacity 2115K, committed 2176K, reserved 1048576K
}
Event: 678.578 GC heap before
{Heap before GC invocations=60 (full 0):
 PSYoungGen      total 32256K, used 31424K [0x000000076ab00000, 0x000000076cb80000, 0x00000007c0000000)
  eden space 31232K, 100% used [0x000000076ab00000,0x000000076c980000,0x000000076c980000)
  from space 1024K, 18% used [0x000000076c980000,0x000000076c9b0000,0x000000076ca80000)
  to   space 1024K, 0% used [0x000000076ca80000,0x000000076ca80000,0x000000076cb80000)
 ParOldGen       total 175104K, used 18617K [0x00000006c0000000, 0x00000006cab00000, 0x000000076ab00000)
  object space 175104K, 10% used [0x00000006c0000000,0x00000006c122e620,0x00000006cab00000)
 Metaspace       used 20748K, capacity 20949K, committed 21120K, reserved 1069056K
  class space    used 2040K, capacity 2115K, committed 2176K, reserved 1048576K
Event: 678.579 GC heap after
Heap after GC invocations=60 (full 0):
 PSYoungGen      total 32256K, used 160K [0x000000076ab00000, 0x000000076cb80000, 0x00000007c0000000)
  eden space 31232K, 0% used [0x000000076ab00000,0x000000076ab00000,0x000000076c980000)
  from space 1024K, 15% used [0x000000076ca80000,0x000000076caa8000,0x000000076cb80000)
  to   space 1024K, 0% used [0x000000076c980000,0x000000076c980000,0x000000076ca80000)
 ParOldGen       total 175104K, used 18617K [0x00000006c0000000, 0x00000006cab00000, 0x000000076ab00000)
  object space 175104K, 10% used [0x00000006c0000000,0x00000006c122e620,0x00000006cab00000)
 Metaspace       used 20748K, capacity 20949K, committed 21120K, reserved 1069056K
  class space    used 2040K, capacity 2115K, committed 2176K, reserved 1048576K
}

Deoptimization events (10 events):
Event: 684.242 Thread 0x00007ff17324e000 Uncommon trap: reason=unstable_if action=reinterpret pc=0x000000010de89b5c method=sun.java2d.pipe.Region.intersectsQuickCheck(Lsun/java2d/pipe/Region;)Z @ 41
Event: 684.277 Thread 0x00007ff17284a800 Uncommon trap: reason=unstable_if action=reinterpret pc=0x000000010d9dc3dc method=java.util.HashMap.putVal(ILjava/lang/Object;Ljava/lang/Object;ZZ)Ljava/lang/Object; @ 81
Event: 684.277 Thread 0x00007ff17284a800 Uncommon trap: reason=unstable_if action=reinterpret pc=0x000000010d9db870 method=java.util.HashMap.putVal(ILjava/lang/Object;Ljava/lang/Object;ZZ)Ljava/lang/Object; @ 81
Event: 684.278 Thread 0x00007ff17324e000 Uncommon trap: reason=class_check action=maybe_recompile pc=0x000000010debb50c method=java.awt.Component.getGraphics()Ljava/awt/Graphics; @ 114
Event: 684.279 Thread 0x00007ff1731bc800 Uncommon trap: reason=class_check action=maybe_recompile pc=0x000000010d7042c0 method=com.jogamp.common.util.RunnableTask.run()V @ 24
Event: 684.280 Thread 0x00007ff1731bc800 Uncommon trap: reason=unstable_if action=reinterpret pc=0x000000010d6fb97c method=jogamp.nativewindow.macosx.OSXUtil.RunOnMainThread(ZZLjava/lang/Runnable;)V @ 3
Event: 684.286 Thread 0x00007ff174917800 Uncommon trap: reason=unstable_if action=reinterpret pc=0x000000010deebd70 method=jogamp.opengl.GLContextImpl.release(Z)V @ 161
Event: 684.288 Thread 0x00007ff174917800 Uncommon trap: reason=unstable_if action=reinterpret pc=0x000000010de61f18 method=java.util.LinkedList$ListItr.<init>(Ljava/util/LinkedList;I)V @ 26
Event: 684.289 Thread 0x00007ff17a804000 Uncommon trap: reason=predicate action=maybe_recompile pc=0x000000010dcc7894 method=java.util.Vector.indexOf(Ljava/lang/Object;I)I @ 44
Event: 684.292 Thread 0x00007ff1731bc800 Uncommon trap: reason=class_check action=maybe_recompile pc=0x000000010d7042c0 method=com.jogamp.common.util.RunnableTask.run()V @ 24

Internal exceptions (10 events):
Event: 0.108 Thread 0x00007ff174806800 Exception <a 'java/lang/NoSuchFieldError': method resolution failed> (0x000000076ada7408) thrown at [/Users/java_re/workspace/8-2-build-macosx-x86_64/jdk8u102/7268/hotspot/src/share/vm/prims/methodHandles.cpp, line 1146]
Event: 0.109 Thread 0x00007ff174806800 Exception <a 'java/lang/NoSuchFieldError': method resolution failed> (0x000000076adb4bd8) thrown at [/Users/java_re/workspace/8-2-build-macosx-x86_64/jdk8u102/7268/hotspot/src/share/vm/prims/methodHandles.cpp, line 1146]
Event: 0.215 Thread 0x00007ff174806800 Exception <a 'java/io/FileNotFoundException'> (0x000000076ae30418) thrown at [/Users/java_re/workspace/8-2-build-macosx-x86_64/jdk8u102/7268/hotspot/src/share/vm/prims/jni.cpp, line 709]
Event: 0.215 Thread 0x00007ff174806800 Exception <a 'java/io/FileNotFoundException'> (0x000000076ae30f98) thrown at [/Users/java_re/workspace/8-2-build-macosx-x86_64/jdk8u102/7268/hotspot/src/share/vm/prims/jni.cpp, line 709]
Event: 0.312 Thread 0x00007ff174806800 Exception <a 'java/io/FileNotFoundException'> (0x000000076aec5fa8) thrown at [/Users/java_re/workspace/8-2-build-macosx-x86_64/jdk8u102/7268/hotspot/src/share/vm/prims/jni.cpp, line 709]
Event: 1.233 Thread 0x00007ff17339a000 Exception <a 'java/lang/UnsatisfiedLinkError': com.jogamp.common.util.JarUtil.fixNativeLibAttribs(Ljava/lang/String;)Z> (0x000000076c77b638) thrown at [/Users/java_re/workspace/8-2-build-macosx-x86_64/jdk8u102/7268/hotspot/src/share/vm/prims/nativeLookup.
Event: 1.915 Thread 0x00007ff174917800 Exception <a 'java/io/FileNotFoundException'> (0x000000076d7e0bd8) thrown at [/Users/java_re/workspace/8-2-build-macosx-x86_64/jdk8u102/7268/hotspot/src/share/vm/prims/jni.cpp, line 709]
Event: 1.915 Thread 0x00007ff174917800 Exception <a 'java/io/FileNotFoundException'> (0x000000076d7e6ed8) thrown at [/Users/java_re/workspace/8-2-build-macosx-x86_64/jdk8u102/7268/hotspot/src/share/vm/prims/jni.cpp, line 709]
Event: 1.915 Thread 0x00007ff174917800 Implicit null exception at 0x000000010d747c76 to 0x000000010d748045
Event: 2.673 Thread 0x00007ff174855800 Exception <a 'java/lang/NullPointerException'> (0x000000076ad16448) thrown at [/Users/java_re/workspace/8-2-build-macosx-x86_64/jdk8u102/7268/hotspot/src/share/vm/interpreter/linkResolver.cpp, line 1178]

Events (10 events):
Event: 684.289 Thread 0x00007ff17a804000 DEOPT UNPACKING pc=0x000000010d5a6229 sp=0x0000700001861748 mode 2
Event: 684.289 loading class java/awt/Window$1DisposeAction
Event: 684.289 loading class java/awt/Window$1DisposeAction done
Event: 684.290 Thread 0x00007ff173809000 flushing nmethod 0x000000010da00910
Event: 684.291 Thread 0x00007ff174824800 flushing nmethod 0x000000010da27110
Event: 684.291 Thread 0x00007ff174824800 flushing nmethod 0x000000010da28e50
Event: 684.292 Thread 0x00007ff174824800 flushing nmethod 0x000000010dacf5d0
Event: 684.292 Thread 0x00007ff1731bc800 Uncommon trap: trap_request=0xffffffde fr.pc=0x000000010d7042c0
Event: 684.292 Thread 0x00007ff1731bc800 DEOPT PACKING pc=0x000000010d7042c0 sp=0x00007fff5490c650
Event: 684.292 Thread 0x00007ff1731bc800 DEOPT UNPACKING pc=0x000000010d5a6229 sp=0x00007fff5490c5f8 mode 2


Dynamic libraries:
0x00000000075dd000 	/System/Library/Frameworks/Cocoa.framework/Versions/A/Cocoa
0x00000000075dd000 	/System/Library/Frameworks/Security.framework/Versions/A/Security
0x00000000075dd000 	/System/Library/Frameworks/ApplicationServices.framework/Versions/A/ApplicationServices
0x00000000075dd000 	/usr/lib/libz.1.dylib
0x00000000075dd000 	/usr/lib/libSystem.B.dylib
0x00000000075dd000 	/usr/lib/libobjc.A.dylib
0x00000000075dd000 	/System/Library/Frameworks/CoreFoundation.framework/Versions/A/CoreFoundation
0x00000000075dd000 	/System/Library/Frameworks/Foundation.framework/Versions/C/Foundation
0x00000000075dd000 	/System/Library/Frameworks/AppKit.framework/Versions/C/AppKit
0x00000000075dd000 	/System/Library/Frameworks/CoreData.framework/Versions/A/CoreData
0x00000000075dd000 	/System/Library/PrivateFrameworks/RemoteViewServices.framework/Versions/A/RemoteViewServices
0x00000000075dd000 	/System/Library/PrivateFrameworks/UIFoundation.framework/Versions/A/UIFoundation
0x00000000075dd000 	/usr/lib/libScreenReader.dylib
0x00000000075dd000 	/System/Library/Frameworks/Accelerate.framework/Versions/A/Accelerate
0x00000000075dd000 	/System/Library/Frameworks/IOSurface.framework/Versions/A/IOSurface
0x00000000075dd000 	/System/Library/Frameworks/AudioToolbox.framework/Versions/A/AudioToolbox
0x00000000075dd000 	/System/Library/Frameworks/AudioUnit.framework/Versions/A/AudioUnit
0x00000000075dd000 	/System/Library/PrivateFrameworks/DataDetectorsCore.framework/Versions/A/DataDetectorsCore
0x00000000075dd000 	/System/Library/PrivateFrameworks/DesktopServicesPriv.framework/Versions/A/DesktopServicesPriv
0x00000000075dd000 	/System/Library/Frameworks/Carbon.framework/Versions/A/Frameworks/HIToolbox.framework/Versions/A/HIToolbox
0x00000000075dd000 	/System/Library/Frameworks/QuartzCore.framework/Versions/A/QuartzCore
0x00000000075dd000 	/System/Library/Frameworks/Carbon.framework/Versions/A/Frameworks/SpeechRecognition.framework/Versions/A/SpeechRecognition
0x00000000075dd000 	/usr/lib/libauto.dylib
0x00000000075dd000 	/usr/lib/libicucore.A.dylib
0x00000000075dd000 	/usr/lib/libxml2.2.dylib
0x00000000075dd000 	/System/Library/PrivateFrameworks/CoreUI.framework/Versions/A/CoreUI
0x00000000075dd000 	/System/Library/Frameworks/CoreAudio.framework/Versions/A/CoreAudio
0x00000000075dd000 	/System/Library/Frameworks/DiskArbitration.framework/Versions/A/DiskArbitration
0x00000000075dd000 	/usr/lib/liblangid.dylib
0x00000000075dd000 	/System/Library/PrivateFrameworks/MultitouchSupport.framework/Versions/A/MultitouchSupport
0x00000000075dd000 	/System/Library/Frameworks/IOKit.framework/Versions/A/IOKit
0x00000000075dd000 	/usr/lib/libDiagnosticMessagesClient.dylib
0x00000000075dd000 	/System/Library/Frameworks/CoreServices.framework/Versions/A/CoreServices
0x00000000075dd000 	/System/Library/PrivateFrameworks/PerformanceAnalysis.framework/Versions/A/PerformanceAnalysis
0x00000000075dd000 	/System/Library/PrivateFrameworks/GenerationalStorage.framework/Versions/A/GenerationalStorage
0x00000000075dd000 	/System/Library/Frameworks/OpenGL.framework/Versions/A/OpenGL
0x00000000075dd000 	/System/Library/PrivateFrameworks/Sharing.framework/Versions/A/Sharing
0x00000000075dd000 	/System/Library/Frameworks/CoreGraphics.framework/Versions/A/CoreGraphics
0x00000000075dd000 	/System/Library/Frameworks/CoreImage.framework/Versions/A/CoreImage
0x00000000075dd000 	/System/Library/Frameworks/CoreText.framework/Versions/A/CoreText
0x00000000075dd000 	/System/Library/Frameworks/ImageIO.framework/Versions/A/ImageIO
0x00000000075dd000 	/System/Library/PrivateFrameworks/Backup.framework/Versions/A/Backup
0x00000000075dd000 	/usr/lib/libextension.dylib
0x00000000075dd000 	/usr/lib/libarchive.2.dylib
0x00000000075dd000 	/System/Library/Frameworks/CFNetwork.framework/Versions/A/CFNetwork
0x00000000075dd000 	/System/Library/Frameworks/SystemConfiguration.framework/Versions/A/SystemConfiguration
0x00000000075dd000 	/usr/lib/libCRFSuite.dylib
0x00000000075dd000 	/usr/lib/libc++.1.dylib
0x00000000075dd000 	/usr/lib/libc++abi.dylib
0x00000000075dd000 	/usr/lib/system/libcache.dylib
0x00000000075dd000 	/usr/lib/system/libcommonCrypto.dylib
0x00000000075dd000 	/usr/lib/system/libcompiler_rt.dylib
0x00000000075dd000 	/usr/lib/system/libcopyfile.dylib
0x00000000075dd000 	/usr/lib/system/libcorecrypto.dylib
0x00000000075dd000 	/usr/lib/system/libdispatch.dylib
0x00000000075dd000 	/usr/lib/system/libdyld.dylib
0x00000000075dd000 	/usr/lib/system/libkeymgr.dylib
0x00000000075dd000 	/usr/lib/system/liblaunch.dylib
0x00000000075dd000 	/usr/lib/system/libmacho.dylib
0x00000000075dd000 	/usr/lib/system/libquarantine.dylib
0x00000000075dd000 	/usr/lib/system/libremovefile.dylib
0x00000000075dd000 	/usr/lib/system/libsystem_asl.dylib
0x00000000075dd000 	/usr/lib/system/libsystem_blocks.dylib
0x00000000075dd000 	/usr/lib/system/libsystem_c.dylib
0x00000000075dd000 	/usr/lib/system/libsystem_configuration.dylib
0x00000000075dd000 	/usr/lib/system/libsystem_coreservices.dylib
0x00000000075dd000 	/usr/lib/system/libsystem_coretls.dylib
0x00000000075dd000 	/usr/lib/system/libsystem_dnssd.dylib
0x00000000075dd000 	/usr/lib/system/libsystem_info.dylib
0x00000000075dd000 	/usr/lib/system/libsystem_kernel.dylib
0x00000000075dd000 	/usr/lib/system/libsystem_m.dylib
0x00000000075dd000 	/usr/lib/system/libsystem_malloc.dylib
0x00000000075dd000 	/usr/lib/system/libsystem_network.dylib
0x00000000075dd000 	/usr/lib/system/libsystem_networkextension.dylib
0x00000000075dd000 	/usr/lib/system/libsystem_notify.dylib
0x00000000075dd000 	/usr/lib/system/libsystem_platform.dylib
0x00000000075dd000 	/usr/lib/system/libsystem_pthread.dylib
0x00000000075dd000 	/usr/lib/system/libsystem_sandbox.dylib
0x00000000075dd000 	/usr/lib/system/libsystem_secinit.dylib
0x00000000075dd000 	/usr/lib/system/libsystem_trace.dylib
0x00000000075dd000 	/usr/lib/system/libunc.dylib
0x00000000075dd000 	/usr/lib/system/libunwind.dylib
0x00000000075dd000 	/usr/lib/system/libxpc.dylib
0x00000000075dd000 	/usr/lib/libenergytrace.dylib
0x00000000075dd000 	/usr/lib/libbsm.0.dylib
0x00000000075dd000 	/usr/lib/system/libkxld.dylib
0x00000000075dd000 	/usr/lib/libxar.1.dylib
0x00000000075dd000 	/usr/lib/libsqlite3.dylib
0x00000000075dd000 	/usr/lib/libpam.2.dylib
0x00000000075dd000 	/usr/lib/libOpenScriptingUtil.dylib
0x00000000075dd000 	/usr/lib/libbz2.1.0.dylib
0x00000000075dd000 	/usr/lib/liblzma.5.dylib
0x00000000075dd000 	/System/Library/Frameworks/CoreServices.framework/Versions/A/Frameworks/FSEvents.framework/Versions/A/FSEvents
0x00000000075dd000 	/System/Library/Frameworks/CoreServices.framework/Versions/A/Frameworks/CarbonCore.framework/Versions/A/CarbonCore
0x00000000075dd000 	/System/Library/Frameworks/CoreServices.framework/Versions/A/Frameworks/Metadata.framework/Versions/A/Metadata
0x00000000075dd000 	/System/Library/Frameworks/CoreServices.framework/Versions/A/Frameworks/OSServices.framework/Versions/A/OSServices
0x00000000075dd000 	/System/Library/Frameworks/CoreServices.framework/Versions/A/Frameworks/SearchKit.framework/Versions/A/SearchKit
0x00000000075dd000 	/System/Library/Frameworks/CoreServices.framework/Versions/A/Frameworks/AE.framework/Versions/A/AE
0x00000000075dd000 	/System/Library/Frameworks/CoreServices.framework/Versions/A/Frameworks/LaunchServices.framework/Versions/A/LaunchServices
0x00000000075dd000 	/System/Library/Frameworks/CoreServices.framework/Versions/A/Frameworks/DictionaryServices.framework/Versions/A/DictionaryServices
0x00000000075dd000 	/System/Library/Frameworks/CoreServices.framework/Versions/A/Frameworks/SharedFileList.framework/Versions/A/SharedFileList
0x00000000075dd000 	/System/Library/Frameworks/NetFS.framework/Versions/A/NetFS
0x00000000075dd000 	/System/Library/PrivateFrameworks/NetAuth.framework/Versions/A/NetAuth
0x00000000075dd000 	/System/Library/PrivateFrameworks/login.framework/Versions/A/Frameworks/loginsupport.framework/Versions/A/loginsupport
0x00000000075dd000 	/System/Library/PrivateFrameworks/TCC.framework/Versions/A/TCC
0x00000000075dd000 	/usr/lib/libmecabra.dylib
0x00000000075dd000 	/System/Library/Frameworks/ApplicationServices.framework/Versions/A/Frameworks/ATS.framework/Versions/A/ATS
0x00000000075dd000 	/System/Library/Frameworks/ApplicationServices.framework/Versions/A/Frameworks/ColorSync.framework/Versions/A/ColorSync
0x00000000075dd000 	/System/Library/Frameworks/ApplicationServices.framework/Versions/A/Frameworks/HIServices.framework/Versions/A/HIServices
0x00000000075dd000 	/System/Library/Frameworks/ApplicationServices.framework/Versions/A/Frameworks/LangAnalysis.framework/Versions/A/LangAnalysis
0x00000000075dd000 	/System/Library/Frameworks/ApplicationServices.framework/Versions/A/Frameworks/PrintCore.framework/Versions/A/PrintCore
0x00000000075dd000 	/System/Library/Frameworks/ApplicationServices.framework/Versions/A/Frameworks/QD.framework/Versions/A/QD
0x00000000075dd000 	/System/Library/Frameworks/ApplicationServices.framework/Versions/A/Frameworks/SpeechSynthesis.framework/Versions/A/SpeechSynthesis
0x00000000075dd000 	/System/Library/Frameworks/Metal.framework/Versions/A/Metal
0x00000000075dd000 	/System/Library/Frameworks/Accelerate.framework/Versions/A/Frameworks/vImage.framework/Versions/A/vImage
0x00000000075dd000 	/System/Library/Frameworks/Accelerate.framework/Versions/A/Frameworks/vecLib.framework/Versions/A/vecLib
0x00000000075dd000 	/System/Library/Frameworks/Accelerate.framework/Versions/A/Frameworks/vecLib.framework/Versions/A/libvDSP.dylib
0x00000000075dd000 	/System/Library/Frameworks/Accelerate.framework/Versions/A/Frameworks/vecLib.framework/Versions/A/libvMisc.dylib
0x00000000075dd000 	/System/Library/Frameworks/Accelerate.framework/Versions/A/Frameworks/vecLib.framework/Versions/A/libLAPACK.dylib
0x00000000075dd000 	/System/Library/Frameworks/Accelerate.framework/Versions/A/Frameworks/vecLib.framework/Versions/A/libBLAS.dylib
0x00000000075dd000 	/System/Library/Frameworks/Accelerate.framework/Versions/A/Frameworks/vecLib.framework/Versions/A/libLinearAlgebra.dylib
0x00000000075dd000 	/System/Library/Frameworks/Accelerate.framework/Versions/A/Frameworks/vecLib.framework/Versions/A/libSparseBLAS.dylib
0x00000000075dd000 	/System/Library/PrivateFrameworks/GPUCompiler.framework/libmetal_timestamp.dylib
0x00000000075dd000 	/System/Library/Frameworks/OpenGL.framework/Versions/A/Libraries/libCoreFSCache.dylib
0x00000000075dd000 	/System/Library/PrivateFrameworks/IOAccelerator.framework/Versions/A/IOAccelerator
0x00000000075dd000 	/System/Library/Frameworks/ApplicationServices.framework/Versions/A/Frameworks/ATS.framework/Versions/A/Resources/libFontParser.dylib
0x00000000075dd000 	/System/Library/Frameworks/ApplicationServices.framework/Versions/A/Frameworks/ATS.framework/Versions/A/Resources/libFontRegistry.dylib
0x00000000075dd000 	/System/Library/PrivateFrameworks/AppleVPA.framework/Versions/A/AppleVPA
0x00000000075dd000 	/System/Library/PrivateFrameworks/AppleJPEG.framework/Versions/A/AppleJPEG
0x00000000075dd000 	/System/Library/Frameworks/ImageIO.framework/Versions/A/Resources/libJPEG.dylib
0x00000000075dd000 	/System/Library/Frameworks/ImageIO.framework/Versions/A/Resources/libTIFF.dylib
0x00000000075dd000 	/System/Library/Frameworks/ImageIO.framework/Versions/A/Resources/libPng.dylib
0x00000000075dd000 	/System/Library/Frameworks/ImageIO.framework/Versions/A/Resources/libGIF.dylib
0x00000000075dd000 	/System/Library/Frameworks/ImageIO.framework/Versions/A/Resources/libJP2.dylib
0x00000000075dd000 	/System/Library/Frameworks/ImageIO.framework/Versions/A/Resources/libRadiance.dylib
0x00000000075dd000 	/System/Library/Frameworks/CoreVideo.framework/Versions/A/CoreVideo
0x00000000075dd000 	/System/Library/Frameworks/OpenGL.framework/Versions/A/Libraries/libGLU.dylib
0x00000000075dd000 	/System/Library/Frameworks/OpenGL.framework/Versions/A/Libraries/libGFXShared.dylib
0x00000000075dd000 	/System/Library/Frameworks/OpenGL.framework/Versions/A/Libraries/libGL.dylib
0x00000000075dd000 	/System/Library/Frameworks/OpenGL.framework/Versions/A/Libraries/libGLImage.dylib
0x00000000075dd000 	/System/Library/Frameworks/OpenGL.framework/Versions/A/Libraries/libCVMSPluginSupport.dylib
0x00000000075dd000 	/System/Library/Frameworks/OpenGL.framework/Versions/A/Libraries/libCoreVMClient.dylib
0x00000000075dd000 	/usr/lib/libcompression.dylib
0x00000000075dd000 	/usr/lib/libcups.2.dylib
0x00000000075dd000 	/System/Library/Frameworks/Kerberos.framework/Versions/A/Kerberos
0x00000000075dd000 	/System/Library/Frameworks/GSS.framework/Versions/A/GSS
0x00000000075dd000 	/usr/lib/libresolv.9.dylib
0x00000000075dd000 	/usr/lib/libiconv.2.dylib
0x00000000075dd000 	/System/Library/PrivateFrameworks/Heimdal.framework/Versions/A/Heimdal
0x00000000075dd000 	/usr/lib/libheimdal-asn1.dylib
0x00000000075dd000 	/System/Library/Frameworks/OpenDirectory.framework/Versions/A/OpenDirectory
0x00000000075dd000 	/System/Library/PrivateFrameworks/CommonAuth.framework/Versions/A/CommonAuth
0x00000000075dd000 	/System/Library/Frameworks/OpenDirectory.framework/Versions/A/Frameworks/CFOpenDirectory.framework/Versions/A/CFOpenDirectory
0x00000000075dd000 	/System/Library/Frameworks/SecurityFoundation.framework/Versions/A/SecurityFoundation
0x00000000075dd000 	/System/Library/PrivateFrameworks/LanguageModeling.framework/Versions/A/LanguageModeling
0x00000000075dd000 	/usr/lib/libmarisa.dylib
0x00000000075dd000 	/usr/lib/libChineseTokenizer.dylib
0x00000000075dd000 	/usr/lib/libcmph.dylib
0x00000000075dd000 	/System/Library/Frameworks/ServiceManagement.framework/Versions/A/ServiceManagement
0x00000000075dd000 	/usr/lib/libxslt.1.dylib
0x00000000075dd000 	/System/Library/Frameworks/Carbon.framework/Versions/A/Frameworks/Ink.framework/Versions/A/Ink
0x00000000075dd000 	/usr/lib/libFosl_dynamic.dylib
0x00000000075dd000 	/System/Library/PrivateFrameworks/FaceCore.framework/Versions/A/FaceCore
0x00000000075dd000 	/System/Library/Frameworks/OpenCL.framework/Versions/A/OpenCL
0x00000000075dd000 	/System/Library/PrivateFrameworks/CrashReporterSupport.framework/Versions/A/CrashReporterSupport
0x00000000075dd000 	/System/Library/PrivateFrameworks/IconServices.framework/Versions/A/IconServices
0x00000000075dd000 	/System/Library/PrivateFrameworks/Apple80211.framework/Versions/A/Apple80211
0x00000000075dd000 	/System/Library/Frameworks/CoreWLAN.framework/Versions/A/CoreWLAN
0x00000000075dd000 	/System/Library/Frameworks/IOBluetooth.framework/Versions/A/IOBluetooth
0x00000000075dd000 	/System/Library/PrivateFrameworks/CoreWiFi.framework/Versions/A/CoreWiFi
0x00000000075dd000 	/System/Library/Frameworks/CoreBluetooth.framework/Versions/A/CoreBluetooth
0x00000000075dd000 	/System/Library/PrivateFrameworks/ChunkingLibrary.framework/Versions/A/ChunkingLibrary
0x00000000075dd000 	/System/Library/PrivateFrameworks/DebugSymbols.framework/Versions/A/DebugSymbols
0x00000000075dd000 	/System/Library/PrivateFrameworks/CoreSymbolication.framework/Versions/A/CoreSymbolication
0x00000000075dd000 	/System/Library/PrivateFrameworks/Symbolication.framework/Versions/A/Symbolication
0x00000000075dd000 	/System/Library/PrivateFrameworks/SpeechRecognitionCore.framework/Versions/A/SpeechRecognitionCore
0x000000010c600000 	/Library/Java/JavaVirtualMachines/jdk1.8.0_102.jdk/Contents/Home/jre/lib/server/libjvm.dylib
0x00000000075dd000 	/usr/lib/libstdc++.6.dylib
0x000000010b56f000 	/Library/Java/JavaVirtualMachines/jdk1.8.0_102.jdk/Contents/Home/jre/lib/libverify.dylib
0x000000010b57d000 	/Library/Java/JavaVirtualMachines/jdk1.8.0_102.jdk/Contents/Home/jre/lib/libjava.dylib
0x000000010b5bc000 	/Library/Java/JavaVirtualMachines/jdk1.8.0_102.jdk/Contents/Home/jre/lib/libzip.dylib
0x000000012862f000 	/System/Library/Frameworks/JavaVM.framework/Frameworks/JavaRuntimeSupport.framework/JavaRuntimeSupport
0x000000012864a000 	/System/Library/Frameworks/JavaVM.framework/Versions/A/Frameworks/JavaNativeFoundation.framework/Versions/A/JavaNativeFoundation
0x000000010b5ee000 	/System/Library/Frameworks/JavaVM.framework/Versions/A/JavaVM
0x00000000075dd000 	/System/Library/Frameworks/Carbon.framework/Versions/A/Carbon
0x000000012865f000 	/System/Library/PrivateFrameworks/JavaLaunching.framework/Versions/A/JavaLaunching
0x00000000075dd000 	/System/Library/Frameworks/Carbon.framework/Versions/A/Frameworks/CommonPanels.framework/Versions/A/CommonPanels
0x00000000075dd000 	/System/Library/Frameworks/Carbon.framework/Versions/A/Frameworks/Help.framework/Versions/A/Help
0x00000000075dd000 	/System/Library/Frameworks/Carbon.framework/Versions/A/Frameworks/ImageCapture.framework/Versions/A/ImageCapture
0x00000000075dd000 	/System/Library/Frameworks/Carbon.framework/Versions/A/Frameworks/OpenScripting.framework/Versions/A/OpenScripting
0x00000000075dd000 	/System/Library/Frameworks/Carbon.framework/Versions/A/Frameworks/Print.framework/Versions/A/Print
0x00000000075dd000 	/System/Library/Frameworks/Carbon.framework/Versions/A/Frameworks/SecurityHI.framework/Versions/A/SecurityHI
0x0000000129f7f000 	/Library/Java/JavaVirtualMachines/jdk1.8.0_102.jdk/Contents/Home/jre/lib/libawt.dylib
0x000000012a027000 	/Library/Java/JavaVirtualMachines/jdk1.8.0_102.jdk/Contents/Home/jre/lib/./libmlib_image.dylib
0x000000012a0f3000 	/Library/Java/JavaVirtualMachines/jdk1.8.0_102.jdk/Contents/Home/jre/lib/libawt_lwawt.dylib
0x000000012a1a8000 	/Library/Java/JavaVirtualMachines/jdk1.8.0_102.jdk/Contents/Home/jre/lib/./libosxapp.dylib
0x00000000075dd000 	/System/Library/Frameworks/ExceptionHandling.framework/Versions/A/ExceptionHandling
0x00000000075dd000 	/System/Library/PrivateFrameworks/CoreServicesInternal.framework/Versions/A/CoreServicesInternal
0x00000000075dd000 	/System/Library/Frameworks/CoreGraphics.framework/Versions/A/Resources/libRIP.A.dylib
0x00000000075dd000 	/System/Library/Frameworks/Accelerate.framework/Versions/A/Frameworks/vImage.framework/Versions/A/Libraries/libCGInterfaces.dylib
0x00000000075dd000 	/System/Library/Frameworks/CoreGraphics.framework/Versions/A/Resources/libCGXType.A.dylib
0x00000000075dd000 	/System/Library/Frameworks/OpenCL.framework/Versions/A/Libraries/libcldcpuengine.dylib
0x00000000075dd000 	/System/Library/PrivateFrameworks/DiskImages.framework/Versions/A/DiskImages
0x00000000075dd000 	/System/Library/Frameworks/DiscRecording.framework/Versions/A/DiscRecording
0x00000000075dd000 	/usr/lib/libcsfde.dylib
0x00000000075dd000 	/usr/lib/libcurl.4.dylib
0x00000000075dd000 	/System/Library/PrivateFrameworks/MediaKit.framework/Versions/A/MediaKit
0x00000000075dd000 	/System/Library/PrivateFrameworks/ProtectedCloudStorage.framework/Versions/A/ProtectedCloudStorage
0x00000000075dd000 	/usr/lib/libCoreStorage.dylib
0x00000000075dd000 	/System/Library/PrivateFrameworks/EFILogin.framework/Versions/A/EFILogin
0x00000000075dd000 	/usr/lib/libutil.dylib
0x00000000075dd000 	/System/Library/PrivateFrameworks/FindMyDevice.framework/Versions/A/FindMyDevice
0x00000000075dd000 	/System/Library/Frameworks/LDAP.framework/Versions/A/LDAP
0x00000000075dd000 	/usr/lib/libsasl2.2.dylib
0x00000000075dd000 	/System/Library/PrivateFrameworks/CoreDaemon.framework/Versions/B/CoreDaemon
0x00000000075dd000 	/usr/lib/libcrypto.0.9.8.dylib
0x00000000075dd000 	/System/Library/PrivateFrameworks/AppleSRP.framework/Versions/A/AppleSRP
0x00000000075dd000 	/System/Library/PrivateFrameworks/TrustEvaluationAgent.framework/Versions/A/TrustEvaluationAgent
0x000000012acfe000 	cl_kernels
0x00000000075dd000 	/System/Library/Frameworks/OpenCL.framework/Versions/A/Libraries/ImageFormats/unorm8_bgra.dylib
0x00000000075dd000 	/System/Library/Frameworks/OpenCL.framework/Versions/A/Libraries/ImageFormats/unorm8_rgba.dylib
0x00000000075dd000 	/System/Library/PrivateFrameworks/FamilyControls.framework/Versions/A/FamilyControls
0x00000000075dd000 	/System/Library/PrivateFrameworks/CommerceKit.framework/Versions/A/Frameworks/CommerceCore.framework/Versions/A/CommerceCore
0x00000000075dd000 	/System/Library/PrivateFrameworks/SystemAdministration.framework/Versions/A/SystemAdministration
0x00000000075dd000 	/System/Library/PrivateFrameworks/AppContainer.framework/Versions/A/AppContainer
0x00000000075dd000 	/System/Library/PrivateFrameworks/SecCodeWrapper.framework/Versions/A/SecCodeWrapper
0x00000000075dd000 	/System/Library/Frameworks/DirectoryService.framework/Versions/A/DirectoryService
0x00000000075dd000 	/System/Library/PrivateFrameworks/LoginUIKit.framework/Versions/A/Frameworks/LoginUICore.framework/Versions/A/LoginUICore
0x00000000075dd000 	/usr/lib/libodfde.dylib
0x00000000075dd000 	/System/Library/Frameworks/OpenGL.framework/Versions/A/Resources/GLEngine.bundle/GLEngine
0x00000000075dd000 	/System/Library/Frameworks/OpenGL.framework/Versions/A/Libraries/libGLProgrammability.dylib
0x000000012cf02000 	/System/Library/Extensions/AppleIntelHD5000GraphicsGLDriver.bundle/Contents/MacOS/AppleIntelHD5000GraphicsGLDriver
0x00000000075dd000 	/System/Library/PrivateFrameworks/GPUSupport.framework/Versions/A/Libraries/libGPUSupportMercury.dylib
0x00000000075dd000 	/System/Library/Extensions/GeForceGLDriver.bundle/Contents/MacOS/GeForceGLDriver
0x00000000075dd000 	/System/Library/Extensions/GeForceGLDriver.bundle/Contents/MacOS/libclh.dylib
0x00000000075dd000 	/System/Library/Frameworks/OpenGL.framework/Versions/A/Resources/GLRendererFloat.bundle/GLRendererFloat
0x000000012def9000 	/Library/Java/JavaVirtualMachines/jdk1.8.0_102.jdk/Contents/Home/jre/lib/libfontmanager.dylib
0x0000000130062000 	/Library/Java/JavaVirtualMachines/jdk1.8.0_102.jdk/Contents/Home/jre/lib/libosxui.dylib
0x0000000130d42000 	/Library/Java/JavaVirtualMachines/jdk1.8.0_102.jdk/Contents/Home/jre/lib/libnet.dylib
0x0000000130b56000 	/Library/Java/JavaVirtualMachines/jdk1.8.0_102.jdk/Contents/Home/jre/lib/libnio.dylib
0x00000000075dd000 	/System/Library/Frameworks/ApplicationServices.framework/Versions/A/Frameworks/ATS.framework/Versions/A/Resources/libTrueTypeScaler.dylib
0x0000000181f2b000 	/System/Library/Extensions/GeForceMTLDriver.bundle/Contents/MacOS/GeForceMTLDriver
0x000000018206f000 	/System/Library/Extensions/AppleIntelHD5000GraphicsMTLDriver.bundle/Contents/MacOS/AppleIntelHD5000GraphicsMTLDriver
0x000000012b3da000 	/private/var/folders/s0/99ys_lw53gq1_m9t_wd8qrhh0000gv/T/jogamp_0000/file_cache/jln803238280635116016/jln1394111929505442891/libgluegen-rt.jnilib
0x000000012b3df000 	/private/var/folders/s0/99ys_lw53gq1_m9t_wd8qrhh0000gv/T/jogamp_0000/file_cache/jln803238280635116016/jln1394111929505442891/libnativewindow_awt.jnilib
0x000000012b3e2000 	/Library/Java/JavaVirtualMachines/jdk1.8.0_102.jdk/Contents/Home/jre/lib/libjawt.dylib
0x0000000181e81000 	/private/var/folders/s0/99ys_lw53gq1_m9t_wd8qrhh0000gv/T/jogamp_0000/file_cache/jln803238280635116016/jln1394111929505442891/libnativewindow_macosx.jnilib
0x00000001880f3000 	/private/var/folders/s0/99ys_lw53gq1_m9t_wd8qrhh0000gv/T/jogamp_0000/file_cache/jln803238280635116016/jln1394111929505442891/libjogl_desktop.jnilib

VM Arguments:
jvm_args: -Djava.security.policy=java.policy.applet -Dfile.encoding=UTF-8 
java_command: sun.applet.AppletViewer module3.EarthquakeCityMap1483973492008.html
java_class_path (initial): /Users/giuseppe/Documents/workspace/UCSDUnfoldingMaps/build:/Users/giuseppe/Documents/workspace/UCSDUnfoldingMaps/lib/core.jar:/Users/giuseppe/Documents/workspace/UCSDUnfoldingMaps/lib/gluegen-rt.jar:/Users/giuseppe/Documents/workspace/UCSDUnfoldingMaps/lib/jogl-all.jar:/Users/giuseppe/Documents/workspace/UCSDUnfoldingMaps/lib/log4j-1.2.15.jar:/Users/giuseppe/Documents/workspace/UCSDUnfoldingMaps/lib/sqlite-jdbc-3.7.2.jar:/Users/giuseppe/Documents/workspace/UCSDUnfoldingMaps/lib/json4processing.jar:/Users/giuseppe/Documents/workspace/UCSDUnfoldingMaps/lib/libTUIO.jar:/Users/giuseppe/Documents/workspace/UCSDUnfoldingMaps/lib/unfolding.0.9.7-uscd.jar
Launcher Type: SUN_STANDARD

Environment Variables:
PATH=/usr/bin:/bin:/usr/sbin:/sbin
SHELL=/bin/bash
DISPLAY=/private/tmp/com.apple.launchd.vYoQ6Lg394/org.macosforge.xquartz:0

Signal Handlers:
SIGSEGV: [libjvm.dylib+0x5b0579], sa_mask[0]=11111111011111110111111111111111, sa_flags=SA_ONSTACK|SA_RESTART|SA_SIGINFO
SIGBUS: [libjvm.dylib+0x5b0579], sa_mask[0]=11111111011111110111111111111111, sa_flags=SA_RESTART|SA_SIGINFO
SIGFPE: [libjvm.dylib+0x4874e4], sa_mask[0]=11111111011111110111111111111111, sa_flags=SA_RESTART|SA_SIGINFO
SIGPIPE: [libjvm.dylib+0x4874e4], sa_mask[0]=11111111011111110111111111111111, sa_flags=SA_RESTART|SA_SIGINFO
SIGXFSZ: [libjvm.dylib+0x4874e4], sa_mask[0]=11111111011111110111111111111111, sa_flags=SA_RESTART|SA_SIGINFO
SIGILL: [libjvm.dylib+0x4874e4], sa_mask[0]=11111111011111110111111111111111, sa_flags=SA_RESTART|SA_SIGINFO
SIGUSR1: SIG_DFL, sa_mask[0]=00000000000000000000000000000000, sa_flags=none
SIGUSR2: [libjvm.dylib+0x487002], sa_mask[0]=00100000000000000000000000000000, sa_flags=SA_RESTART|SA_SIGINFO
SIGHUP: [libjvm.dylib+0x4855d9], sa_mask[0]=11111111011111110111111111111111, sa_flags=SA_RESTART|SA_SIGINFO
SIGINT: [libjvm.dylib+0x4855d9], sa_mask[0]=11111111011111110111111111111111, sa_flags=SA_RESTART|SA_SIGINFO
SIGTERM: [libjvm.dylib+0x4855d9], sa_mask[0]=11111111011111110111111111111111, sa_flags=SA_RESTART|SA_SIGINFO
SIGQUIT: [libjvm.dylib+0x4855d9], sa_mask[0]=11111111011111110111111111111111, sa_flags=SA_RESTART|SA_SIGINFO


---------------  S Y S T E M  ---------------

OS:Bsduname:Darwin 15.5.0 Darwin Kernel Version 15.5.0: Tue Apr 19 18:36:36 PDT 2016; root:xnu-3248.50.21~8/RELEASE_X86_64 x86_64
rlimit: STACK 8192k, CORE 0k, NPROC 709, NOFILE 10240, AS infinity
load average:2.10 2.49 2.17

CPU:total 8 (4 cores per cpu, 2 threads per core) family 6 model 70 stepping 1, cmov, cx8, fxsr, mmx, sse, sse2, sse3, ssse3, sse4.1, sse4.2, popcnt, avx, avx2, aes, clmul, erms, rtm, lzcnt, ht, tsc, tscinvbit, bmi1, bmi2

Memory: 4k page, physical 16777216k(646660k free)

/proc/meminfo:


vm_info: Java HotSpot(TM) 64-Bit Server VM (25.102-b14) for bsd-amd64 JRE (1.8.0_102-b14), built on Jun 22 2016 11:42:36 by "java_re" with gcc 4.2.1 (Based on Apple Inc. build 5658) (LLVM build 2336.11.00)

time: Mon Jan  9 16:02:56 2017
elapsed time: 684 seconds (0d 0h 11m 24s)

