#
# A fatal error has been detected by the Java Runtime Environment:
#
#  SIGSEGV (0xb) at pc=0x00007fff9c50e4dd, pid=32564, tid=0x0000000000000a0b
#
# JRE version: Java(TM) SE Runtime Environment (8.0_102-b14) (build 1.8.0_102-b14)
# Java VM: Java HotSpot(TM) 64-Bit Server VM (25.102-b14 mixed mode bsd-amd64 compressed oops)
# Problematic frame:
# C  [libobjc.A.dylib+0x14dd]  objc_msgSend+0x1d
#
# Failed to write core dump. Core dumps have been disabled. To enable core dumping, try "ulimit -c unlimited" before starting Java again
#
# If you would like to submit a bug report, please visit:
#   http://bugreport.java.com/bugreport/crash.jsp
# The crash happened outside the Java Virtual Machine in native code.
# See problematic frame for where to report the bug.
#

---------------  T H R E A D  ---------------

Current thread (0x00007fcf0b099800):  JavaThread "AWT-AppKit" daemon [_thread_in_native, id=2571, stack(0x00007fff51cfa000,0x00007fff524fa000)]

siginfo: si_signo: 11 (SIGSEGV), si_code: 1 (SEGV_MAPERR), si_addr: 0x0000000000000018

Registers:
RAX=0x00007fcf09f26c20, RBX=0x000000018421f450, RCX=0x000000012d118720, RDX=0x000000012d7d6cc0
RSP=0x00007fff524f52e8, RBP=0x00007fff524f53a0, RSI=0x00007fff8f935cde, RDI=0x00007fcf10e4c160
R8 =0x0000000000000000, R9 =0x00000000000008b0, R10=0x00007fff8f935cde, R11=0x0000000000000000
R12=0x0000000000000000, R13=0x000000018a5d1b70, R14=0x000000018421f440, R15=0x00007fcf0b099800
RIP=0x00007fff9c50e4dd, EFLAGS=0x0000000000010246, ERR=0x0000000000000004
  TRAPNO=0x000000000000000e

Top of Stack: (sp=0x00007fff524f52e8)
0x00007fff524f52e8:   000000018421d157 00007fff524f5340
0x00007fff524f52f8:   0000000000000003 00007fff524f5320
0x00007fff524f5308:   000000010ebf2e32 000000018a5d1b70
0x00007fff524f5318:   000000018a5d1b70 00007fcf09f26c20
0x00007fff524f5328:   000000018421f6a0 000000018421f710
0x00007fff524f5338:   00007fff7ad9b770 00007fff77998500
0x00007fff524f5348:   000000018421f450 000000018421f690
0x00007fff524f5358:   00007fcf09f26c20 00007fcf10e4c160
0x00007fff524f5368:   00007fcf09e4be60 00007fcf09f26c20
0x00007fff524f5378:   00007fcf10e4c160 00007fff524f5428
0x00007fff524f5388:   00007fcf0b0999f8 000000018a5d1b70
0x00007fff524f5398:   00007fff524f5450 00007fff524f5418
0x00007fff524f53a8:   000000010f9b89d4 000000018a5d1b70
0x00007fff524f53b8:   00007fff524f5450 00007fff524f5418
0x00007fff524f53c8:   000000010f9b8767 000000010f9b8722
0x00007fff524f53d8:   00007fff524f53d8 000000018a5d1b70
0x00007fff524f53e8:   00007fff524f5450 000000018a5d47a8
0x00007fff524f53f8:   0000000000000000 000000018a5d1b70
0x00007fff524f5408:   0000000000000000 00007fff524f5438
0x00007fff524f5418:   00007fff524f5498 000000010f9a92bd
0x00007fff524f5428:   00000006c0572ad8 000000010f9b2538
0x00007fff524f5438:   00007fcf09f26c20 00007fff524f5498
0x00007fff524f5448:   00007fcf10e4c160 000000010f9b3e02
0x00007fff524f5458:   00007fff524f5458 000000018a5d1d3a
0x00007fff524f5468:   00007fff524f54c0 000000018a5d47a8
0x00007fff524f5478:   0000000000000000 000000018a5d1d48
0x00007fff524f5488:   00007fff524f5438 00007fff524f54a8
0x00007fff524f5498:   00007fff524f5508 000000010f9a92bd
0x00007fff524f54a8:   00007fcf09f26c20 00000006c0645340
0x00007fff524f54b8:   00007fcf10e4c160 00000006c0645340
0x00007fff524f54c8:   00007fff524f54c8 000000018ecb4bce
0x00007fff524f54d8:   00007fff524f5518 000000018ecb4c88 

Instructions: (pc=0x00007fff9c50e4dd)
0x00007fff9c50e4bd:   44 00 00 48 85 ff 2e 74 62 40 f6 c7 01 2e 75 66
0x00007fff9c50e4cd:   49 bb f8 ff ff ff ff 7f 00 00 4c 23 1f 49 89 f2
0x00007fff9c50e4dd:   45 23 53 18 49 c1 e2 04 4d 03 53 10 49 3b 32 75
0x00007fff9c50e4ed:   04 41 ff 62 08 49 83 3a 01 76 0d 49 83 c2 10 49 

Register to memory mapping:

RAX=0x00007fcf09f26c20 is an unknown value
RBX=0x000000018421f450: Java_jogamp_nativewindow_macosx_OSXUtil_GetScreenRefreshRate0+0x1cf0 in /private/var/folders/s0/99ys_lw53gq1_m9t_wd8qrhh0000gv/T/jogamp_0000/file_cache/jln6971238739646604441/jln8706524249070332652/libnativewindow_macosx.jnilib at 0x0000000184218000
RCX=0x000000012d118720 is an unknown value
RDX=0x000000012d7d6cc0 is an unknown value
RSP=0x00007fff524f52e8 is pointing into the stack for thread: 0x00007fcf0b099800
RBP=0x00007fff524f53a0 is pointing into the stack for thread: 0x00007fcf0b099800
RSI=0x00007fff8f935cde is an unknown value
RDI=0x00007fcf10e4c160 is an unknown value
R8 =0x0000000000000000 is an unknown value
R9 =0x00000000000008b0 is an unknown value
R10=0x00007fff8f935cde is an unknown value
R11=0x0000000000000000 is an unknown value
R12=0x0000000000000000 is an unknown value
R13={method} {0x000000018a5d1b70} 'UnsetJAWTRootSurfaceLayer0' '(JJ)V' in 'jogamp/nativewindow/jawt/macosx/MacOSXJAWTWindow'
R14=0x000000018421f440: Java_jogamp_nativewindow_macosx_OSXUtil_GetScreenRefreshRate0+0x1ce0 in /private/var/folders/s0/99ys_lw53gq1_m9t_wd8qrhh0000gv/T/jogamp_0000/file_cache/jln6971238739646604441/jln8706524249070332652/libnativewindow_macosx.jnilib at 0x0000000184218000
R15=0x00007fcf0b099800 is a thread


Stack: [0x00007fff51cfa000,0x00007fff524fa000],  sp=0x00007fff524f52e8,  free space=8172k
Native frames: (J=compiled Java code, j=interpreted, Vv=VM code, C=native code)
C  [libobjc.A.dylib+0x14dd]  objc_msgSend+0x1d
j  jogamp.nativewindow.jawt.macosx.MacOSXJAWTWindow.UnsetJAWTRootSurfaceLayer0(JJ)V+0
j  jogamp.nativewindow.jawt.macosx.MacOSXJAWTWindow.access$200(JJ)V+2
j  jogamp.nativewindow.jawt.macosx.MacOSXJAWTWindow$1.run()V+38
J 2381 C1 com.jogamp.common.util.RunnableTask.run()V (345 bytes) @ 0x00000001101f98e4 [0x00000001101f9740+0x1a4]
v  ~StubRoutines::call_stub
V  [libjvm.dylib+0x2ed5e2]  JavaCalls::call_helper(JavaValue*, methodHandle*, JavaCallArguments*, Thread*)+0x6ae
V  [libjvm.dylib+0x324771]  jni_invoke_nonstatic(JNIEnv_*, JavaValue*, _jobject*, JNICallType, _jmethodID*, JNI_ArgumentPusher*, Thread*)+0x2ec
V  [libjvm.dylib+0x316f3f]  jni_CallVoidMethod+0x16b
C  [libnativewindow_macosx.jnilib+0x5326]  Java_jogamp_nativewindow_jawt_macosx_MacOSXJAWTWindow_UnsetJAWTRootSurfaceLayer0+0x2b6
C  [Foundation+0x76fde]  __NSThreadPerformPerform+0x117
C  [CoreFoundation+0xaa881]  __CFRUNLOOP_IS_CALLING_OUT_TO_A_SOURCE0_PERFORM_FUNCTION__+0x11
C  [CoreFoundation+0x89f37]  __CFRunLoopDoSources0+0x1a7
C  [CoreFoundation+0x894df]  __CFRunLoopRun+0x39f
C  [CoreFoundation+0x88ed8]  CFRunLoopRunSpecific+0x128
C  [HIToolbox+0x30935]  RunCurrentEventLoopInMode+0xeb
C  [HIToolbox+0x30677]  ReceiveNextEventCommon+0xb8
C  [HIToolbox+0x305af]  _BlockUntilNextEventMatchingListInModeWithFilter+0x47
C  [AppKit+0x48df6]  _DPSNextEvent+0x42b
C  [AppKit+0x48226]  -[NSApplication _nextEventMatchingEventMask:untilDate:inMode:dequeue:]+0x1c6
C  [libosxapp.dylib+0x23aa]  -[NSApplicationAWT nextEventMatchingMask:untilDate:inMode:dequeue:]+0x7c
C  [AppKit+0x3cd80]  -[NSApplication run]+0x2aa
C  [libosxapp.dylib+0x214d]  +[NSApplicationAWT runAWTLoopWithApp:]+0x9c
C  [libawt_lwawt.dylib+0x444b3]  -[AWTStarter starter:]+0x389
C  [Foundation+0x76fde]  __NSThreadPerformPerform+0x117
C  [CoreFoundation+0xaa881]  __CFRUNLOOP_IS_CALLING_OUT_TO_A_SOURCE0_PERFORM_FUNCTION__+0x11
C  [CoreFoundation+0x89fbc]  __CFRunLoopDoSources0+0x22c
C  [CoreFoundation+0x894df]  __CFRunLoopRun+0x39f
C  [CoreFoundation+0x88ed8]  CFRunLoopRunSpecific+0x128
C  [java+0x6465]  CreateExecutionEnvironment+0x367
C  [java+0x218c]  JLI_Launch+0x7a0
C  [java+0x84c2]  main+0x65
C  [java+0x19e4]  start+0x34
C  0x0000000000000007

Java frames: (J=compiled Java code, j=interpreted, Vv=VM code)
j  jogamp.nativewindow.jawt.macosx.MacOSXJAWTWindow.UnsetJAWTRootSurfaceLayer0(JJ)V+0
j  jogamp.nativewindow.jawt.macosx.MacOSXJAWTWindow.access$200(JJ)V+2
j  jogamp.nativewindow.jawt.macosx.MacOSXJAWTWindow$1.run()V+38
J 2381 C1 com.jogamp.common.util.RunnableTask.run()V (345 bytes) @ 0x00000001101f98e4 [0x00000001101f9740+0x1a4]
v  ~StubRoutines::call_stub

---------------  P R O C E S S  ---------------

Java Threads: ( => current thread )
  0x00007fcf0a41e800 JavaThread "Thread-19" [_thread_blocked, id=72715, stack(0x0000700002086000,0x0000700002186000)]
  0x00007fcf0b42c000 JavaThread "Keep-Alive-Timer" daemon [_thread_blocked, id=72407, stack(0x0000700002492000,0x0000700002592000)]
  0x00007fcf0c002000 JavaThread "AWT-EventQueue-1" [_thread_in_native, id=66087, stack(0x0000700001f00000,0x0000700002000000)]
  0x00007fcf0d821000 JavaThread "DestroyJavaVM" [_thread_blocked, id=5891, stack(0x000070000011a000,0x000070000021a000)]
  0x00007fcf0aa2e800 JavaThread "AWT-EventQueue-0" [_thread_blocked, id=62735, stack(0x0000700001cfa000,0x0000700001dfa000)]
  0x00007fcf0a993000 JavaThread "Java2D Disposer" daemon [_thread_blocked, id=57603, stack(0x0000700001a71000,0x0000700001b71000)]
  0x00007fcf0a1c6800 JavaThread "Java2D Queue Flusher" daemon [_thread_blocked, id=53767, stack(0x000070000196e000,0x0000700001a6e000)]
  0x00007fcf0c11c000 JavaThread "AWT-Shutdown" [_thread_blocked, id=30275, stack(0x00007000015dc000,0x00007000016dc000)]
=>0x00007fcf0b099800 JavaThread "AWT-AppKit" daemon [_thread_in_native, id=2571, stack(0x00007fff51cfa000,0x00007fff524fa000)]
  0x00007fcf0c000800 JavaThread "Service Thread" daemon [_thread_blocked, id=20995, stack(0x00007000012d0000,0x00007000013d0000)]
  0x00007fcf0c018800 JavaThread "C1 CompilerThread3" daemon [_thread_blocked, id=20483, stack(0x00007000011cd000,0x00007000012cd000)]
  0x00007fcf0a023000 JavaThread "C2 CompilerThread2" daemon [_thread_blocked, id=19971, stack(0x00007000010ca000,0x00007000011ca000)]
  0x00007fcf0c00f800 JavaThread "C2 CompilerThread1" daemon [_thread_blocked, id=19459, stack(0x0000700000fc7000,0x00007000010c7000)]
  0x00007fcf0a85f000 JavaThread "C2 CompilerThread0" daemon [_thread_blocked, id=18947, stack(0x0000700000ec4000,0x0000700000fc4000)]
  0x00007fcf0a00c800 JavaThread "Signal Dispatcher" daemon [_thread_blocked, id=15887, stack(0x0000700000dc1000,0x0000700000ec1000)]
  0x00007fcf0a019800 JavaThread "Finalizer" daemon [_thread_blocked, id=14339, stack(0x0000700000c3b000,0x0000700000d3b000)]
  0x00007fcf0a016800 JavaThread "Reference Handler" daemon [_thread_blocked, id=13827, stack(0x0000700000b38000,0x0000700000c38000)]

Other Threads:
  0x00007fcf0a852000 VMThread [stack: 0x0000700000a35000,0x0000700000b35000] [id=13315]
  0x00007fcf0a01a000 WatcherThread [stack: 0x00007000013d3000,0x00007000014d3000] [id=21507]

VM state:not at safepoint (normal execution)

VM Mutex/Monitor currently owned by a thread: None

Heap:
 PSYoungGen      total 76288K, used 6150K [0x000000076ab00000, 0x0000000770000000, 0x00000007c0000000)
  eden space 65536K, 9% used [0x000000076ab00000,0x000000076b101a48,0x000000076eb00000)
  from space 10752K, 0% used [0x000000076f580000,0x000000076f580000,0x0000000770000000)
  to   space 10752K, 0% used [0x000000076eb00000,0x000000076eb00000,0x000000076f580000)
 ParOldGen       total 86528K, used 16004K [0x00000006c0000000, 0x00000006c5480000, 0x000000076ab00000)
  object space 86528K, 18% used [0x00000006c0000000,0x00000006c0fa1048,0x00000006c5480000)
 Metaspace       used 20979K, capacity 21175K, committed 21552K, reserved 1069056K
  class space    used 2062K, capacity 2146K, committed 2176K, reserved 1048576K

Card table byte_map: [0x000000011ed61000,0x000000011f562000] byte_map_base: 0x000000011b761000

Marking Bits: (ParMarkBitMap*) 0x000000010f2efd20
 Begin Bits: [0x000000011fab8000, 0x0000000123ab8000)
 End Bits:   [0x0000000123ab8000, 0x0000000127ab8000)

Polling page: 0x000000010d9c9000

CodeCache: size=245760Kb used=8821Kb max_used=8833Kb free=236939Kb
 bounds [0x000000010f9a1000, 0x0000000110251000, 0x000000011e9a1000]
 total_blobs=3344 nmethods=2455 adapters=802
 compilation: enabled

Compilation events (10 events):
Event: 9.205 Thread 0x00007fcf0c018800 2450       1       sun.java2d.SurfaceData::isValid (5 bytes)
Event: 9.206 Thread 0x00007fcf0c018800 nmethod 2450 0x000000011023e5d0 code [0x000000011023e720, 0x000000011023e830]
Event: 9.215 Thread 0x00007fcf0c00f800 2451  s    4       sun.misc.URLClassPath::getNextLoader (88 bytes)
Event: 9.215 Thread 0x00007fcf0c018800 2452  s!   2       sun.misc.URLClassPath::getLoader (197 bytes)
Event: 9.217 Thread 0x00007fcf0c018800 nmethod 2452 0x0000000110243710 code [0x0000000110243a00, 0x0000000110245128]
Event: 9.217 Thread 0x00007fcf0c018800 2453       3       sun.java2d.pipe.RenderBuffer::putFloat (26 bytes)
Event: 9.217 Thread 0x00007fcf0c018800 nmethod 2453 0x000000011023f950 code [0x000000011023fac0, 0x000000011023fc50]
Event: 9.217 Thread 0x00007fcf0c018800 2455       3       sun.java2d.pipe.RenderBuffer::putInt (26 bytes)
Event: 9.217 Thread 0x00007fcf0c018800 nmethod 2455 0x000000011023f5d0 code [0x000000011023f740, 0x000000011023f8b0]
Event: 9.219 Thread 0x00007fcf0c00f800 nmethod 2451 0x0000000110248490 code [0x0000000110248600, 0x0000000110248d78]

GC Heap History (6 events):
Event: 2.168 GC heap before
{Heap before GC invocations=1 (full 0):
 PSYoungGen      total 76288K, used 65536K [0x000000076ab00000, 0x0000000770000000, 0x00000007c0000000)
  eden space 65536K, 100% used [0x000000076ab00000,0x000000076eb00000,0x000000076eb00000)
  from space 10752K, 0% used [0x000000076f580000,0x000000076f580000,0x0000000770000000)
  to   space 10752K, 0% used [0x000000076eb00000,0x000000076eb00000,0x000000076f580000)
 ParOldGen       total 175104K, used 0K [0x00000006c0000000, 0x00000006cab00000, 0x000000076ab00000)
  object space 175104K, 0% used [0x00000006c0000000,0x00000006c0000000,0x00000006cab00000)
 Metaspace       used 19790K, capacity 19981K, committed 20352K, reserved 1067008K
  class space    used 2013K, capacity 2113K, committed 2176K, reserved 1048576K
Event: 2.177 GC heap after
Heap after GC invocations=1 (full 0):
 PSYoungGen      total 76288K, used 10725K [0x000000076ab00000, 0x0000000770000000, 0x00000007c0000000)
  eden space 65536K, 0% used [0x000000076ab00000,0x000000076ab00000,0x000000076eb00000)
  from space 10752K, 99% used [0x000000076eb00000,0x000000076f579610,0x000000076f580000)
  to   space 10752K, 0% used [0x000000076f580000,0x000000076f580000,0x0000000770000000)
 ParOldGen       total 175104K, used 4461K [0x00000006c0000000, 0x00000006cab00000, 0x000000076ab00000)
  object space 175104K, 2% used [0x00000006c0000000,0x00000006c045b480,0x00000006cab00000)
 Metaspace       used 19790K, capacity 19981K, committed 20352K, reserved 1067008K
  class space    used 2013K, capacity 2113K, committed 2176K, reserved 1048576K
}
Event: 8.607 GC heap before
{Heap before GC invocations=2 (full 0):
 PSYoungGen      total 76288K, used 66659K [0x000000076ab00000, 0x0000000770000000, 0x00000007c0000000)
  eden space 65536K, 85% used [0x000000076ab00000,0x000000076e19f788,0x000000076eb00000)
  from space 10752K, 99% used [0x000000076eb00000,0x000000076f579610,0x000000076f580000)
  to   space 10752K, 0% used [0x000000076f580000,0x000000076f580000,0x0000000770000000)
 ParOldGen       total 175104K, used 4461K [0x00000006c0000000, 0x00000006cab00000, 0x000000076ab00000)
  object space 175104K, 2% used [0x00000006c0000000,0x00000006c045b480,0x00000006cab00000)
 Metaspace       used 20879K, capacity 21047K, committed 21296K, reserved 1069056K
  class space    used 2052K, capacity 2146K, committed 2176K, reserved 1048576K
Event: 8.615 GC heap after
Heap after GC invocations=2 (full 0):
 PSYoungGen      total 76288K, used 10741K [0x000000076ab00000, 0x0000000770000000, 0x00000007c0000000)
  eden space 65536K, 0% used [0x000000076ab00000,0x000000076ab00000,0x000000076eb00000)
  from space 10752K, 99% used [0x000000076f580000,0x000000076fffd5a0,0x0000000770000000)
  to   space 10752K, 0% used [0x000000076eb00000,0x000000076eb00000,0x000000076f580000)
 ParOldGen       total 175104K, used 8165K [0x00000006c0000000, 0x00000006cab00000, 0x000000076ab00000)
  object space 175104K, 4% used [0x00000006c0000000,0x00000006c07f94a0,0x00000006cab00000)
 Metaspace       used 20879K, capacity 21047K, committed 21296K, reserved 1069056K
  class space    used 2052K, capacity 2146K, committed 2176K, reserved 1048576K
}
Event: 8.615 GC heap before
{Heap before GC invocations=3 (full 1):
 PSYoungGen      total 76288K, used 10741K [0x000000076ab00000, 0x0000000770000000, 0x00000007c0000000)
  eden space 65536K, 0% used [0x000000076ab00000,0x000000076ab00000,0x000000076eb00000)
  from space 10752K, 99% used [0x000000076f580000,0x000000076fffd5a0,0x0000000770000000)
  to   space 10752K, 0% used [0x000000076eb00000,0x000000076eb00000,0x000000076f580000)
 ParOldGen       total 175104K, used 8165K [0x00000006c0000000, 0x00000006cab00000, 0x000000076ab00000)
  object space 175104K, 4% used [0x00000006c0000000,0x00000006c07f94a0,0x00000006cab00000)
 Metaspace       used 20879K, capacity 21047K, committed 21296K, reserved 1069056K
  class space    used 2052K, capacity 2146K, committed 2176K, reserved 1048576K
Event: 8.637 GC heap after
Heap after GC invocations=3 (full 1):
 PSYoungGen      total 76288K, used 0K [0x000000076ab00000, 0x0000000770000000, 0x00000007c0000000)
  eden space 65536K, 0% used [0x000000076ab00000,0x000000076ab00000,0x000000076eb00000)
  from space 10752K, 0% used [0x000000076f580000,0x000000076f580000,0x0000000770000000)
  to   space 10752K, 0% used [0x000000076eb00000,0x000000076eb00000,0x000000076f580000)
 ParOldGen       total 86528K, used 16004K [0x00000006c0000000, 0x00000006c5480000, 0x000000076ab00000)
  object space 86528K, 18% used [0x00000006c0000000,0x00000006c0fa1048,0x00000006c5480000)
 Metaspace       used 20879K, capacity 21047K, committed 21296K, reserved 1069056K
  class space    used 2052K, capacity 2146K, committed 2176K, reserved 1048576K
}

Deoptimization events (10 events):
Event: 1.861 Thread 0x00007fcf0c002000 Uncommon trap: reason=unstable_if action=reinterpret pc=0x000000010fb42a0c method=java.lang.AbstractStringBuilder.append(Ljava/lang/String;)Ljava/lang/AbstractStringBuilder; @ 1
Event: 1.980 Thread 0x00007fcf0c002000 Uncommon trap: reason=unstable_if action=reinterpret pc=0x000000010fd4e894 method=com.sun.org.apache.xerces.internal.impl.XMLEntityScanner.checkBeforeLoad(Lcom/sun/xml/internal/stream/Entity$ScannedEntity;II)I @ 18
Event: 1.986 Thread 0x00007fcf0c002000 Uncommon trap: reason=unstable_if action=reinterpret pc=0x000000010fd810ac method=com.sun.org.apache.xerces.internal.impl.XMLEntityScanner.skipSpaces()Z @ 14
Event: 1.988 Thread 0x00007fcf0c002000 Uncommon trap: reason=unstable_if action=reinterpret pc=0x000000010fd4e2c0 method=com.sun.org.apache.xerces.internal.impl.XMLEntityScanner.peekChar()I @ 14
Event: 2.127 Thread 0x00007fcf0c002000 Uncommon trap: reason=unstable_if action=reinterpret pc=0x000000010fe17cbc method=com.jogamp.common.util.IntIntHashMap.get(I)I @ 28
Event: 2.852 Thread 0x00007fcf0b42a800 Uncommon trap: reason=unstable_if action=reinterpret pc=0x000000010ffee940 method=sun.awt.image.PNGImageDecoder.produceImage()V @ 867
Event: 9.155 Thread 0x00007fcf0c002000 Uncommon trap: reason=unstable_if action=reinterpret pc=0x000000010ffe91e8 method=com.jogamp.common.util.VersionNumber.compareTo(Lcom/jogamp/common/util/VersionNumber;)I @ 21
Event: 9.157 Thread 0x00007fcf0aa2e800 Uncommon trap: reason=unstable_if action=reinterpret pc=0x000000011007fe38 method=java.awt.font.FontRenderContext.equals(Ljava/awt/font/FontRenderContext;)Z @ 2
Event: 9.204 Thread 0x00007fcf0b0b3800 Uncommon trap: reason=unstable_if action=reinterpret pc=0x000000010fe83d20 method=java.util.HashMap.putVal(ILjava/lang/Object;Ljava/lang/Object;ZZ)Ljava/lang/Object; @ 81
Event: 9.204 Thread 0x00007fcf0b0b3800 Uncommon trap: reason=unstable_if action=reinterpret pc=0x000000010fde51c4 method=java.util.HashMap.putVal(ILjava/lang/Object;Ljava/lang/Object;ZZ)Ljava/lang/Object; @ 81

Internal exceptions (10 events):
Event: 0.332 Thread 0x00007fcf0c002000 Exception <a 'java/io/FileNotFoundException'> (0x000000076aec5fa8) thrown at [/Users/java_re/workspace/8-2-build-macosx-x86_64/jdk8u102/7268/hotspot/src/share/vm/prims/jni.cpp, line 709]
Event: 1.222 Thread 0x00007fcf0c235000 Exception <a 'java/lang/UnsatisfiedLinkError': com.jogamp.common.util.JarUtil.fixNativeLibAttribs(Ljava/lang/String;)Z> (0x000000076c77c0c0) thrown at [/Users/java_re/workspace/8-2-build-macosx-x86_64/jdk8u102/7268/hotspot/src/share/vm/prims/nativeLookup.
Event: 1.860 Thread 0x00007fcf0c002000 Exception <a 'java/io/FileNotFoundException'> (0x000000076d7e0d68) thrown at [/Users/java_re/workspace/8-2-build-macosx-x86_64/jdk8u102/7268/hotspot/src/share/vm/prims/jni.cpp, line 709]
Event: 1.860 Thread 0x00007fcf0c002000 Exception <a 'java/io/FileNotFoundException'> (0x000000076d7e7068) thrown at [/Users/java_re/workspace/8-2-build-macosx-x86_64/jdk8u102/7268/hotspot/src/share/vm/prims/jni.cpp, line 709]
Event: 1.861 Thread 0x00007fcf0c002000 Implicit null exception at 0x000000010fb425f4 to 0x000000010fb429f5
Event: 2.179 Thread 0x00007fcf0a019800 Exception <a 'java/lang/NullPointerException'> (0x000000076ad16170) thrown at [/Users/java_re/workspace/8-2-build-macosx-x86_64/jdk8u102/7268/hotspot/src/share/vm/interpreter/linkResolver.cpp, line 1178]
Event: 2.775 Thread 0x00007fcf0af12800 Exception <a 'java/security/PrivilegedActionException'> (0x000000076b751d38) thrown at [/Users/java_re/workspace/8-2-build-macosx-x86_64/jdk8u102/7268/hotspot/src/share/vm/prims/jvm.cpp, line 1386]
Event: 2.841 Thread 0x00007fcf0af14000 Exception <a 'java/security/PrivilegedActionException'> (0x000000076b609ce8) thrown at [/Users/java_re/workspace/8-2-build-macosx-x86_64/jdk8u102/7268/hotspot/src/share/vm/prims/jvm.cpp, line 1386]
Event: 2.845 Thread 0x00007fcf0af13000 Exception <a 'java/security/PrivilegedActionException'> (0x000000076b6ada70) thrown at [/Users/java_re/workspace/8-2-build-macosx-x86_64/jdk8u102/7268/hotspot/src/share/vm/prims/jvm.cpp, line 1386]
Event: 2.859 Thread 0x00007fcf0af11800 Exception <a 'java/security/PrivilegedActionException'> (0x000000076b566070) thrown at [/Users/java_re/workspace/8-2-build-macosx-x86_64/jdk8u102/7268/hotspot/src/share/vm/prims/jvm.cpp, line 1386]

Events (10 events):
Event: 9.215 loading class jogamp/nativewindow/jawt/macosx/MacOSXJAWTWindow$1 done
Event: 9.216 loading class java/awt/LightweightDispatcher$2
Event: 9.216 loading class java/awt/LightweightDispatcher$2 done
Event: 9.216 loading class java/awt/event/AWTEventListenerProxy
Event: 9.216 loading class java/awt/event/AWTEventListenerProxy done
Event: 9.216 loading class java/awt/Toolkit$ToolkitEventMulticaster
Event: 9.216 loading class java/awt/Toolkit$ToolkitEventMulticaster done
Event: 9.216 Thread 0x00007fcf0b0b3800 Thread exited: 0x00007fcf0b0b3800
Event: 9.217 loading class java/awt/Window$1DisposeAction
Event: 9.217 loading class java/awt/Window$1DisposeAction done


Dynamic libraries:
0x00000000075dd000 	/System/Library/Frameworks/Cocoa.framework/Versions/A/Cocoa
0x00000000075dd000 	/System/Library/Frameworks/Security.framework/Versions/A/Security
0x00000000075dd000 	/System/Library/Frameworks/ApplicationServices.framework/Versions/A/ApplicationServices
0x00000000075dd000 	/usr/lib/libz.1.dylib
0x00000000075dd000 	/usr/lib/libSystem.B.dylib
0x00000000075dd000 	/usr/lib/libobjc.A.dylib
0x00000000075dd000 	/System/Library/Frameworks/CoreFoundation.framework/Versions/A/CoreFoundation
0x00000000075dd000 	/System/Library/Frameworks/Foundation.framework/Versions/C/Foundation
0x00000000075dd000 	/System/Library/Frameworks/AppKit.framework/Versions/C/AppKit
0x00000000075dd000 	/System/Library/Frameworks/CoreData.framework/Versions/A/CoreData
0x00000000075dd000 	/System/Library/PrivateFrameworks/RemoteViewServices.framework/Versions/A/RemoteViewServices
0x00000000075dd000 	/System/Library/PrivateFrameworks/UIFoundation.framework/Versions/A/UIFoundation
0x00000000075dd000 	/usr/lib/libScreenReader.dylib
0x00000000075dd000 	/System/Library/Frameworks/Accelerate.framework/Versions/A/Accelerate
0x00000000075dd000 	/System/Library/Frameworks/IOSurface.framework/Versions/A/IOSurface
0x00000000075dd000 	/System/Library/Frameworks/AudioToolbox.framework/Versions/A/AudioToolbox
0x00000000075dd000 	/System/Library/Frameworks/AudioUnit.framework/Versions/A/AudioUnit
0x00000000075dd000 	/System/Library/PrivateFrameworks/DataDetectorsCore.framework/Versions/A/DataDetectorsCore
0x00000000075dd000 	/System/Library/PrivateFrameworks/DesktopServicesPriv.framework/Versions/A/DesktopServicesPriv
0x00000000075dd000 	/System/Library/Frameworks/Carbon.framework/Versions/A/Frameworks/HIToolbox.framework/Versions/A/HIToolbox
0x00000000075dd000 	/System/Library/Frameworks/QuartzCore.framework/Versions/A/QuartzCore
0x00000000075dd000 	/System/Library/Frameworks/Carbon.framework/Versions/A/Frameworks/SpeechRecognition.framework/Versions/A/SpeechRecognition
0x00000000075dd000 	/usr/lib/libauto.dylib
0x00000000075dd000 	/usr/lib/libicucore.A.dylib
0x00000000075dd000 	/usr/lib/libxml2.2.dylib
0x00000000075dd000 	/System/Library/PrivateFrameworks/CoreUI.framework/Versions/A/CoreUI
0x00000000075dd000 	/System/Library/Frameworks/CoreAudio.framework/Versions/A/CoreAudio
0x00000000075dd000 	/System/Library/Frameworks/DiskArbitration.framework/Versions/A/DiskArbitration
0x00000000075dd000 	/usr/lib/liblangid.dylib
0x00000000075dd000 	/System/Library/PrivateFrameworks/MultitouchSupport.framework/Versions/A/MultitouchSupport
0x00000000075dd000 	/System/Library/Frameworks/IOKit.framework/Versions/A/IOKit
0x00000000075dd000 	/usr/lib/libDiagnosticMessagesClient.dylib
0x00000000075dd000 	/System/Library/Frameworks/CoreServices.framework/Versions/A/CoreServices
0x00000000075dd000 	/System/Library/PrivateFrameworks/PerformanceAnalysis.framework/Versions/A/PerformanceAnalysis
0x00000000075dd000 	/System/Library/PrivateFrameworks/GenerationalStorage.framework/Versions/A/GenerationalStorage
0x00000000075dd000 	/System/Library/Frameworks/OpenGL.framework/Versions/A/OpenGL
0x00000000075dd000 	/System/Library/PrivateFrameworks/Sharing.framework/Versions/A/Sharing
0x00000000075dd000 	/System/Library/Frameworks/CoreGraphics.framework/Versions/A/CoreGraphics
0x00000000075dd000 	/System/Library/Frameworks/CoreImage.framework/Versions/A/CoreImage
0x00000000075dd000 	/System/Library/Frameworks/CoreText.framework/Versions/A/CoreText
0x00000000075dd000 	/System/Library/Frameworks/ImageIO.framework/Versions/A/ImageIO
0x00000000075dd000 	/System/Library/PrivateFrameworks/Backup.framework/Versions/A/Backup
0x00000000075dd000 	/usr/lib/libextension.dylib
0x00000000075dd000 	/usr/lib/libarchive.2.dylib
0x00000000075dd000 	/System/Library/Frameworks/CFNetwork.framework/Versions/A/CFNetwork
0x00000000075dd000 	/System/Library/Frameworks/SystemConfiguration.framework/Versions/A/SystemConfiguration
0x00000000075dd000 	/usr/lib/libCRFSuite.dylib
0x00000000075dd000 	/usr/lib/libc++.1.dylib
0x00000000075dd000 	/usr/lib/libc++abi.dylib
0x00000000075dd000 	/usr/lib/system/libcache.dylib
0x00000000075dd000 	/usr/lib/system/libcommonCrypto.dylib
0x00000000075dd000 	/usr/lib/system/libcompiler_rt.dylib
0x00000000075dd000 	/usr/lib/system/libcopyfile.dylib
0x00000000075dd000 	/usr/lib/system/libcorecrypto.dylib
0x00000000075dd000 	/usr/lib/system/libdispatch.dylib
0x00000000075dd000 	/usr/lib/system/libdyld.dylib
0x00000000075dd000 	/usr/lib/system/libkeymgr.dylib
0x00000000075dd000 	/usr/lib/system/liblaunch.dylib
0x00000000075dd000 	/usr/lib/system/libmacho.dylib
0x00000000075dd000 	/usr/lib/system/libquarantine.dylib
0x00000000075dd000 	/usr/lib/system/libremovefile.dylib
0x00000000075dd000 	/usr/lib/system/libsystem_asl.dylib
0x00000000075dd000 	/usr/lib/system/libsystem_blocks.dylib
0x00000000075dd000 	/usr/lib/system/libsystem_c.dylib
0x00000000075dd000 	/usr/lib/system/libsystem_configuration.dylib
0x00000000075dd000 	/usr/lib/system/libsystem_coreservices.dylib
0x00000000075dd000 	/usr/lib/system/libsystem_coretls.dylib
0x00000000075dd000 	/usr/lib/system/libsystem_dnssd.dylib
0x00000000075dd000 	/usr/lib/system/libsystem_info.dylib
0x00000000075dd000 	/usr/lib/system/libsystem_kernel.dylib
0x00000000075dd000 	/usr/lib/system/libsystem_m.dylib
0x00000000075dd000 	/usr/lib/system/libsystem_malloc.dylib
0x00000000075dd000 	/usr/lib/system/libsystem_network.dylib
0x00000000075dd000 	/usr/lib/system/libsystem_networkextension.dylib
0x00000000075dd000 	/usr/lib/system/libsystem_notify.dylib
0x00000000075dd000 	/usr/lib/system/libsystem_platform.dylib
0x00000000075dd000 	/usr/lib/system/libsystem_pthread.dylib
0x00000000075dd000 	/usr/lib/system/libsystem_sandbox.dylib
0x00000000075dd000 	/usr/lib/system/libsystem_secinit.dylib
0x00000000075dd000 	/usr/lib/system/libsystem_trace.dylib
0x00000000075dd000 	/usr/lib/system/libunc.dylib
0x00000000075dd000 	/usr/lib/system/libunwind.dylib
0x00000000075dd000 	/usr/lib/system/libxpc.dylib
0x00000000075dd000 	/usr/lib/libenergytrace.dylib
0x00000000075dd000 	/usr/lib/libbsm.0.dylib
0x00000000075dd000 	/usr/lib/system/libkxld.dylib
0x00000000075dd000 	/usr/lib/libxar.1.dylib
0x00000000075dd000 	/usr/lib/libsqlite3.dylib
0x00000000075dd000 	/usr/lib/libpam.2.dylib
0x00000000075dd000 	/usr/lib/libOpenScriptingUtil.dylib
0x00000000075dd000 	/usr/lib/libbz2.1.0.dylib
0x00000000075dd000 	/usr/lib/liblzma.5.dylib
0x00000000075dd000 	/System/Library/Frameworks/CoreServices.framework/Versions/A/Frameworks/FSEvents.framework/Versions/A/FSEvents
0x00000000075dd000 	/System/Library/Frameworks/CoreServices.framework/Versions/A/Frameworks/CarbonCore.framework/Versions/A/CarbonCore
0x00000000075dd000 	/System/Library/Frameworks/CoreServices.framework/Versions/A/Frameworks/Metadata.framework/Versions/A/Metadata
0x00000000075dd000 	/System/Library/Frameworks/CoreServices.framework/Versions/A/Frameworks/OSServices.framework/Versions/A/OSServices
0x00000000075dd000 	/System/Library/Frameworks/CoreServices.framework/Versions/A/Frameworks/SearchKit.framework/Versions/A/SearchKit
0x00000000075dd000 	/System/Library/Frameworks/CoreServices.framework/Versions/A/Frameworks/AE.framework/Versions/A/AE
0x00000000075dd000 	/System/Library/Frameworks/CoreServices.framework/Versions/A/Frameworks/LaunchServices.framework/Versions/A/LaunchServices
0x00000000075dd000 	/System/Library/Frameworks/CoreServices.framework/Versions/A/Frameworks/DictionaryServices.framework/Versions/A/DictionaryServices
0x00000000075dd000 	/System/Library/Frameworks/CoreServices.framework/Versions/A/Frameworks/SharedFileList.framework/Versions/A/SharedFileList
0x00000000075dd000 	/System/Library/Frameworks/NetFS.framework/Versions/A/NetFS
0x00000000075dd000 	/System/Library/PrivateFrameworks/NetAuth.framework/Versions/A/NetAuth
0x00000000075dd000 	/System/Library/PrivateFrameworks/login.framework/Versions/A/Frameworks/loginsupport.framework/Versions/A/loginsupport
0x00000000075dd000 	/System/Library/PrivateFrameworks/TCC.framework/Versions/A/TCC
0x00000000075dd000 	/usr/lib/libmecabra.dylib
0x00000000075dd000 	/System/Library/Frameworks/ApplicationServices.framework/Versions/A/Frameworks/ATS.framework/Versions/A/ATS
0x00000000075dd000 	/System/Library/Frameworks/ApplicationServices.framework/Versions/A/Frameworks/ColorSync.framework/Versions/A/ColorSync
0x00000000075dd000 	/System/Library/Frameworks/ApplicationServices.framework/Versions/A/Frameworks/HIServices.framework/Versions/A/HIServices
0x00000000075dd000 	/System/Library/Frameworks/ApplicationServices.framework/Versions/A/Frameworks/LangAnalysis.framework/Versions/A/LangAnalysis
0x00000000075dd000 	/System/Library/Frameworks/ApplicationServices.framework/Versions/A/Frameworks/PrintCore.framework/Versions/A/PrintCore
0x00000000075dd000 	/System/Library/Frameworks/ApplicationServices.framework/Versions/A/Frameworks/QD.framework/Versions/A/QD
0x00000000075dd000 	/System/Library/Frameworks/ApplicationServices.framework/Versions/A/Frameworks/SpeechSynthesis.framework/Versions/A/SpeechSynthesis
0x00000000075dd000 	/System/Library/Frameworks/Metal.framework/Versions/A/Metal
0x00000000075dd000 	/System/Library/Frameworks/Accelerate.framework/Versions/A/Frameworks/vImage.framework/Versions/A/vImage
0x00000000075dd000 	/System/Library/Frameworks/Accelerate.framework/Versions/A/Frameworks/vecLib.framework/Versions/A/vecLib
0x00000000075dd000 	/System/Library/Frameworks/Accelerate.framework/Versions/A/Frameworks/vecLib.framework/Versions/A/libvDSP.dylib
0x00000000075dd000 	/System/Library/Frameworks/Accelerate.framework/Versions/A/Frameworks/vecLib.framework/Versions/A/libvMisc.dylib
0x00000000075dd000 	/System/Library/Frameworks/Accelerate.framework/Versions/A/Frameworks/vecLib.framework/Versions/A/libLAPACK.dylib
0x00000000075dd000 	/System/Library/Frameworks/Accelerate.framework/Versions/A/Frameworks/vecLib.framework/Versions/A/libBLAS.dylib
0x00000000075dd000 	/System/Library/Frameworks/Accelerate.framework/Versions/A/Frameworks/vecLib.framework/Versions/A/libLinearAlgebra.dylib
0x00000000075dd000 	/System/Library/Frameworks/Accelerate.framework/Versions/A/Frameworks/vecLib.framework/Versions/A/libSparseBLAS.dylib
0x00000000075dd000 	/System/Library/PrivateFrameworks/GPUCompiler.framework/libmetal_timestamp.dylib
0x00000000075dd000 	/System/Library/Frameworks/OpenGL.framework/Versions/A/Libraries/libCoreFSCache.dylib
0x00000000075dd000 	/System/Library/PrivateFrameworks/IOAccelerator.framework/Versions/A/IOAccelerator
0x00000000075dd000 	/System/Library/Frameworks/ApplicationServices.framework/Versions/A/Frameworks/ATS.framework/Versions/A/Resources/libFontParser.dylib
0x00000000075dd000 	/System/Library/Frameworks/ApplicationServices.framework/Versions/A/Frameworks/ATS.framework/Versions/A/Resources/libFontRegistry.dylib
0x00000000075dd000 	/System/Library/PrivateFrameworks/AppleVPA.framework/Versions/A/AppleVPA
0x00000000075dd000 	/System/Library/PrivateFrameworks/AppleJPEG.framework/Versions/A/AppleJPEG
0x00000000075dd000 	/System/Library/Frameworks/ImageIO.framework/Versions/A/Resources/libJPEG.dylib
0x00000000075dd000 	/System/Library/Frameworks/ImageIO.framework/Versions/A/Resources/libTIFF.dylib
0x00000000075dd000 	/System/Library/Frameworks/ImageIO.framework/Versions/A/Resources/libPng.dylib
0x00000000075dd000 	/System/Library/Frameworks/ImageIO.framework/Versions/A/Resources/libGIF.dylib
0x00000000075dd000 	/System/Library/Frameworks/ImageIO.framework/Versions/A/Resources/libJP2.dylib
0x00000000075dd000 	/System/Library/Frameworks/ImageIO.framework/Versions/A/Resources/libRadiance.dylib
0x00000000075dd000 	/System/Library/Frameworks/CoreVideo.framework/Versions/A/CoreVideo
0x00000000075dd000 	/System/Library/Frameworks/OpenGL.framework/Versions/A/Libraries/libGLU.dylib
0x00000000075dd000 	/System/Library/Frameworks/OpenGL.framework/Versions/A/Libraries/libGFXShared.dylib
0x00000000075dd000 	/System/Library/Frameworks/OpenGL.framework/Versions/A/Libraries/libGL.dylib
0x00000000075dd000 	/System/Library/Frameworks/OpenGL.framework/Versions/A/Libraries/libGLImage.dylib
0x00000000075dd000 	/System/Library/Frameworks/OpenGL.framework/Versions/A/Libraries/libCVMSPluginSupport.dylib
0x00000000075dd000 	/System/Library/Frameworks/OpenGL.framework/Versions/A/Libraries/libCoreVMClient.dylib
0x00000000075dd000 	/usr/lib/libcompression.dylib
0x00000000075dd000 	/usr/lib/libcups.2.dylib
0x00000000075dd000 	/System/Library/Frameworks/Kerberos.framework/Versions/A/Kerberos
0x00000000075dd000 	/System/Library/Frameworks/GSS.framework/Versions/A/GSS
0x00000000075dd000 	/usr/lib/libresolv.9.dylib
0x00000000075dd000 	/usr/lib/libiconv.2.dylib
0x00000000075dd000 	/System/Library/PrivateFrameworks/Heimdal.framework/Versions/A/Heimdal
0x00000000075dd000 	/usr/lib/libheimdal-asn1.dylib
0x00000000075dd000 	/System/Library/Frameworks/OpenDirectory.framework/Versions/A/OpenDirectory
0x00000000075dd000 	/System/Library/PrivateFrameworks/CommonAuth.framework/Versions/A/CommonAuth
0x00000000075dd000 	/System/Library/Frameworks/OpenDirectory.framework/Versions/A/Frameworks/CFOpenDirectory.framework/Versions/A/CFOpenDirectory
0x00000000075dd000 	/System/Library/Frameworks/SecurityFoundation.framework/Versions/A/SecurityFoundation
0x00000000075dd000 	/System/Library/PrivateFrameworks/LanguageModeling.framework/Versions/A/LanguageModeling
0x00000000075dd000 	/usr/lib/libmarisa.dylib
0x00000000075dd000 	/usr/lib/libChineseTokenizer.dylib
0x00000000075dd000 	/usr/lib/libcmph.dylib
0x00000000075dd000 	/System/Library/Frameworks/ServiceManagement.framework/Versions/A/ServiceManagement
0x00000000075dd000 	/usr/lib/libxslt.1.dylib
0x00000000075dd000 	/System/Library/Frameworks/Carbon.framework/Versions/A/Frameworks/Ink.framework/Versions/A/Ink
0x00000000075dd000 	/usr/lib/libFosl_dynamic.dylib
0x00000000075dd000 	/System/Library/PrivateFrameworks/FaceCore.framework/Versions/A/FaceCore
0x00000000075dd000 	/System/Library/Frameworks/OpenCL.framework/Versions/A/OpenCL
0x00000000075dd000 	/System/Library/PrivateFrameworks/CrashReporterSupport.framework/Versions/A/CrashReporterSupport
0x00000000075dd000 	/System/Library/PrivateFrameworks/IconServices.framework/Versions/A/IconServices
0x00000000075dd000 	/System/Library/PrivateFrameworks/Apple80211.framework/Versions/A/Apple80211
0x00000000075dd000 	/System/Library/Frameworks/CoreWLAN.framework/Versions/A/CoreWLAN
0x00000000075dd000 	/System/Library/Frameworks/IOBluetooth.framework/Versions/A/IOBluetooth
0x00000000075dd000 	/System/Library/PrivateFrameworks/CoreWiFi.framework/Versions/A/CoreWiFi
0x00000000075dd000 	/System/Library/Frameworks/CoreBluetooth.framework/Versions/A/CoreBluetooth
0x00000000075dd000 	/System/Library/PrivateFrameworks/ChunkingLibrary.framework/Versions/A/ChunkingLibrary
0x00000000075dd000 	/System/Library/PrivateFrameworks/DebugSymbols.framework/Versions/A/DebugSymbols
0x00000000075dd000 	/System/Library/PrivateFrameworks/CoreSymbolication.framework/Versions/A/CoreSymbolication
0x00000000075dd000 	/System/Library/PrivateFrameworks/Symbolication.framework/Versions/A/Symbolication
0x00000000075dd000 	/System/Library/PrivateFrameworks/SpeechRecognitionCore.framework/Versions/A/SpeechRecognitionCore
0x000000010ea00000 	/Library/Java/JavaVirtualMachines/jdk1.8.0_102.jdk/Contents/Home/jre/lib/server/libjvm.dylib
0x00000000075dd000 	/usr/lib/libstdc++.6.dylib
0x000000010d986000 	/Library/Java/JavaVirtualMachines/jdk1.8.0_102.jdk/Contents/Home/jre/lib/libverify.dylib
0x000000010d994000 	/Library/Java/JavaVirtualMachines/jdk1.8.0_102.jdk/Contents/Home/jre/lib/libjava.dylib
0x000000010d9d3000 	/Library/Java/JavaVirtualMachines/jdk1.8.0_102.jdk/Contents/Home/jre/lib/libzip.dylib
0x000000012aa37000 	/System/Library/Frameworks/JavaVM.framework/Frameworks/JavaRuntimeSupport.framework/JavaRuntimeSupport
0x000000012aa52000 	/System/Library/Frameworks/JavaVM.framework/Versions/A/Frameworks/JavaNativeFoundation.framework/Versions/A/JavaNativeFoundation
0x000000012aa67000 	/System/Library/Frameworks/JavaVM.framework/Versions/A/JavaVM
0x00000000075dd000 	/System/Library/Frameworks/Carbon.framework/Versions/A/Carbon
0x000000012aa74000 	/System/Library/PrivateFrameworks/JavaLaunching.framework/Versions/A/JavaLaunching
0x00000000075dd000 	/System/Library/Frameworks/Carbon.framework/Versions/A/Frameworks/CommonPanels.framework/Versions/A/CommonPanels
0x00000000075dd000 	/System/Library/Frameworks/Carbon.framework/Versions/A/Frameworks/Help.framework/Versions/A/Help
0x00000000075dd000 	/System/Library/Frameworks/Carbon.framework/Versions/A/Frameworks/ImageCapture.framework/Versions/A/ImageCapture
0x00000000075dd000 	/System/Library/Frameworks/Carbon.framework/Versions/A/Frameworks/OpenScripting.framework/Versions/A/OpenScripting
0x00000000075dd000 	/System/Library/Frameworks/Carbon.framework/Versions/A/Frameworks/Print.framework/Versions/A/Print
0x00000000075dd000 	/System/Library/Frameworks/Carbon.framework/Versions/A/Frameworks/SecurityHI.framework/Versions/A/SecurityHI
0x000000012c396000 	/Library/Java/JavaVirtualMachines/jdk1.8.0_102.jdk/Contents/Home/jre/lib/libawt.dylib
0x000000012c43e000 	/Library/Java/JavaVirtualMachines/jdk1.8.0_102.jdk/Contents/Home/jre/lib/./libmlib_image.dylib
0x000000012c50a000 	/Library/Java/JavaVirtualMachines/jdk1.8.0_102.jdk/Contents/Home/jre/lib/libawt_lwawt.dylib
0x000000012c5bf000 	/Library/Java/JavaVirtualMachines/jdk1.8.0_102.jdk/Contents/Home/jre/lib/./libosxapp.dylib
0x00000000075dd000 	/System/Library/Frameworks/ExceptionHandling.framework/Versions/A/ExceptionHandling
0x00000000075dd000 	/System/Library/PrivateFrameworks/CoreServicesInternal.framework/Versions/A/CoreServicesInternal
0x00000000075dd000 	/System/Library/Frameworks/CoreGraphics.framework/Versions/A/Resources/libRIP.A.dylib
0x00000000075dd000 	/System/Library/Frameworks/Accelerate.framework/Versions/A/Frameworks/vImage.framework/Versions/A/Libraries/libCGInterfaces.dylib
0x00000000075dd000 	/System/Library/Frameworks/CoreGraphics.framework/Versions/A/Resources/libCGXType.A.dylib
0x00000000075dd000 	/System/Library/Frameworks/OpenCL.framework/Versions/A/Libraries/libcldcpuengine.dylib
0x00000000075dd000 	/System/Library/PrivateFrameworks/DiskImages.framework/Versions/A/DiskImages
0x00000000075dd000 	/System/Library/Frameworks/DiscRecording.framework/Versions/A/DiscRecording
0x00000000075dd000 	/usr/lib/libcsfde.dylib
0x00000000075dd000 	/usr/lib/libcurl.4.dylib
0x00000000075dd000 	/System/Library/PrivateFrameworks/MediaKit.framework/Versions/A/MediaKit
0x00000000075dd000 	/System/Library/PrivateFrameworks/ProtectedCloudStorage.framework/Versions/A/ProtectedCloudStorage
0x00000000075dd000 	/usr/lib/libCoreStorage.dylib
0x00000000075dd000 	/System/Library/PrivateFrameworks/EFILogin.framework/Versions/A/EFILogin
0x00000000075dd000 	/usr/lib/libutil.dylib
0x00000000075dd000 	/System/Library/PrivateFrameworks/FindMyDevice.framework/Versions/A/FindMyDevice
0x00000000075dd000 	/System/Library/Frameworks/LDAP.framework/Versions/A/LDAP
0x00000000075dd000 	/usr/lib/libsasl2.2.dylib
0x00000000075dd000 	/System/Library/PrivateFrameworks/CoreDaemon.framework/Versions/B/CoreDaemon
0x00000000075dd000 	/usr/lib/libcrypto.0.9.8.dylib
0x00000000075dd000 	/System/Library/PrivateFrameworks/AppleSRP.framework/Versions/A/AppleSRP
0x00000000075dd000 	/System/Library/PrivateFrameworks/TrustEvaluationAgent.framework/Versions/A/TrustEvaluationAgent
0x000000012d115000 	cl_kernels
0x00000000075dd000 	/System/Library/Frameworks/OpenCL.framework/Versions/A/Libraries/ImageFormats/unorm8_bgra.dylib
0x00000000075dd000 	/System/Library/Frameworks/OpenCL.framework/Versions/A/Libraries/ImageFormats/unorm8_rgba.dylib
0x00000000075dd000 	/System/Library/PrivateFrameworks/FamilyControls.framework/Versions/A/FamilyControls
0x00000000075dd000 	/System/Library/PrivateFrameworks/CommerceKit.framework/Versions/A/Frameworks/CommerceCore.framework/Versions/A/CommerceCore
0x00000000075dd000 	/System/Library/PrivateFrameworks/SystemAdministration.framework/Versions/A/SystemAdministration
0x00000000075dd000 	/System/Library/PrivateFrameworks/AppContainer.framework/Versions/A/AppContainer
0x00000000075dd000 	/System/Library/PrivateFrameworks/SecCodeWrapper.framework/Versions/A/SecCodeWrapper
0x00000000075dd000 	/System/Library/Frameworks/DirectoryService.framework/Versions/A/DirectoryService
0x00000000075dd000 	/System/Library/PrivateFrameworks/LoginUIKit.framework/Versions/A/Frameworks/LoginUICore.framework/Versions/A/LoginUICore
0x00000000075dd000 	/usr/lib/libodfde.dylib
0x00000000075dd000 	/System/Library/Frameworks/OpenGL.framework/Versions/A/Resources/GLEngine.bundle/GLEngine
0x00000000075dd000 	/System/Library/Frameworks/OpenGL.framework/Versions/A/Libraries/libGLProgrammability.dylib
0x000000012f319000 	/System/Library/Extensions/AppleIntelHD5000GraphicsGLDriver.bundle/Contents/MacOS/AppleIntelHD5000GraphicsGLDriver
0x00000000075dd000 	/System/Library/PrivateFrameworks/GPUSupport.framework/Versions/A/Libraries/libGPUSupportMercury.dylib
0x00000000075dd000 	/System/Library/Extensions/GeForceGLDriver.bundle/Contents/MacOS/GeForceGLDriver
0x00000000075dd000 	/System/Library/Extensions/GeForceGLDriver.bundle/Contents/MacOS/libclh.dylib
0x00000000075dd000 	/System/Library/Frameworks/OpenGL.framework/Versions/A/Resources/GLRendererFloat.bundle/GLRendererFloat
0x000000013030f000 	/Library/Java/JavaVirtualMachines/jdk1.8.0_102.jdk/Contents/Home/jre/lib/libfontmanager.dylib
0x0000000132479000 	/Library/Java/JavaVirtualMachines/jdk1.8.0_102.jdk/Contents/Home/jre/lib/libosxui.dylib
0x000000013315b000 	/Library/Java/JavaVirtualMachines/jdk1.8.0_102.jdk/Contents/Home/jre/lib/libnet.dylib
0x0000000132f6f000 	/Library/Java/JavaVirtualMachines/jdk1.8.0_102.jdk/Contents/Home/jre/lib/libnio.dylib
0x00000000075dd000 	/System/Library/Frameworks/ApplicationServices.framework/Versions/A/Frameworks/ATS.framework/Versions/A/Resources/libTrueTypeScaler.dylib
0x0000000184342000 	/System/Library/Extensions/GeForceMTLDriver.bundle/Contents/MacOS/GeForceMTLDriver
0x0000000184486000 	/System/Library/Extensions/AppleIntelHD5000GraphicsMTLDriver.bundle/Contents/MacOS/AppleIntelHD5000GraphicsMTLDriver
0x000000012d7f1000 	/private/var/folders/s0/99ys_lw53gq1_m9t_wd8qrhh0000gv/T/jogamp_0000/file_cache/jln6971238739646604441/jln8706524249070332652/libgluegen-rt.jnilib
0x000000012d7f6000 	/private/var/folders/s0/99ys_lw53gq1_m9t_wd8qrhh0000gv/T/jogamp_0000/file_cache/jln6971238739646604441/jln8706524249070332652/libnativewindow_awt.jnilib
0x000000012d7f9000 	/Library/Java/JavaVirtualMachines/jdk1.8.0_102.jdk/Contents/Home/jre/lib/libjawt.dylib
0x0000000184218000 	/private/var/folders/s0/99ys_lw53gq1_m9t_wd8qrhh0000gv/T/jogamp_0000/file_cache/jln6971238739646604441/jln8706524249070332652/libnativewindow_macosx.jnilib
0x0000000185022000 	/private/var/folders/s0/99ys_lw53gq1_m9t_wd8qrhh0000gv/T/jogamp_0000/file_cache/jln6971238739646604441/jln8706524249070332652/libjogl_desktop.jnilib
0x000000018dc88000 	/Library/Java/JavaVirtualMachines/jdk1.8.0_102.jdk/Contents/Home/jre/lib/libt2k.dylib

VM Arguments:
jvm_args: -Djava.security.policy=java.policy.applet -Dfile.encoding=UTF-8 
java_command: sun.applet.AppletViewer module3.EarthquakeCityMap1483974426978.html
java_class_path (initial): /Users/giuseppe/Documents/workspace/UCSDUnfoldingMaps/build:/Users/giuseppe/Documents/workspace/UCSDUnfoldingMaps/lib/core.jar:/Users/giuseppe/Documents/workspace/UCSDUnfoldingMaps/lib/gluegen-rt.jar:/Users/giuseppe/Documents/workspace/UCSDUnfoldingMaps/lib/jogl-all.jar:/Users/giuseppe/Documents/workspace/UCSDUnfoldingMaps/lib/log4j-1.2.15.jar:/Users/giuseppe/Documents/workspace/UCSDUnfoldingMaps/lib/sqlite-jdbc-3.7.2.jar:/Users/giuseppe/Documents/workspace/UCSDUnfoldingMaps/lib/json4processing.jar:/Users/giuseppe/Documents/workspace/UCSDUnfoldingMaps/lib/libTUIO.jar:/Users/giuseppe/Documents/workspace/UCSDUnfoldingMaps/lib/unfolding.0.9.7-uscd.jar
Launcher Type: SUN_STANDARD

Environment Variables:
PATH=/usr/bin:/bin:/usr/sbin:/sbin
SHELL=/bin/bash
DISPLAY=/private/tmp/com.apple.launchd.vYoQ6Lg394/org.macosforge.xquartz:0

Signal Handlers:
SIGSEGV: [libjvm.dylib+0x5b0579], sa_mask[0]=11111111011111110111111111111111, sa_flags=SA_ONSTACK|SA_RESTART|SA_SIGINFO
SIGBUS: [libjvm.dylib+0x5b0579], sa_mask[0]=11111111011111110111111111111111, sa_flags=SA_RESTART|SA_SIGINFO
SIGFPE: [libjvm.dylib+0x4874e4], sa_mask[0]=11111111011111110111111111111111, sa_flags=SA_RESTART|SA_SIGINFO
SIGPIPE: [libjvm.dylib+0x4874e4], sa_mask[0]=11111111011111110111111111111111, sa_flags=SA_RESTART|SA_SIGINFO
SIGXFSZ: [libjvm.dylib+0x4874e4], sa_mask[0]=11111111011111110111111111111111, sa_flags=SA_RESTART|SA_SIGINFO
SIGILL: [libjvm.dylib+0x4874e4], sa_mask[0]=11111111011111110111111111111111, sa_flags=SA_RESTART|SA_SIGINFO
SIGUSR1: SIG_DFL, sa_mask[0]=00000000000000000000000000000000, sa_flags=none
SIGUSR2: [libjvm.dylib+0x487002], sa_mask[0]=00100000000000000000000000000000, sa_flags=SA_RESTART|SA_SIGINFO
SIGHUP: [libjvm.dylib+0x4855d9], sa_mask[0]=11111111011111110111111111111111, sa_flags=SA_RESTART|SA_SIGINFO
SIGINT: [libjvm.dylib+0x4855d9], sa_mask[0]=11111111011111110111111111111111, sa_flags=SA_RESTART|SA_SIGINFO
SIGTERM: [libjvm.dylib+0x4855d9], sa_mask[0]=11111111011111110111111111111111, sa_flags=SA_RESTART|SA_SIGINFO
SIGQUIT: [libjvm.dylib+0x4855d9], sa_mask[0]=11111111011111110111111111111111, sa_flags=SA_RESTART|SA_SIGINFO


---------------  S Y S T E M  ---------------

OS:Bsduname:Darwin 15.5.0 Darwin Kernel Version 15.5.0: Tue Apr 19 18:36:36 PDT 2016; root:xnu-3248.50.21~8/RELEASE_X86_64 x86_64
rlimit: STACK 8192k, CORE 0k, NPROC 709, NOFILE 10240, AS infinity
load average:2.24 2.17 2.09

CPU:total 8 (4 cores per cpu, 2 threads per core) family 6 model 70 stepping 1, cmov, cx8, fxsr, mmx, sse, sse2, sse3, ssse3, sse4.1, sse4.2, popcnt, avx, avx2, aes, clmul, erms, rtm, lzcnt, ht, tsc, tscinvbit, bmi1, bmi2

Memory: 4k page, physical 16777216k(644268k free)

/proc/meminfo:


vm_info: Java HotSpot(TM) 64-Bit Server VM (25.102-b14) for bsd-amd64 JRE (1.8.0_102-b14), built on Jun 22 2016 11:42:36 by "java_re" with gcc 4.2.1 (Based on Apple Inc. build 5658) (LLVM build 2336.11.00)

time: Mon Jan  9 16:07:16 2017
elapsed time: 9 seconds (0d 0h 0m 9s)

