#
# A fatal error has been detected by the Java Runtime Environment:
#
#  SIGSEGV (0xb) at pc=0x00007fff9c5150f3, pid=18377, tid=0x0000000000000a0b
#
# JRE version: Java(TM) SE Runtime Environment (8.0_102-b14) (build 1.8.0_102-b14)
# Java VM: Java HotSpot(TM) 64-Bit Server VM (25.102-b14 mixed mode bsd-amd64 compressed oops)
# Problematic frame:
# C  [libobjc.A.dylib+0x80f3]  objc_release+0x13
#
# Failed to write core dump. Core dumps have been disabled. To enable core dumping, try "ulimit -c unlimited" before starting Java again
#
# If you would like to submit a bug report, please visit:
#   http://bugreport.java.com/bugreport/crash.jsp
# The crash happened outside the Java Virtual Machine in native code.
# See problematic frame for where to report the bug.
#

---------------  T H R E A D  ---------------

Current thread (0x00007fc99a19a800):  JavaThread "AWT-AppKit" daemon [_thread_in_native, id=2571, stack(0x00007fff54e4e000,0x00007fff5564e000)]

siginfo: si_signo: 11 (SIGSEGV), si_code: 0 (unknown), si_addr: 0x0000000000000000

Registers:
RAX=0x0000000000000008, RBX=0x0000000000000000, RCX=0x0000000000000003, RDX=0x00007fc9a0d91ee8
RSP=0x00007fff556493b0, RBP=0x00007fff556493b0, RSI=0x0000000129430f30, RDI=0x800007fc9a0d8f76
R8 =0x0000000000000001, R9 =0x00007fc9a0d8f760, R10=0x00007fc99c9d3620, R11=0x0000000181153840
R12=0x0000000000000000, R13=0x00000001866f2450, R14=0x00007fc9a0d89b00, R15=0x00007fc99a19a800
RIP=0x00007fff9c5150f3, EFLAGS=0x0000000000010246, ERR=0x0000000000000000
  TRAPNO=0x000000000000000d

Top of Stack: (sp=0x00007fff556493b0)
0x00007fff556493b0:   00007fff556493e0 00000001293ba267
0x00007fff556493c0:   00007fff556493e0 0000000181153450
0x00007fff556493d0:   0000000181153440 00007fc99a19a800
0x00007fff556493e0:   00007fff556494a0 0000000181151215
0x00007fff556493f0:   0000000181153700 00000001811536e0
0x00007fff55649400:   00000001811534b0 0000000000000000
0x00007fff55649410:   00000001866f2450 00000001866f2450
0x00007fff55649420:   00007fc9a0d91ee0 00000001811536a0
0x00007fff55649430:   0000000181153710 00007fff7ad9b770
0x00007fff55649440:   00007fff77998500 0000000181153450
0x00007fff55649450:   0000000181153690 00007fc9a0d91ee0
0x00007fff55649460:   00007fc9a0d89b00 00007fc9a0c20df0
0x00007fff55649470:   00007fc9a0d91ee0 00007fc9a0d89b00
0x00007fff55649480:   00007fff55649520 00007fc99a19a9f8
0x00007fff55649490:   00000001866f2450 00007fff55649548
0x00007fff556494a0:   00007fff55649510 000000010c9b89d4
0x00007fff556494b0:   00007fff55649510 000000010c9b8759
0x00007fff556494c0:   000000010c9c4983 000000010c9b8722
0x00007fff556494d0:   00007fff556494d0 00000001866f2450
0x00007fff556494e0:   00007fff55649548 00000001866f5088
0x00007fff556494f0:   0000000000000000 00000001866f2450
0x00007fff55649500:   0000000000000000 00007fff55649530
0x00007fff55649510:   00007fff55649590 000000010c9a92bd
0x00007fff55649520:   000000076f601fe8 000000010c9b2538
0x00007fff55649530:   00007fc9a0d91ee0 000000010c9b3e39
0x00007fff55649540:   00007fc9a0d89b00 000000010c9b3e02
0x00007fff55649550:   00007fff55649550 00000001866f261a
0x00007fff55649560:   00007fff556495b8 00000001866f5088
0x00007fff55649570:   0000000000000000 00000001866f2628
0x00007fff55649580:   00007fff55649530 00007fff556495a0
0x00007fff55649590:   00007fff55649600 000000010c9a92bd
0x00007fff556495a0:   00007fc9a0d91ee0 000000076f5937e8 

Instructions: (pc=0x00007fff9c5150f3)
0x00007fff9c5150d3:   41 5c 41 5d 41 5e 41 5f 5d c3 90 90 90 55 48 89
0x00007fff9c5150e3:   e5 48 85 ff 0f 84 82 00 00 00 40 f6 c7 01 75 7c
0x00007fff9c5150f3:   48 8b 07 48 b9 f8 ff ff ff ff 7f 00 00 48 21 c1
0x00007fff9c515103:   f6 41 20 02 75 10 48 8d 05 80 ac 31 df 48 8b 30 

Register to memory mapping:

RAX=0x0000000000000008 is an unknown value
RBX=0x0000000000000000 is an unknown value
RCX=0x0000000000000003 is an unknown value
RDX=0x00007fc9a0d91ee8 is an unknown value
RSP=0x00007fff556493b0 is pointing into the stack for thread: 0x00007fc99a19a800
RBP=0x00007fff556493b0 is pointing into the stack for thread: 0x00007fc99a19a800
RSI=0x0000000129430f30: OBJC_IVAR_$_PrinterView.fCurPeekGraphics+0x1aa8 in /Library/Java/JavaVirtualMachines/jdk1.8.0_102.jdk/Contents/Home/jre/lib/libawt_lwawt.dylib at 0x00000001293b6000
RDI=0x800007fc9a0d8f76 is an unknown value
R8 =0x0000000000000001 is an unknown value
R9 =0x00007fc9a0d8f760 is an unknown value
R10=0x00007fc99c9d3620 is an unknown value
R11=0x0000000181153840: OBJC_CLASS_$_MyCALayer+0 in /private/var/folders/s0/99ys_lw53gq1_m9t_wd8qrhh0000gv/T/jogamp_0000/file_cache/jln5834305652380829316/jln8283863043671007451/libnativewindow_macosx.jnilib at 0x000000018114c000
R12=0x0000000000000000 is an unknown value
R13={method} {0x00000001866f2450} 'UnsetJAWTRootSurfaceLayer0' '(JJ)V' in 'jogamp/nativewindow/jawt/macosx/MacOSXJAWTWindow'
R14=0x00007fc9a0d89b00 is an unknown value
R15=0x00007fc99a19a800 is a thread


Stack: [0x00007fff54e4e000,0x00007fff5564e000],  sp=0x00007fff556493b0,  free space=8172k
Native frames: (J=compiled Java code, j=interpreted, Vv=VM code, C=native code)
C  [libobjc.A.dylib+0x80f3]  objc_release+0x13
C  [libawt_lwawt.dylib+0x4267]  -[AWTSurfaceLayers setLayer:]+0x54
C  [libnativewindow_macosx.jnilib+0x5215]  Java_jogamp_nativewindow_jawt_macosx_MacOSXJAWTWindow_UnsetJAWTRootSurfaceLayer0+0x1a5
j  jogamp.nativewindow.jawt.macosx.MacOSXJAWTWindow.UnsetJAWTRootSurfaceLayer0(JJ)V+0
j  jogamp.nativewindow.jawt.macosx.MacOSXJAWTWindow.access$200(JJ)V+2
j  jogamp.nativewindow.jawt.macosx.MacOSXJAWTWindow$1.run()V+38
j  com.jogamp.common.util.RunnableTask.run()V+24
v  ~StubRoutines::call_stub
V  [libjvm.dylib+0x2ed5e2]  JavaCalls::call_helper(JavaValue*, methodHandle*, JavaCallArguments*, Thread*)+0x6ae
V  [libjvm.dylib+0x324771]  jni_invoke_nonstatic(JNIEnv_*, JavaValue*, _jobject*, JNICallType, _jmethodID*, JNI_ArgumentPusher*, Thread*)+0x2ec
V  [libjvm.dylib+0x316f3f]  jni_CallVoidMethod+0x16b
C  [libnativewindow_macosx.jnilib+0x5326]  Java_jogamp_nativewindow_jawt_macosx_MacOSXJAWTWindow_UnsetJAWTRootSurfaceLayer0+0x2b6
C  [Foundation+0x76fde]  __NSThreadPerformPerform+0x117
C  [CoreFoundation+0xaa881]  __CFRUNLOOP_IS_CALLING_OUT_TO_A_SOURCE0_PERFORM_FUNCTION__+0x11
C  [CoreFoundation+0x89f37]  __CFRunLoopDoSources0+0x1a7
C  [CoreFoundation+0x894df]  __CFRunLoopRun+0x39f
C  [CoreFoundation+0x88ed8]  CFRunLoopRunSpecific+0x128
C  [HIToolbox+0x30935]  RunCurrentEventLoopInMode+0xeb
C  [HIToolbox+0x30677]  ReceiveNextEventCommon+0xb8
C  [HIToolbox+0x305af]  _BlockUntilNextEventMatchingListInModeWithFilter+0x47
C  [AppKit+0x48df6]  _DPSNextEvent+0x42b
C  [AppKit+0x48226]  -[NSApplication _nextEventMatchingEventMask:untilDate:inMode:dequeue:]+0x1c6
C  [libosxapp.dylib+0x23aa]  -[NSApplicationAWT nextEventMatchingMask:untilDate:inMode:dequeue:]+0x7c
C  [AppKit+0x3cd80]  -[NSApplication run]+0x2aa
C  [libosxapp.dylib+0x214d]  +[NSApplicationAWT runAWTLoopWithApp:]+0x9c
C  [libawt_lwawt.dylib+0x444b3]  -[AWTStarter starter:]+0x389
C  [Foundation+0x76fde]  __NSThreadPerformPerform+0x117
C  [CoreFoundation+0xaa881]  __CFRUNLOOP_IS_CALLING_OUT_TO_A_SOURCE0_PERFORM_FUNCTION__+0x11
C  [CoreFoundation+0x89fbc]  __CFRunLoopDoSources0+0x22c
C  [CoreFoundation+0x894df]  __CFRunLoopRun+0x39f
C  [CoreFoundation+0x88ed8]  CFRunLoopRunSpecific+0x128
C  [java+0x6465]  CreateExecutionEnvironment+0x367
C  [java+0x218c]  JLI_Launch+0x7a0
C  [java+0x84c2]  main+0x65
C  [java+0x19e4]  start+0x34
C  0x0000000000000007

Java frames: (J=compiled Java code, j=interpreted, Vv=VM code)
j  jogamp.nativewindow.jawt.macosx.MacOSXJAWTWindow.UnsetJAWTRootSurfaceLayer0(JJ)V+0
j  jogamp.nativewindow.jawt.macosx.MacOSXJAWTWindow.access$200(JJ)V+2
j  jogamp.nativewindow.jawt.macosx.MacOSXJAWTWindow$1.run()V+38
j  com.jogamp.common.util.RunnableTask.run()V+24
v  ~StubRoutines::call_stub

---------------  P R O C E S S  ---------------

Java Threads: ( => current thread )
  0x00007fc99abc5000 JavaThread "Thread-28" [_thread_blocked, id=73007, stack(0x0000700002109000,0x0000700002209000)]
  0x00007fc99a3a0800 JavaThread "Keep-Alive-Timer" daemon [_thread_blocked, id=72539, stack(0x0000700002515000,0x0000700002615000)]
  0x00007fc99a804000 JavaThread "Animation Thread" [_thread_blocked, id=65327, stack(0x0000700001e80000,0x0000700001f80000)]
  0x00007fc99c9aa000 JavaThread "AWT-EventQueue-1" [_thread_in_native, id=65067, stack(0x0000700001f83000,0x0000700002083000)]
  0x00007fc99a2f3000 JavaThread "DestroyJavaVM" [_thread_blocked, id=5891, stack(0x000070000011a000,0x000070000021a000)]
  0x00007fc99b955000 JavaThread "AWT-EventQueue-0" [_thread_blocked, id=63247, stack(0x0000700001d7d000,0x0000700001e7d000)]
  0x00007fc99a997800 JavaThread "Java2D Disposer" daemon [_thread_blocked, id=58371, stack(0x0000700001af4000,0x0000700001bf4000)]
  0x00007fc99a97f000 JavaThread "Java2D Queue Flusher" daemon [_thread_blocked, id=54279, stack(0x00007000019f1000,0x0000700001af1000)]
  0x00007fc99c89b000 JavaThread "AWT-Shutdown" [_thread_blocked, id=32019, stack(0x00007000016e2000,0x00007000017e2000)]
=>0x00007fc99a19a800 JavaThread "AWT-AppKit" daemon [_thread_in_native, id=2571, stack(0x00007fff54e4e000,0x00007fff5564e000)]
  0x00007fc99c80c000 JavaThread "Service Thread" daemon [_thread_blocked, id=20995, stack(0x00007000012d0000,0x00007000013d0000)]
  0x00007fc99c82c800 JavaThread "C1 CompilerThread3" daemon [_thread_blocked, id=20483, stack(0x00007000011cd000,0x00007000012cd000)]
  0x00007fc99c823800 JavaThread "C2 CompilerThread2" daemon [_thread_blocked, id=19971, stack(0x00007000010ca000,0x00007000011ca000)]
  0x00007fc99c823000 JavaThread "C2 CompilerThread1" daemon [_thread_blocked, id=19459, stack(0x0000700000fc7000,0x00007000010c7000)]
  0x00007fc99c821000 JavaThread "C2 CompilerThread0" daemon [_thread_blocked, id=18947, stack(0x0000700000ec4000,0x0000700000fc4000)]
  0x00007fc99c81e000 JavaThread "Signal Dispatcher" daemon [_thread_blocked, id=15887, stack(0x0000700000dc1000,0x0000700000ec1000)]
  0x00007fc99a815800 JavaThread "Finalizer" daemon [_thread_blocked, id=14339, stack(0x0000700000c3b000,0x0000700000d3b000)]
  0x00007fc99b802000 JavaThread "Reference Handler" daemon [_thread_blocked, id=13827, stack(0x0000700000b38000,0x0000700000c38000)]

Other Threads:
  0x00007fc99a02e000 VMThread [stack: 0x0000700000a35000,0x0000700000b35000] [id=13315]
  0x00007fc99a801000 WatcherThread [stack: 0x00007000013d3000,0x00007000014d3000] [id=21507]

VM state:not at safepoint (normal execution)

VM Mutex/Monitor currently owned by a thread: None

Heap:
 PSYoungGen      total 76288K, used 14424K [0x000000076ab00000, 0x0000000770000000, 0x00000007c0000000)
  eden space 65536K, 5% used [0x000000076ab00000,0x000000076ae987c8,0x000000076eb00000)
  from space 10752K, 99% used [0x000000076f580000,0x000000076fffd970,0x0000000770000000)
  to   space 10752K, 0% used [0x000000076eb00000,0x000000076eb00000,0x000000076f580000)
 ParOldGen       total 175104K, used 7329K [0x00000006c0000000, 0x00000006cab00000, 0x000000076ab00000)
  object space 175104K, 4% used [0x00000006c0000000,0x00000006c07286b8,0x00000006cab00000)
 Metaspace       used 19132K, capacity 19321K, committed 19712K, reserved 1067008K
  class space    used 1900K, capacity 1955K, committed 2048K, reserved 1048576K

Card table byte_map: [0x000000011bd61000,0x000000011c562000] byte_map_base: 0x0000000118761000

Marking Bits: (ParMarkBitMap*) 0x000000010c2efd20
 Begin Bits: [0x000000011cab8000, 0x0000000120ab8000)
 End Bits:   [0x0000000120ab8000, 0x0000000124ab8000)

Polling page: 0x000000010a875000

CodeCache: size=245760Kb used=6859Kb max_used=6872Kb free=238900Kb
 bounds [0x000000010c9a1000, 0x000000010d061000, 0x000000011b9a1000]
 total_blobs=2796 nmethods=1923 adapters=787
 compilation: enabled

Compilation events (10 events):
Event: 7.893 Thread 0x00007fc99c821000 1919   !   4       sun.awt.AppContext::get (123 bytes)
Event: 7.894 Thread 0x00007fc99c82c800 1920       1       sun.java2d.SurfaceData::isValid (5 bytes)
Event: 7.894 Thread 0x00007fc99c82c800 nmethod 1920 0x000000010d04ff50 code [0x000000010d0500a0, 0x000000010d0501b0]
Event: 7.894 Thread 0x00007fc99c82c800 1921       3       java.awt.geom.AffineTransform::getScaleX (5 bytes)
Event: 7.894 Thread 0x00007fc99c82c800 nmethod 1921 0x000000010d055250 code [0x000000010d0553a0, 0x000000010d0554f0]
Event: 7.894 Thread 0x00007fc99c82c800 1922       3       sun.java2d.pipe.RenderBuffer::putFloat (26 bytes)
Event: 7.894 Thread 0x00007fc99c82c800 nmethod 1922 0x000000010d054e90 code [0x000000010d055000, 0x000000010d055190]
Event: 7.894 Thread 0x00007fc99c82c800 1923       3       sun.java2d.pipe.RenderBuffer::putInt (26 bytes)
Event: 7.894 Thread 0x00007fc99c82c800 nmethod 1923 0x000000010d054b10 code [0x000000010d054c80, 0x000000010d054df0]
Event: 7.899 Thread 0x00007fc99c821000 nmethod 1919 0x000000010d05d3d0 code [0x000000010d05d560, 0x000000010d05de98]

GC Heap History (4 events):
Event: 2.031 GC heap before
{Heap before GC invocations=1 (full 0):
 PSYoungGen      total 76288K, used 65536K [0x000000076ab00000, 0x0000000770000000, 0x00000007c0000000)
  eden space 65536K, 100% used [0x000000076ab00000,0x000000076eb00000,0x000000076eb00000)
  from space 10752K, 0% used [0x000000076f580000,0x000000076f580000,0x0000000770000000)
  to   space 10752K, 0% used [0x000000076eb00000,0x000000076eb00000,0x000000076f580000)
 ParOldGen       total 175104K, used 0K [0x00000006c0000000, 0x00000006cab00000, 0x000000076ab00000)
  object space 175104K, 0% used [0x00000006c0000000,0x00000006c0000000,0x00000006cab00000)
 Metaspace       used 18484K, capacity 18665K, committed 18944K, reserved 1067008K
  class space    used 1891K, capacity 1953K, committed 2048K, reserved 1048576K
Event: 2.039 GC heap after
Heap after GC invocations=1 (full 0):
 PSYoungGen      total 76288K, used 10742K [0x000000076ab00000, 0x0000000770000000, 0x00000007c0000000)
  eden space 65536K, 0% used [0x000000076ab00000,0x000000076ab00000,0x000000076eb00000)
  from space 10752K, 99% used [0x000000076eb00000,0x000000076f57d8f0,0x000000076f580000)
  to   space 10752K, 0% used [0x000000076f580000,0x000000076f580000,0x0000000770000000)
 ParOldGen       total 175104K, used 2618K [0x00000006c0000000, 0x00000006cab00000, 0x000000076ab00000)
  object space 175104K, 1% used [0x00000006c0000000,0x00000006c028eb80,0x00000006cab00000)
 Metaspace       used 18484K, capacity 18665K, committed 18944K, reserved 1067008K
  class space    used 1891K, capacity 1953K, committed 2048K, reserved 1048576K
}
Event: 7.864 GC heap before
{Heap before GC invocations=2 (full 0):
 PSYoungGen      total 76288K, used 76278K [0x000000076ab00000, 0x0000000770000000, 0x00000007c0000000)
  eden space 65536K, 100% used [0x000000076ab00000,0x000000076eb00000,0x000000076eb00000)
  from space 10752K, 99% used [0x000000076eb00000,0x000000076f57d8f0,0x000000076f580000)
  to   space 10752K, 0% used [0x000000076f580000,0x000000076f580000,0x0000000770000000)
 ParOldGen       total 175104K, used 2618K [0x00000006c0000000, 0x00000006cab00000, 0x000000076ab00000)
  object space 175104K, 1% used [0x00000006c0000000,0x00000006c028eb80,0x00000006cab00000)
 Metaspace       used 19106K, capacity 19321K, committed 19712K, reserved 1067008K
  class space    used 1895K, capacity 1955K, committed 2048K, reserved 1048576K
Event: 7.873 GC heap after
Heap after GC invocations=2 (full 0):
 PSYoungGen      total 76288K, used 10742K [0x000000076ab00000, 0x0000000770000000, 0x00000007c0000000)
  eden space 65536K, 0% used [0x000000076ab00000,0x000000076ab00000,0x000000076eb00000)
  from space 10752K, 99% used [0x000000076f580000,0x000000076fffd970,0x0000000770000000)
  to   space 10752K, 0% used [0x000000076eb00000,0x000000076eb00000,0x000000076f580000)
 ParOldGen       total 175104K, used 7329K [0x00000006c0000000, 0x00000006cab00000, 0x000000076ab00000)
  object space 175104K, 4% used [0x00000006c0000000,0x00000006c07286b8,0x00000006cab00000)
 Metaspace       used 19106K, capacity 19321K, committed 19712K, reserved 1067008K
  class space    used 1895K, capacity 1955K, committed 2048K, reserved 1048576K
}

Deoptimization events (5 events):
Event: 1.023 Thread 0x00007fc99c9d1000 Uncommon trap: reason=unstable_if action=reinterpret pc=0x000000010cb68f80 method=java.lang.String.toLowerCase(Ljava/util/Locale;)Ljava/lang/String; @ 85
Event: 1.174 Thread 0x00007fc99a804000 Uncommon trap: reason=unstable_if action=reinterpret pc=0x000000010cb55458 method=java.lang.String.indexOf([CII[CIII)I @ 3
Event: 1.830 Thread 0x00007fc99c9aa000 Uncommon trap: reason=unstable_if action=reinterpret pc=0x000000010cb3f35c method=java.lang.AbstractStringBuilder.append(Ljava/lang/String;)Ljava/lang/AbstractStringBuilder; @ 1
Event: 7.864 Thread 0x00007fc99c9aa000 Uncommon trap: reason=unstable_if action=reinterpret pc=0x000000010ce0fda8 method=com.jogamp.common.util.VersionNumber.compareTo(Lcom/jogamp/common/util/VersionNumber;)I @ 21
Event: 7.878 Thread 0x00007fc99b8cd800 Uncommon trap: reason=unstable_if action=reinterpret pc=0x000000010cfa8744 method=java.util.HashMap.putVal(ILjava/lang/Object;Ljava/lang/Object;ZZ)Ljava/lang/Object; @ 81

Internal exceptions (10 events):
Event: 0.109 Thread 0x00007fc99a804000 Exception <a 'java/lang/NoSuchFieldError': method resolution failed> (0x000000076ada73d8) thrown at [/Users/java_re/workspace/8-2-build-macosx-x86_64/jdk8u102/7268/hotspot/src/share/vm/prims/methodHandles.cpp, line 1146]
Event: 0.110 Thread 0x00007fc99a804000 Exception <a 'java/lang/NoSuchFieldError': method resolution failed> (0x000000076adb4ba8) thrown at [/Users/java_re/workspace/8-2-build-macosx-x86_64/jdk8u102/7268/hotspot/src/share/vm/prims/methodHandles.cpp, line 1146]
Event: 0.216 Thread 0x00007fc99a804000 Exception <a 'java/io/FileNotFoundException'> (0x000000076ae303e8) thrown at [/Users/java_re/workspace/8-2-build-macosx-x86_64/jdk8u102/7268/hotspot/src/share/vm/prims/jni.cpp, line 709]
Event: 0.217 Thread 0x00007fc99a804000 Exception <a 'java/io/FileNotFoundException'> (0x000000076ae30f68) thrown at [/Users/java_re/workspace/8-2-build-macosx-x86_64/jdk8u102/7268/hotspot/src/share/vm/prims/jni.cpp, line 709]
Event: 0.295 Thread 0x00007fc99a804000 Exception <a 'java/io/FileNotFoundException'> (0x000000076aec5e28) thrown at [/Users/java_re/workspace/8-2-build-macosx-x86_64/jdk8u102/7268/hotspot/src/share/vm/prims/jni.cpp, line 709]
Event: 1.189 Thread 0x00007fc99a804000 Exception <a 'java/lang/UnsatisfiedLinkError': com.jogamp.common.util.JarUtil.fixNativeLibAttribs(Ljava/lang/String;)Z> (0x000000076c62e548) thrown at [/Users/java_re/workspace/8-2-build-macosx-x86_64/jdk8u102/7268/hotspot/src/share/vm/prims/nativeLookup.
Event: 1.830 Thread 0x00007fc99c9aa000 Exception <a 'java/io/FileNotFoundException'> (0x000000076d6abde0) thrown at [/Users/java_re/workspace/8-2-build-macosx-x86_64/jdk8u102/7268/hotspot/src/share/vm/prims/jni.cpp, line 709]
Event: 1.830 Thread 0x00007fc99c9aa000 Exception <a 'java/io/FileNotFoundException'> (0x000000076d6b20e0) thrown at [/Users/java_re/workspace/8-2-build-macosx-x86_64/jdk8u102/7268/hotspot/src/share/vm/prims/jni.cpp, line 709]
Event: 1.830 Thread 0x00007fc99c9aa000 Implicit null exception at 0x000000010cb3ef76 to 0x000000010cb3f345
Event: 2.041 Thread 0x00007fc99a815800 Exception <a 'java/lang/NullPointerException'> (0x000000076aeab4c0) thrown at [/Users/java_re/workspace/8-2-build-macosx-x86_64/jdk8u102/7268/hotspot/src/share/vm/interpreter/linkResolver.cpp, line 1178]

Events (10 events):
Event: 7.892 loading class jogamp/nativewindow/jawt/macosx/MacOSXJAWTWindow$1 done
Event: 7.893 loading class java/awt/LightweightDispatcher$2
Event: 7.893 loading class java/awt/LightweightDispatcher$2 done
Event: 7.893 loading class java/awt/event/AWTEventListenerProxy
Event: 7.893 loading class java/awt/event/AWTEventListenerProxy done
Event: 7.893 loading class java/awt/Toolkit$ToolkitEventMulticaster
Event: 7.893 loading class java/awt/Toolkit$ToolkitEventMulticaster done
Event: 7.893 Thread 0x00007fc99b8cd800 Thread exited: 0x00007fc99b8cd800
Event: 7.894 loading class java/awt/Window$1DisposeAction
Event: 7.894 loading class java/awt/Window$1DisposeAction done


Dynamic libraries:
0x00000000075dd000 	/System/Library/Frameworks/Cocoa.framework/Versions/A/Cocoa
0x00000000075dd000 	/System/Library/Frameworks/Security.framework/Versions/A/Security
0x00000000075dd000 	/System/Library/Frameworks/ApplicationServices.framework/Versions/A/ApplicationServices
0x00000000075dd000 	/usr/lib/libz.1.dylib
0x00000000075dd000 	/usr/lib/libSystem.B.dylib
0x00000000075dd000 	/usr/lib/libobjc.A.dylib
0x00000000075dd000 	/System/Library/Frameworks/CoreFoundation.framework/Versions/A/CoreFoundation
0x00000000075dd000 	/System/Library/Frameworks/Foundation.framework/Versions/C/Foundation
0x00000000075dd000 	/System/Library/Frameworks/AppKit.framework/Versions/C/AppKit
0x00000000075dd000 	/System/Library/Frameworks/CoreData.framework/Versions/A/CoreData
0x00000000075dd000 	/System/Library/PrivateFrameworks/RemoteViewServices.framework/Versions/A/RemoteViewServices
0x00000000075dd000 	/System/Library/PrivateFrameworks/UIFoundation.framework/Versions/A/UIFoundation
0x00000000075dd000 	/usr/lib/libScreenReader.dylib
0x00000000075dd000 	/System/Library/Frameworks/Accelerate.framework/Versions/A/Accelerate
0x00000000075dd000 	/System/Library/Frameworks/IOSurface.framework/Versions/A/IOSurface
0x00000000075dd000 	/System/Library/Frameworks/AudioToolbox.framework/Versions/A/AudioToolbox
0x00000000075dd000 	/System/Library/Frameworks/AudioUnit.framework/Versions/A/AudioUnit
0x00000000075dd000 	/System/Library/PrivateFrameworks/DataDetectorsCore.framework/Versions/A/DataDetectorsCore
0x00000000075dd000 	/System/Library/PrivateFrameworks/DesktopServicesPriv.framework/Versions/A/DesktopServicesPriv
0x00000000075dd000 	/System/Library/Frameworks/Carbon.framework/Versions/A/Frameworks/HIToolbox.framework/Versions/A/HIToolbox
0x00000000075dd000 	/System/Library/Frameworks/QuartzCore.framework/Versions/A/QuartzCore
0x00000000075dd000 	/System/Library/Frameworks/Carbon.framework/Versions/A/Frameworks/SpeechRecognition.framework/Versions/A/SpeechRecognition
0x00000000075dd000 	/usr/lib/libauto.dylib
0x00000000075dd000 	/usr/lib/libicucore.A.dylib
0x00000000075dd000 	/usr/lib/libxml2.2.dylib
0x00000000075dd000 	/System/Library/PrivateFrameworks/CoreUI.framework/Versions/A/CoreUI
0x00000000075dd000 	/System/Library/Frameworks/CoreAudio.framework/Versions/A/CoreAudio
0x00000000075dd000 	/System/Library/Frameworks/DiskArbitration.framework/Versions/A/DiskArbitration
0x00000000075dd000 	/usr/lib/liblangid.dylib
0x00000000075dd000 	/System/Library/PrivateFrameworks/MultitouchSupport.framework/Versions/A/MultitouchSupport
0x00000000075dd000 	/System/Library/Frameworks/IOKit.framework/Versions/A/IOKit
0x00000000075dd000 	/usr/lib/libDiagnosticMessagesClient.dylib
0x00000000075dd000 	/System/Library/Frameworks/CoreServices.framework/Versions/A/CoreServices
0x00000000075dd000 	/System/Library/PrivateFrameworks/PerformanceAnalysis.framework/Versions/A/PerformanceAnalysis
0x00000000075dd000 	/System/Library/PrivateFrameworks/GenerationalStorage.framework/Versions/A/GenerationalStorage
0x00000000075dd000 	/System/Library/Frameworks/OpenGL.framework/Versions/A/OpenGL
0x00000000075dd000 	/System/Library/PrivateFrameworks/Sharing.framework/Versions/A/Sharing
0x00000000075dd000 	/System/Library/Frameworks/CoreGraphics.framework/Versions/A/CoreGraphics
0x00000000075dd000 	/System/Library/Frameworks/CoreImage.framework/Versions/A/CoreImage
0x00000000075dd000 	/System/Library/Frameworks/CoreText.framework/Versions/A/CoreText
0x00000000075dd000 	/System/Library/Frameworks/ImageIO.framework/Versions/A/ImageIO
0x00000000075dd000 	/System/Library/PrivateFrameworks/Backup.framework/Versions/A/Backup
0x00000000075dd000 	/usr/lib/libextension.dylib
0x00000000075dd000 	/usr/lib/libarchive.2.dylib
0x00000000075dd000 	/System/Library/Frameworks/CFNetwork.framework/Versions/A/CFNetwork
0x00000000075dd000 	/System/Library/Frameworks/SystemConfiguration.framework/Versions/A/SystemConfiguration
0x00000000075dd000 	/usr/lib/libCRFSuite.dylib
0x00000000075dd000 	/usr/lib/libc++.1.dylib
0x00000000075dd000 	/usr/lib/libc++abi.dylib
0x00000000075dd000 	/usr/lib/system/libcache.dylib
0x00000000075dd000 	/usr/lib/system/libcommonCrypto.dylib
0x00000000075dd000 	/usr/lib/system/libcompiler_rt.dylib
0x00000000075dd000 	/usr/lib/system/libcopyfile.dylib
0x00000000075dd000 	/usr/lib/system/libcorecrypto.dylib
0x00000000075dd000 	/usr/lib/system/libdispatch.dylib
0x00000000075dd000 	/usr/lib/system/libdyld.dylib
0x00000000075dd000 	/usr/lib/system/libkeymgr.dylib
0x00000000075dd000 	/usr/lib/system/liblaunch.dylib
0x00000000075dd000 	/usr/lib/system/libmacho.dylib
0x00000000075dd000 	/usr/lib/system/libquarantine.dylib
0x00000000075dd000 	/usr/lib/system/libremovefile.dylib
0x00000000075dd000 	/usr/lib/system/libsystem_asl.dylib
0x00000000075dd000 	/usr/lib/system/libsystem_blocks.dylib
0x00000000075dd000 	/usr/lib/system/libsystem_c.dylib
0x00000000075dd000 	/usr/lib/system/libsystem_configuration.dylib
0x00000000075dd000 	/usr/lib/system/libsystem_coreservices.dylib
0x00000000075dd000 	/usr/lib/system/libsystem_coretls.dylib
0x00000000075dd000 	/usr/lib/system/libsystem_dnssd.dylib
0x00000000075dd000 	/usr/lib/system/libsystem_info.dylib
0x00000000075dd000 	/usr/lib/system/libsystem_kernel.dylib
0x00000000075dd000 	/usr/lib/system/libsystem_m.dylib
0x00000000075dd000 	/usr/lib/system/libsystem_malloc.dylib
0x00000000075dd000 	/usr/lib/system/libsystem_network.dylib
0x00000000075dd000 	/usr/lib/system/libsystem_networkextension.dylib
0x00000000075dd000 	/usr/lib/system/libsystem_notify.dylib
0x00000000075dd000 	/usr/lib/system/libsystem_platform.dylib
0x00000000075dd000 	/usr/lib/system/libsystem_pthread.dylib
0x00000000075dd000 	/usr/lib/system/libsystem_sandbox.dylib
0x00000000075dd000 	/usr/lib/system/libsystem_secinit.dylib
0x00000000075dd000 	/usr/lib/system/libsystem_trace.dylib
0x00000000075dd000 	/usr/lib/system/libunc.dylib
0x00000000075dd000 	/usr/lib/system/libunwind.dylib
0x00000000075dd000 	/usr/lib/system/libxpc.dylib
0x00000000075dd000 	/usr/lib/libenergytrace.dylib
0x00000000075dd000 	/usr/lib/libbsm.0.dylib
0x00000000075dd000 	/usr/lib/system/libkxld.dylib
0x00000000075dd000 	/usr/lib/libxar.1.dylib
0x00000000075dd000 	/usr/lib/libsqlite3.dylib
0x00000000075dd000 	/usr/lib/libpam.2.dylib
0x00000000075dd000 	/usr/lib/libOpenScriptingUtil.dylib
0x00000000075dd000 	/usr/lib/libbz2.1.0.dylib
0x00000000075dd000 	/usr/lib/liblzma.5.dylib
0x00000000075dd000 	/System/Library/Frameworks/CoreServices.framework/Versions/A/Frameworks/FSEvents.framework/Versions/A/FSEvents
0x00000000075dd000 	/System/Library/Frameworks/CoreServices.framework/Versions/A/Frameworks/CarbonCore.framework/Versions/A/CarbonCore
0x00000000075dd000 	/System/Library/Frameworks/CoreServices.framework/Versions/A/Frameworks/Metadata.framework/Versions/A/Metadata
0x00000000075dd000 	/System/Library/Frameworks/CoreServices.framework/Versions/A/Frameworks/OSServices.framework/Versions/A/OSServices
0x00000000075dd000 	/System/Library/Frameworks/CoreServices.framework/Versions/A/Frameworks/SearchKit.framework/Versions/A/SearchKit
0x00000000075dd000 	/System/Library/Frameworks/CoreServices.framework/Versions/A/Frameworks/AE.framework/Versions/A/AE
0x00000000075dd000 	/System/Library/Frameworks/CoreServices.framework/Versions/A/Frameworks/LaunchServices.framework/Versions/A/LaunchServices
0x00000000075dd000 	/System/Library/Frameworks/CoreServices.framework/Versions/A/Frameworks/DictionaryServices.framework/Versions/A/DictionaryServices
0x00000000075dd000 	/System/Library/Frameworks/CoreServices.framework/Versions/A/Frameworks/SharedFileList.framework/Versions/A/SharedFileList
0x00000000075dd000 	/System/Library/Frameworks/NetFS.framework/Versions/A/NetFS
0x00000000075dd000 	/System/Library/PrivateFrameworks/NetAuth.framework/Versions/A/NetAuth
0x00000000075dd000 	/System/Library/PrivateFrameworks/login.framework/Versions/A/Frameworks/loginsupport.framework/Versions/A/loginsupport
0x00000000075dd000 	/System/Library/PrivateFrameworks/TCC.framework/Versions/A/TCC
0x00000000075dd000 	/usr/lib/libmecabra.dylib
0x00000000075dd000 	/System/Library/Frameworks/ApplicationServices.framework/Versions/A/Frameworks/ATS.framework/Versions/A/ATS
0x00000000075dd000 	/System/Library/Frameworks/ApplicationServices.framework/Versions/A/Frameworks/ColorSync.framework/Versions/A/ColorSync
0x00000000075dd000 	/System/Library/Frameworks/ApplicationServices.framework/Versions/A/Frameworks/HIServices.framework/Versions/A/HIServices
0x00000000075dd000 	/System/Library/Frameworks/ApplicationServices.framework/Versions/A/Frameworks/LangAnalysis.framework/Versions/A/LangAnalysis
0x00000000075dd000 	/System/Library/Frameworks/ApplicationServices.framework/Versions/A/Frameworks/PrintCore.framework/Versions/A/PrintCore
0x00000000075dd000 	/System/Library/Frameworks/ApplicationServices.framework/Versions/A/Frameworks/QD.framework/Versions/A/QD
0x00000000075dd000 	/System/Library/Frameworks/ApplicationServices.framework/Versions/A/Frameworks/SpeechSynthesis.framework/Versions/A/SpeechSynthesis
0x00000000075dd000 	/System/Library/Frameworks/Metal.framework/Versions/A/Metal
0x00000000075dd000 	/System/Library/Frameworks/Accelerate.framework/Versions/A/Frameworks/vImage.framework/Versions/A/vImage
0x00000000075dd000 	/System/Library/Frameworks/Accelerate.framework/Versions/A/Frameworks/vecLib.framework/Versions/A/vecLib
0x00000000075dd000 	/System/Library/Frameworks/Accelerate.framework/Versions/A/Frameworks/vecLib.framework/Versions/A/libvDSP.dylib
0x00000000075dd000 	/System/Library/Frameworks/Accelerate.framework/Versions/A/Frameworks/vecLib.framework/Versions/A/libvMisc.dylib
0x00000000075dd000 	/System/Library/Frameworks/Accelerate.framework/Versions/A/Frameworks/vecLib.framework/Versions/A/libLAPACK.dylib
0x00000000075dd000 	/System/Library/Frameworks/Accelerate.framework/Versions/A/Frameworks/vecLib.framework/Versions/A/libBLAS.dylib
0x00000000075dd000 	/System/Library/Frameworks/Accelerate.framework/Versions/A/Frameworks/vecLib.framework/Versions/A/libLinearAlgebra.dylib
0x00000000075dd000 	/System/Library/Frameworks/Accelerate.framework/Versions/A/Frameworks/vecLib.framework/Versions/A/libSparseBLAS.dylib
0x00000000075dd000 	/System/Library/PrivateFrameworks/GPUCompiler.framework/libmetal_timestamp.dylib
0x00000000075dd000 	/System/Library/Frameworks/OpenGL.framework/Versions/A/Libraries/libCoreFSCache.dylib
0x00000000075dd000 	/System/Library/PrivateFrameworks/IOAccelerator.framework/Versions/A/IOAccelerator
0x00000000075dd000 	/System/Library/Frameworks/ApplicationServices.framework/Versions/A/Frameworks/ATS.framework/Versions/A/Resources/libFontParser.dylib
0x00000000075dd000 	/System/Library/Frameworks/ApplicationServices.framework/Versions/A/Frameworks/ATS.framework/Versions/A/Resources/libFontRegistry.dylib
0x00000000075dd000 	/System/Library/PrivateFrameworks/AppleVPA.framework/Versions/A/AppleVPA
0x00000000075dd000 	/System/Library/PrivateFrameworks/AppleJPEG.framework/Versions/A/AppleJPEG
0x00000000075dd000 	/System/Library/Frameworks/ImageIO.framework/Versions/A/Resources/libJPEG.dylib
0x00000000075dd000 	/System/Library/Frameworks/ImageIO.framework/Versions/A/Resources/libTIFF.dylib
0x00000000075dd000 	/System/Library/Frameworks/ImageIO.framework/Versions/A/Resources/libPng.dylib
0x00000000075dd000 	/System/Library/Frameworks/ImageIO.framework/Versions/A/Resources/libGIF.dylib
0x00000000075dd000 	/System/Library/Frameworks/ImageIO.framework/Versions/A/Resources/libJP2.dylib
0x00000000075dd000 	/System/Library/Frameworks/ImageIO.framework/Versions/A/Resources/libRadiance.dylib
0x00000000075dd000 	/System/Library/Frameworks/CoreVideo.framework/Versions/A/CoreVideo
0x00000000075dd000 	/System/Library/Frameworks/OpenGL.framework/Versions/A/Libraries/libGLU.dylib
0x00000000075dd000 	/System/Library/Frameworks/OpenGL.framework/Versions/A/Libraries/libGFXShared.dylib
0x00000000075dd000 	/System/Library/Frameworks/OpenGL.framework/Versions/A/Libraries/libGL.dylib
0x00000000075dd000 	/System/Library/Frameworks/OpenGL.framework/Versions/A/Libraries/libGLImage.dylib
0x00000000075dd000 	/System/Library/Frameworks/OpenGL.framework/Versions/A/Libraries/libCVMSPluginSupport.dylib
0x00000000075dd000 	/System/Library/Frameworks/OpenGL.framework/Versions/A/Libraries/libCoreVMClient.dylib
0x00000000075dd000 	/usr/lib/libcompression.dylib
0x00000000075dd000 	/usr/lib/libcups.2.dylib
0x00000000075dd000 	/System/Library/Frameworks/Kerberos.framework/Versions/A/Kerberos
0x00000000075dd000 	/System/Library/Frameworks/GSS.framework/Versions/A/GSS
0x00000000075dd000 	/usr/lib/libresolv.9.dylib
0x00000000075dd000 	/usr/lib/libiconv.2.dylib
0x00000000075dd000 	/System/Library/PrivateFrameworks/Heimdal.framework/Versions/A/Heimdal
0x00000000075dd000 	/usr/lib/libheimdal-asn1.dylib
0x00000000075dd000 	/System/Library/Frameworks/OpenDirectory.framework/Versions/A/OpenDirectory
0x00000000075dd000 	/System/Library/PrivateFrameworks/CommonAuth.framework/Versions/A/CommonAuth
0x00000000075dd000 	/System/Library/Frameworks/OpenDirectory.framework/Versions/A/Frameworks/CFOpenDirectory.framework/Versions/A/CFOpenDirectory
0x00000000075dd000 	/System/Library/Frameworks/SecurityFoundation.framework/Versions/A/SecurityFoundation
0x00000000075dd000 	/System/Library/PrivateFrameworks/LanguageModeling.framework/Versions/A/LanguageModeling
0x00000000075dd000 	/usr/lib/libmarisa.dylib
0x00000000075dd000 	/usr/lib/libChineseTokenizer.dylib
0x00000000075dd000 	/usr/lib/libcmph.dylib
0x00000000075dd000 	/System/Library/Frameworks/ServiceManagement.framework/Versions/A/ServiceManagement
0x00000000075dd000 	/usr/lib/libxslt.1.dylib
0x00000000075dd000 	/System/Library/Frameworks/Carbon.framework/Versions/A/Frameworks/Ink.framework/Versions/A/Ink
0x00000000075dd000 	/usr/lib/libFosl_dynamic.dylib
0x00000000075dd000 	/System/Library/PrivateFrameworks/FaceCore.framework/Versions/A/FaceCore
0x00000000075dd000 	/System/Library/Frameworks/OpenCL.framework/Versions/A/OpenCL
0x00000000075dd000 	/System/Library/PrivateFrameworks/CrashReporterSupport.framework/Versions/A/CrashReporterSupport
0x00000000075dd000 	/System/Library/PrivateFrameworks/IconServices.framework/Versions/A/IconServices
0x00000000075dd000 	/System/Library/PrivateFrameworks/Apple80211.framework/Versions/A/Apple80211
0x00000000075dd000 	/System/Library/Frameworks/CoreWLAN.framework/Versions/A/CoreWLAN
0x00000000075dd000 	/System/Library/Frameworks/IOBluetooth.framework/Versions/A/IOBluetooth
0x00000000075dd000 	/System/Library/PrivateFrameworks/CoreWiFi.framework/Versions/A/CoreWiFi
0x00000000075dd000 	/System/Library/Frameworks/CoreBluetooth.framework/Versions/A/CoreBluetooth
0x00000000075dd000 	/System/Library/PrivateFrameworks/ChunkingLibrary.framework/Versions/A/ChunkingLibrary
0x00000000075dd000 	/System/Library/PrivateFrameworks/DebugSymbols.framework/Versions/A/DebugSymbols
0x00000000075dd000 	/System/Library/PrivateFrameworks/CoreSymbolication.framework/Versions/A/CoreSymbolication
0x00000000075dd000 	/System/Library/PrivateFrameworks/Symbolication.framework/Versions/A/Symbolication
0x00000000075dd000 	/System/Library/PrivateFrameworks/SpeechRecognitionCore.framework/Versions/A/SpeechRecognitionCore
0x000000010ba00000 	/Library/Java/JavaVirtualMachines/jdk1.8.0_102.jdk/Contents/Home/jre/lib/server/libjvm.dylib
0x00000000075dd000 	/usr/lib/libstdc++.6.dylib
0x000000010a832000 	/Library/Java/JavaVirtualMachines/jdk1.8.0_102.jdk/Contents/Home/jre/lib/libverify.dylib
0x000000010a840000 	/Library/Java/JavaVirtualMachines/jdk1.8.0_102.jdk/Contents/Home/jre/lib/libjava.dylib
0x000000010a87f000 	/Library/Java/JavaVirtualMachines/jdk1.8.0_102.jdk/Contents/Home/jre/lib/libzip.dylib
0x00000001278ee000 	/System/Library/Frameworks/JavaVM.framework/Frameworks/JavaRuntimeSupport.framework/JavaRuntimeSupport
0x0000000127909000 	/System/Library/Frameworks/JavaVM.framework/Versions/A/Frameworks/JavaNativeFoundation.framework/Versions/A/JavaNativeFoundation
0x000000010a9f2000 	/System/Library/Frameworks/JavaVM.framework/Versions/A/JavaVM
0x00000000075dd000 	/System/Library/Frameworks/Carbon.framework/Versions/A/Carbon
0x000000012791e000 	/System/Library/PrivateFrameworks/JavaLaunching.framework/Versions/A/JavaLaunching
0x00000000075dd000 	/System/Library/Frameworks/Carbon.framework/Versions/A/Frameworks/CommonPanels.framework/Versions/A/CommonPanels
0x00000000075dd000 	/System/Library/Frameworks/Carbon.framework/Versions/A/Frameworks/Help.framework/Versions/A/Help
0x00000000075dd000 	/System/Library/Frameworks/Carbon.framework/Versions/A/Frameworks/ImageCapture.framework/Versions/A/ImageCapture
0x00000000075dd000 	/System/Library/Frameworks/Carbon.framework/Versions/A/Frameworks/OpenScripting.framework/Versions/A/OpenScripting
0x00000000075dd000 	/System/Library/Frameworks/Carbon.framework/Versions/A/Frameworks/Print.framework/Versions/A/Print
0x00000000075dd000 	/System/Library/Frameworks/Carbon.framework/Versions/A/Frameworks/SecurityHI.framework/Versions/A/SecurityHI
0x0000000129242000 	/Library/Java/JavaVirtualMachines/jdk1.8.0_102.jdk/Contents/Home/jre/lib/libawt.dylib
0x00000001292ea000 	/Library/Java/JavaVirtualMachines/jdk1.8.0_102.jdk/Contents/Home/jre/lib/./libmlib_image.dylib
0x00000001293b6000 	/Library/Java/JavaVirtualMachines/jdk1.8.0_102.jdk/Contents/Home/jre/lib/libawt_lwawt.dylib
0x000000012946b000 	/Library/Java/JavaVirtualMachines/jdk1.8.0_102.jdk/Contents/Home/jre/lib/./libosxapp.dylib
0x00000000075dd000 	/System/Library/Frameworks/ExceptionHandling.framework/Versions/A/ExceptionHandling
0x00000000075dd000 	/System/Library/PrivateFrameworks/CoreServicesInternal.framework/Versions/A/CoreServicesInternal
0x00000000075dd000 	/System/Library/Frameworks/CoreGraphics.framework/Versions/A/Resources/libRIP.A.dylib
0x00000000075dd000 	/System/Library/Frameworks/Accelerate.framework/Versions/A/Frameworks/vImage.framework/Versions/A/Libraries/libCGInterfaces.dylib
0x00000000075dd000 	/System/Library/Frameworks/CoreGraphics.framework/Versions/A/Resources/libCGXType.A.dylib
0x00000000075dd000 	/System/Library/Frameworks/OpenCL.framework/Versions/A/Libraries/libcldcpuengine.dylib
0x00000000075dd000 	/System/Library/PrivateFrameworks/DiskImages.framework/Versions/A/DiskImages
0x00000000075dd000 	/System/Library/Frameworks/DiscRecording.framework/Versions/A/DiscRecording
0x00000000075dd000 	/usr/lib/libcsfde.dylib
0x00000000075dd000 	/usr/lib/libcurl.4.dylib
0x00000000075dd000 	/System/Library/PrivateFrameworks/MediaKit.framework/Versions/A/MediaKit
0x00000000075dd000 	/System/Library/PrivateFrameworks/ProtectedCloudStorage.framework/Versions/A/ProtectedCloudStorage
0x00000000075dd000 	/usr/lib/libCoreStorage.dylib
0x00000000075dd000 	/System/Library/PrivateFrameworks/EFILogin.framework/Versions/A/EFILogin
0x00000000075dd000 	/usr/lib/libutil.dylib
0x00000000075dd000 	/System/Library/PrivateFrameworks/FindMyDevice.framework/Versions/A/FindMyDevice
0x00000000075dd000 	/System/Library/Frameworks/LDAP.framework/Versions/A/LDAP
0x00000000075dd000 	/usr/lib/libsasl2.2.dylib
0x00000000075dd000 	/System/Library/PrivateFrameworks/CoreDaemon.framework/Versions/B/CoreDaemon
0x00000000075dd000 	/usr/lib/libcrypto.0.9.8.dylib
0x00000000075dd000 	/System/Library/PrivateFrameworks/AppleSRP.framework/Versions/A/AppleSRP
0x00000000075dd000 	/System/Library/PrivateFrameworks/TrustEvaluationAgent.framework/Versions/A/TrustEvaluationAgent
0x0000000129fc1000 	cl_kernels
0x00000000075dd000 	/System/Library/Frameworks/OpenCL.framework/Versions/A/Libraries/ImageFormats/unorm8_bgra.dylib
0x00000000075dd000 	/System/Library/Frameworks/OpenCL.framework/Versions/A/Libraries/ImageFormats/unorm8_rgba.dylib
0x00000000075dd000 	/System/Library/PrivateFrameworks/FamilyControls.framework/Versions/A/FamilyControls
0x00000000075dd000 	/System/Library/PrivateFrameworks/CommerceKit.framework/Versions/A/Frameworks/CommerceCore.framework/Versions/A/CommerceCore
0x00000000075dd000 	/System/Library/PrivateFrameworks/SystemAdministration.framework/Versions/A/SystemAdministration
0x00000000075dd000 	/System/Library/PrivateFrameworks/AppContainer.framework/Versions/A/AppContainer
0x00000000075dd000 	/System/Library/PrivateFrameworks/SecCodeWrapper.framework/Versions/A/SecCodeWrapper
0x00000000075dd000 	/System/Library/Frameworks/DirectoryService.framework/Versions/A/DirectoryService
0x00000000075dd000 	/System/Library/PrivateFrameworks/LoginUIKit.framework/Versions/A/Frameworks/LoginUICore.framework/Versions/A/LoginUICore
0x00000000075dd000 	/usr/lib/libodfde.dylib
0x00000000075dd000 	/System/Library/Frameworks/OpenGL.framework/Versions/A/Resources/GLEngine.bundle/GLEngine
0x00000000075dd000 	/System/Library/Frameworks/OpenGL.framework/Versions/A/Libraries/libGLProgrammability.dylib
0x000000012c1c5000 	/System/Library/Extensions/AppleIntelHD5000GraphicsGLDriver.bundle/Contents/MacOS/AppleIntelHD5000GraphicsGLDriver
0x00000000075dd000 	/System/Library/PrivateFrameworks/GPUSupport.framework/Versions/A/Libraries/libGPUSupportMercury.dylib
0x00000000075dd000 	/System/Library/Extensions/GeForceGLDriver.bundle/Contents/MacOS/GeForceGLDriver
0x00000000075dd000 	/System/Library/Extensions/GeForceGLDriver.bundle/Contents/MacOS/libclh.dylib
0x00000000075dd000 	/System/Library/Frameworks/OpenGL.framework/Versions/A/Resources/GLRendererFloat.bundle/GLRendererFloat
0x000000012d1bb000 	/Library/Java/JavaVirtualMachines/jdk1.8.0_102.jdk/Contents/Home/jre/lib/libfontmanager.dylib
0x000000012f324000 	/Library/Java/JavaVirtualMachines/jdk1.8.0_102.jdk/Contents/Home/jre/lib/libosxui.dylib
0x0000000130002000 	/Library/Java/JavaVirtualMachines/jdk1.8.0_102.jdk/Contents/Home/jre/lib/libnet.dylib
0x000000012fe16000 	/Library/Java/JavaVirtualMachines/jdk1.8.0_102.jdk/Contents/Home/jre/lib/libnio.dylib
0x00000000075dd000 	/System/Library/Frameworks/ApplicationServices.framework/Versions/A/Frameworks/ATS.framework/Versions/A/Resources/libTrueTypeScaler.dylib
0x00000001811ee000 	/System/Library/Extensions/GeForceMTLDriver.bundle/Contents/MacOS/GeForceMTLDriver
0x0000000181332000 	/System/Library/Extensions/AppleIntelHD5000GraphicsMTLDriver.bundle/Contents/MacOS/AppleIntelHD5000GraphicsMTLDriver
0x0000000181142000 	/private/var/folders/s0/99ys_lw53gq1_m9t_wd8qrhh0000gv/T/jogamp_0000/file_cache/jln5834305652380829316/jln8283863043671007451/libgluegen-rt.jnilib
0x0000000181146000 	/private/var/folders/s0/99ys_lw53gq1_m9t_wd8qrhh0000gv/T/jogamp_0000/file_cache/jln5834305652380829316/jln8283863043671007451/libnativewindow_awt.jnilib
0x0000000181149000 	/Library/Java/JavaVirtualMachines/jdk1.8.0_102.jdk/Contents/Home/jre/lib/libjawt.dylib
0x000000018114c000 	/private/var/folders/s0/99ys_lw53gq1_m9t_wd8qrhh0000gv/T/jogamp_0000/file_cache/jln5834305652380829316/jln8283863043671007451/libnativewindow_macosx.jnilib
0x0000000186563000 	/private/var/folders/s0/99ys_lw53gq1_m9t_wd8qrhh0000gv/T/jogamp_0000/file_cache/jln5834305652380829316/jln8283863043671007451/libjogl_desktop.jnilib
0x0000000189618000 	/Library/Java/JavaVirtualMachines/jdk1.8.0_102.jdk/Contents/Home/jre/lib/libjpeg.dylib

VM Arguments:
jvm_args: -Djava.security.policy=java.policy.applet -Dfile.encoding=UTF-8 
java_command: sun.applet.AppletViewer module1.HelloWorld1483625666601.html
java_class_path (initial): /Users/giuseppe/Documents/workspace/UCSDUnfoldingMaps/build:/Users/giuseppe/Documents/workspace/UCSDUnfoldingMaps/lib/core.jar:/Users/giuseppe/Documents/workspace/UCSDUnfoldingMaps/lib/gluegen-rt.jar:/Users/giuseppe/Documents/workspace/UCSDUnfoldingMaps/lib/jogl-all.jar:/Users/giuseppe/Documents/workspace/UCSDUnfoldingMaps/lib/log4j-1.2.15.jar:/Users/giuseppe/Documents/workspace/UCSDUnfoldingMaps/lib/sqlite-jdbc-3.7.2.jar:/Users/giuseppe/Documents/workspace/UCSDUnfoldingMaps/lib/json4processing.jar:/Users/giuseppe/Documents/workspace/UCSDUnfoldingMaps/lib/libTUIO.jar:/Users/giuseppe/Documents/workspace/UCSDUnfoldingMaps/lib/unfolding.0.9.7-uscd.jar
Launcher Type: SUN_STANDARD

Environment Variables:
PATH=/usr/bin:/bin:/usr/sbin:/sbin
SHELL=/bin/bash
DISPLAY=/private/tmp/com.apple.launchd.vYoQ6Lg394/org.macosforge.xquartz:0

Signal Handlers:
SIGSEGV: [libjvm.dylib+0x5b0579], sa_mask[0]=11111111011111110111111111111111, sa_flags=SA_ONSTACK|SA_RESTART|SA_SIGINFO
SIGBUS: [libjvm.dylib+0x5b0579], sa_mask[0]=11111111011111110111111111111111, sa_flags=SA_RESTART|SA_SIGINFO
SIGFPE: [libjvm.dylib+0x4874e4], sa_mask[0]=11111111011111110111111111111111, sa_flags=SA_RESTART|SA_SIGINFO
SIGPIPE: [libjvm.dylib+0x4874e4], sa_mask[0]=11111111011111110111111111111111, sa_flags=SA_RESTART|SA_SIGINFO
SIGXFSZ: [libjvm.dylib+0x4874e4], sa_mask[0]=11111111011111110111111111111111, sa_flags=SA_RESTART|SA_SIGINFO
SIGILL: [libjvm.dylib+0x4874e4], sa_mask[0]=11111111011111110111111111111111, sa_flags=SA_RESTART|SA_SIGINFO
SIGUSR1: SIG_DFL, sa_mask[0]=00000000000000000000000000000000, sa_flags=none
SIGUSR2: [libjvm.dylib+0x487002], sa_mask[0]=00100000000000000000000000000000, sa_flags=SA_RESTART|SA_SIGINFO
SIGHUP: [libjvm.dylib+0x4855d9], sa_mask[0]=11111111011111110111111111111111, sa_flags=SA_RESTART|SA_SIGINFO
SIGINT: [libjvm.dylib+0x4855d9], sa_mask[0]=11111111011111110111111111111111, sa_flags=SA_RESTART|SA_SIGINFO
SIGTERM: [libjvm.dylib+0x4855d9], sa_mask[0]=11111111011111110111111111111111, sa_flags=SA_RESTART|SA_SIGINFO
SIGQUIT: [libjvm.dylib+0x4855d9], sa_mask[0]=11111111011111110111111111111111, sa_flags=SA_RESTART|SA_SIGINFO


---------------  S Y S T E M  ---------------

OS:Bsduname:Darwin 15.5.0 Darwin Kernel Version 15.5.0: Tue Apr 19 18:36:36 PDT 2016; root:xnu-3248.50.21~8/RELEASE_X86_64 x86_64
rlimit: STACK 8192k, CORE 0k, NPROC 709, NOFILE 10240, AS infinity
load average:1.80 1.89 1.87

CPU:total 8 (4 cores per cpu, 2 threads per core) family 6 model 70 stepping 1, cmov, cx8, fxsr, mmx, sse, sse2, sse3, ssse3, sse4.1, sse4.2, popcnt, avx, avx2, aes, clmul, erms, rtm, lzcnt, ht, tsc, tscinvbit, bmi1, bmi2

Memory: 4k page, physical 16777216k(341864k free)

/proc/meminfo:


vm_info: Java HotSpot(TM) 64-Bit Server VM (25.102-b14) for bsd-amd64 JRE (1.8.0_102-b14), built on Jun 22 2016 11:42:36 by "java_re" with gcc 4.2.1 (Based on Apple Inc. build 5658) (LLVM build 2336.11.00)

time: Thu Jan  5 15:14:34 2017
elapsed time: 7 seconds (0d 0h 0m 7s)

